<?xml version="1.0" encoding="UTF-8"?>
<robot generator="Robot 7.4.2 (Python 3.12.3 on linux)" generated="2026-05-24T12:13:05.296648" rpa="false" schemaversion="5">
<suite id="s1" name="Tests" source="/home/runner/work/poke-robot/poke-robot/tests">
<suite id="s1-s1" name="Cross-Endpoint" source="/home/runner/work/poke-robot/poke-robot/tests/cross-endpoint">
<suite id="s1-s1-s1" name="Cross-Endpoint" source="/home/runner/work/poke-robot/poke-robot/tests/cross-endpoint/cross-endpoint.robot">
<kw name="Create PokeAPI Session" owner="common" type="SETUP">
<kw name="Create Session" owner="RequestsLibrary">
<msg time="2026-05-24T12:13:05.722881" level="INFO">Creating Session using : alias=pokeapi, url=https://pokeapi.co, headers={},                     cookies={}, auth=None, timeout=10, proxies=None, verify=True,                     debug=0 </msg>
<arg>pokeapi</arg>
<arg>${BASE_URL}</arg>
<arg>timeout=${TIMEOUT}</arg>
<arg>verify=true</arg>
<doc>Create Session: create a HTTP session to a server</doc>
<status status="PASS" start="2026-05-24T12:13:05.722601" elapsed="0.000458"/>
</kw>
<doc>Creates a HTTP session the pokemon API.</doc>
<status status="PASS" start="2026-05-24T12:13:05.722147" elapsed="0.000987"/>
</kw>
<test id="s1-s1-s1-t1" name="Verify Charizard Cross-Endpoints" line="17">
<kw name="Get Pokemon By Name" owner="pokemon_keywords">
<kw name="GET On Session" owner="RequestsLibrary">
<msg time="2026-05-24T12:13:05.784608" level="INFO">GET Request : url=https://pokeapi.co/api/v2/pokemon/charizard 
 path_url=/api/v2/pokemon/charizard 
 headers={'User-Agent': 'python-requests/2.34.2', 'Accept-Encoding': 'gzip, deflate', 'Accept': '*/*', 'Connection': 'keep-alive'} 
 body=None 
 </msg>
<msg time="2026-05-24T12:13:05.784939" level="INFO">GET Response : url=https://pokeapi.co/api/v2/pokemon/charizard 
 status=200, reason=OK 
 headers={'Date': 'Sun, 24 May 2026 12:13:05 GMT', 'Content-Type': 'application/json; charset=utf-8', 'Transfer-Encoding': 'chunked', 'Connection': 'keep-alive', 'Access-Control-Allow-Origin': '*', 'cache-control': 'public, max-age=86400, s-maxage=86400', 'Report-To': '{"group":"cf-nel","max_age":604800,"endpoints":[{"url":"https://a.nel.cloudflare.com/report/v4?s=kZj7MJhtftwCa5%2FbzHflLy0LvWbk3xOpItsm7JGp42ckj9CteXKZh6sjZ%2FqNxbhMwYxKDzRI5P11ads9YcA%2FPMT8oQbLpObDxv5DOAHPn4tNkMQ2gLid2rMbaPOs"}]}', 'etag': 'W/"53ed6-m36a/EoiEtbnNH+8LiR2efYHy+U"', 'function-execution-id': 'y2bb13oht7yt', 'Server': 'cloudflare', 'strict-transport-security': 'max-age=31556926', 'x-cloud-trace-context': '9646e5f51d5606e22ec8038ba93ca04f', 'x-country-code': 'US', 'x-orig-accept-language': 'en-US,en;q=0.9', 'x-powered-by': 'Express', 'x-served-by': 'cache-lga21949-LGA', 'x-cache': 'HIT', 'x-cache-hits': '0', 'x-timer': 'S1769778785.203532,VS0,VE1', 'vary': 'Accept-Encoding,cookie,need-authorization, x-fh-requested-host, accept-encoding', 'alt-svc': 'h3=":443"; ma=86400', 'Nel': '{"report_to":"cf-nel","success_fraction":0.0,"max_age":604800}', 'Age': '8258', 'cf-cache-status': 'HIT', 'Content-Encoding': 'gzip', 'CF-RAY': 'a00c365f1ce58c9d-IAD'} 
 body={"abilities":[{"ability":{"name":"blaze","url":"https://pokeapi.co/api/v2/ability/66/"},"is_hidden":false,"slot":1},{"ability":{"name":"solar-power","url":"https://pokeapi.co/api/v2/ability/94/"},"is_hidden":true,"slot":3}],"base_experience":240,"cries":{"latest":"https://raw.githubusercontent.com/PokeAPI/cries/main/cries/pokemon/latest/6.ogg","legacy":"https://raw.githubusercontent.com/PokeAPI/cries/main/cries/pokemon/legacy/6.ogg"},"forms":[{"name":"charizard","url":"https://pokeapi.co/api/v2/pokemon-form/6/"}],"game_indices":[{"game_index":180,"version":{"name":"red","url":"https://pokeapi.co/api/v2/version/1/"}},{"game_index":180,"version":{"name":"blue","url":"https://pokeapi.co/api/v2/version/2/"}},{"game_index":180,"version":{"name":"yellow","url":"https://pokeapi.co/api/v2/version/3/"}},{"game_index":6,"version":{"name":"gold","url":"https://pokeapi.co/api/v2/version/4/"}},{"game_index":6,"version":{"name":"silver","url":"https://pokeapi.co/api/v2/version/5/"}},{"game_index":6,"version":{"name":"crystal","url":"https://pokeapi.co/api/v2/version/6/"}},{"game_index":6,"version":{"name":"ruby","url":"https://pokeapi.co/api/v2/version/7/"}},{"game_index":6,"version":{"name":"sapphire","url":"https://pokeapi.co/api/v2/version/8/"}},{"game_index":6,"version":{"name":"emerald","url":"https://pokeapi.co/api/v2/version/9/"}},{"game_index":6,"version":{"name":"firered","url":"https://pokeapi.co/api/v2/version/10/"}},{"game_index":6,"version":{"name":"leafgreen","url":"https://pokeapi.co/api/v2/version/11/"}},{"game_index":6,"version":{"name":"diamond","url":"https://pokeapi.co/api/v2/version/12/"}},{"game_index":6,"version":{"name":"pearl","url":"https://pokeapi.co/api/v2/version/13/"}},{"game_index":6,"version":{"name":"platinum","url":"https://pokeapi.co/api/v2/version/14/"}},{"game_index":6,"version":{"name":"heartgold","url":"https://pokeapi.co/api/v2/version/15/"}},{"game_index":6,"version":{"name":"soulsilver","url":"https://pokeapi.co/api/v2/version/16/"}},{"game_index":6,"version":{"name":"black","url":"https://pokeapi.co/api/v2/version/17/"}},{"game_index":6,"version":{"name":"white","url":"https://pokeapi.co/api/v2/version/18/"}},{"game_index":6,"version":{"name":"black-2","url":"https://pokeapi.co/api/v2/version/21/"}},{"game_index":6,"version":{"name":"white-2","url":"https://pokeapi.co/api/v2/version/22/"}}],"height":17,"held_items":[],"id":6,"is_default":true,"location_area_encounters":"https://pokeapi.co/api/v2/pokemon/6/encounters","moves":[{"move":{"name":"mega-punch","url":"https://pokeapi.co/api/v2/move/5/"},"version_group_details":[{"level_learned_at":0,"move_learn_method":{"name":"machine","url":"https://pokeapi.co/api/v2/move-learn-method/4/"},"order":null,"version_group":{"name":"red-blue","url":"https://pokeapi.co/api/v2/version-group/1/"}},{"level_learned_at":0,"move_learn_method":{"name":"machine","url":"https://pokeapi.co/api/v2/move-learn-method/4/"},"order":null,"version_group":{"name":"yellow","url":"https://pokeapi.co/api/v2/version-group/2/"}},{"level_learned_at":0,"move_learn_method":{"name":"tutor","url":"https://pokeapi.co/api/v2/move-learn-method/3/"},"order":null,"version_group":{"name":"emerald","url":"https://pokeapi.co/api/v2/version-group/6/"}},{"level_learned_at":0,"move_learn_method":{"name":"tutor","url":"https://pokeapi.co/api/v2/move-learn-method/3/"},"order":null,"version_group":{"name":"firered-leafgreen","url":"https://pokeapi.co/api/v2/version-group/7/"}},{"level_learned_at":0,"move_learn_method":{"name":"machine","url":"https://pokeapi.co/api/v2/move-learn-method/4/"},"order":null,"version_group":{"name":"sword-shield","url":"https://pokeapi.co/api/v2/version-group/20/"}},{"level_learned_at":0,"move_learn_method":{"name":"machine","url":"https://pokeapi.co/api/v2/move-learn-method/4/"},"order":null,"version_group":{"name":"red-green-japan","url":"https://pokeapi.co/api/v2/version-group/28/"}},{"level_learned_at":0,"move_learn_method":{"name":"machine","url":"https://pokeapi.co/api/v2/move-learn-method/4/"},"order":null,"version_group":{"name":"blue-japan","url":"https://pokeapi.co/api/v2/version-group/29/"}}]},{"move":{"name":"fire-punch","url":"https://pokeapi.co/api/v2/move/7/"},"version_group_details":[{"level_learned_at":0,"move_learn_method":{"name":"machine","url":"https://pokeapi.co/api/v2/move-learn-method/4/"},"order":null,"version_group":{"name":"gold-silver","url":"https://pokeapi.co/api/v2/version-group/3/"}},{"level_learned_at":0,"move_learn_method":{"name":"machine","url":"https://pokeapi.co/api/v2/move-learn-method/4/"},"order":null,"version_group":{"name":"crystal","url":"https://pokeapi.co/api/v2/version-group/4/"}},{"level_learned_at":0,"move_learn_method":{"name":"tutor","url":"https://pokeapi.co/api/v2/move-learn-method/3/"},"order":null,"version_group":{"name":"emerald","url":"https://pokeapi.co/api/v2/version-group/6/"}},{"level_learned_at":0,"move_learn_method":{"name":"tutor","url":"https://pokeapi.co/api/v2/move-learn-method/3/"},"order":null,"version_group":{"name":"platinum","url":"https://pokeapi.co/api/v2/version-group/9/"}},{"level_learned_at":0,"move_learn_method":{"name":"tutor","url":"https://pokeapi.co/api/v2/move-learn-method/3/"},"order":null,"version_group":{"name":"heartgold-soulsilver","url":"https://pokeapi.co/api/v2/version-group/10/"}},{"level_learned_at":0,"move_learn_method":{"name":"tutor","url":"https://pokeapi.co/api/v2/move-learn-method/3/"},"order":null,"version_group":{"name":"black-2-white-2","url":"https://pokeapi.co/api/v2/version-group/14/"}},{"level_learned_at":0,"move_learn_method":{"name":"tutor","url":"https://pokeapi.co/api/v2/move-learn-method/3/"},"order":null,"version_group":{"name":"omega-ruby-alpha-sapphire","url":"https://pokeapi.co/api/v2/version-group/16/"}},{"level_learned_at":0,"move_learn_method":{"name":"tutor","url":"https://pokeapi.co/api/v2/move-learn-method/3/"},"order":null,"version_group":{"name":"ultra-sun-ultra-moon","url":"https://pokeapi.co/api/v2/version-group/18/"}},{"level_learned_at":0,"move_learn_method":{"name":"machine","url":"https://pokeapi.co/api/v2/move-learn-method/4/"},"order":null,"version_group":{"name":"lets-go-pikachu-lets-go-eevee","url":"https://pokeapi.co/api/v2/version-group/19/"}},{"level_learned_at":0,"move_learn_method":{"name":"machine","url":"https://pokeapi.co/api/v2/move-learn-method/4/"},"order":null,"version_group":{"name":"sword-shield","url":"https://pokeapi.co/api/v2/version-group/20/"}},{"level_learned_at":0,"move_learn_method":{"name":"machine","url":"https://pokeapi.co/api/v2/move-learn-method/4/"},"order":null,"version_group":{"name":"scarlet-violet","url":"https://pokeapi.co/api/v2/version-group/25/"}}]},{"move":{"name":"thunder-punch","url":"https://pokeapi.co/api/v2/move/9/"},"version_group_details":[{"level_learned_at":0,"move_learn_method":{"name":"tutor","url":"https://pokeapi.co/api/v2/move-learn-method/3/"},"order":null,"version_group":{"name":"platinum","url":"https://pokeapi.co/api/v2/version-group/9/"}},{"level_learned_at":0,"move_learn_method":{"name":"tutor","url":"https://pokeapi.co/api/v2/move-learn-method/3/"},"order":null,"version_group":{"name":"heartgold-soulsilver","url":"https://pokeapi.co/api/v2/version-group/10/"}},{"level_learned_at":0,"move_learn_method":{"name":"tutor","url":"https://pokeapi.co/api/v2/move-learn-method/3/"},"order":null,"version_group":{"name":"black-2-white-2","url":"https://pokeapi.co/api/v2/version-group/14/"}},{"level_learned_at":0,"move_learn_method":{"name":"tutor","url":"https://pokeapi.co/api/v2/move-learn-method/3/"},"order":null,"version_group":{"name":"omega-ruby-alpha-sapphire","url":"https://pokeapi.co/api/v2/version-group/16/"}},{"level_learned_at":0,"move_learn_method":{"name":"tutor","url":"https://pokeapi.co/api/v2/move-learn-method/3/"},"order":null,"version_group":{"name":"ultra-sun-ultra-moon","url":"https://pokeapi.co/api/v2/version-group/18/"}},{"level_learned_at":0,"move_learn_method":{"name":"machine","url":"https://pokeapi.co/api/v2/move-learn-method/4/"},"order":null,"version_group":{"name":"lets-go-pikachu-lets-go-eevee","url":"https://pokeapi.co/api/v2/version-group/19/"}},{"level_learned_at":0,"move_learn_method":{"name":"machine","url":"https://pokeapi.co/api/v2/move-learn-method/4/"},"order":null,"version_group":{"name":"sword-shield","url":"https://pokeapi.co/api/v2/version-group/20/"}},{"level_learned_at":0,"move_learn_method":{"name":"machine","url":"https://pokeapi.co/api/v2/move-learn-method/4/"},"order":null,"version_group":{"name":"scarlet-violet","url":"https://pokeapi.co/api/v2/version-group/25/"}}]},{"move":{"name":"scratch","url":"https://pokeapi.co/api/v2/move/10/"},"version_group_details":[{"level_learned_at":1,"move_learn_method":{"name":"level-up","url":"https://pokeapi.co/api/v2/move-learn-method/1/"},"order":1,"version_group":{"name":"red-blue","url":"https://pokeapi.co/api/v2/version-group/1/"}},{"level_learned_at":1,"move_learn_method":{"name":"level-up","url":"https://pokeapi.co/api/v2/move-learn-method/1/"},"order":1,"version_group":{"name":"yellow","url":"https://pokeapi.co/api/v2/version-group/2/"}},{"level_learned_at":1,"move_learn_method":{"name":"level-up","url":"https://pokeapi.co/api/v2/move-learn-method/1/"},"order":1,"version_group":{"name":"gold-silver","url":"https://pokeapi.co/api/v2/version-group/3/"}},{"level_learned_at":1,"move_learn_method":{"name":"level-up","url":"https://pokeapi.co/api/v2/move-learn-method/1/"},"order":1,"version_group":{"name":"crystal","url":"https://pokeapi.co/api/v2/version-group/4/"}},{"level_learned_at":1,"move_learn_method":{"name":"level-up","url":"https://pokeapi.co/api/v2/move-learn-method/1/"},"order":1,"version_group":{"name":"ruby-sapphire","url":"https://pokeapi.co/api/v2/version-group/5/"}},{"level_learned_at":1,"move_learn_method":{"name":"level-up","url":"https://pokeapi.co/api/v2/move-learn-method/1/"},"order":1,"version_group":{"name":"emerald","url":"https://pokeapi.co/api/v2/version-group/6/"}},{... (set the log level to DEBUG or TRACE to see the full content) 
 </msg>
<msg time="2026-05-24T12:13:05.785150" level="INFO">${response} = &lt;Response [200]&gt;</msg>
<var>${response}</var>
<arg>pokeapi</arg>
<arg>${POKEMON_API}/${pokemon_name}</arg>
<arg>expected_status=any</arg>
<doc>Sends a GET request on a previously created HTTP Session.</doc>
<status status="PASS" start="2026-05-24T12:13:05.723881" elapsed="0.061292"/>
</kw>
<return>
<value>${response}</value>
<status status="PASS" start="2026-05-24T12:13:05.785242" elapsed="0.000051"/>
</return>
<msg time="2026-05-24T12:13:05.785419" level="INFO">${response} = &lt;Response [200]&gt;</msg>
<var>${response}</var>
<arg>charizard</arg>
<doc>Fetches Pokemon data from PokeAPI by name
and returns the full response object.</doc>
<status status="PASS" start="2026-05-24T12:13:05.723658" elapsed="0.061780"/>
</kw>
<kw name="Get Types" owner="pokemon_library">
<msg time="2026-05-24T12:13:05.788565" level="INFO">@{types} = [ fire | flying ]</msg>
<var>@{types}</var>
<arg>${response}</arg>
<status status="PASS" start="2026-05-24T12:13:05.785558" elapsed="0.003032"/>
</kw>
<for flavor="IN">
<iter>
<kw name="Get Type By Name" owner="type_keywords">
<kw name="GET On Session" owner="RequestsLibrary">
<msg time="2026-05-24T12:13:05.797610" level="INFO">GET Request : url=https://pokeapi.co/api/v2/type/fire 
 path_url=/api/v2/type/fire 
 headers={'User-Agent': 'python-requests/2.34.2', 'Accept-Encoding': 'gzip, deflate', 'Accept': '*/*', 'Connection': 'keep-alive'} 
 body=None 
 </msg>
<msg time="2026-05-24T12:13:05.797692" level="INFO">GET Response : url=https://pokeapi.co/api/v2/type/fire 
 status=200, reason=OK 
 headers={'Date': 'Sun, 24 May 2026 12:13:05 GMT', 'Content-Type': 'application/json; charset=utf-8', 'Transfer-Encoding': 'chunked', 'Connection': 'keep-alive', 'Access-Control-Allow-Origin': '*', 'cache-control': 'public, max-age=86400, s-maxage=86400', 'Report-To': '{"group":"cf-nel","max_age":604800,"endpoints":[{"url":"https://a.nel.cloudflare.com/report/v4?s=Pp20H0%2BTyPUaWWbUa8RBa3S%2FadVWcNF88odIP8zgXQ1oSuYiPvmT%2BLJawAznQfMUYFLhFRqndUySUENsWO5Lkbu89hm8nAS2e97YC5v568JN6v%2BuhXn0xQNah19k"}]}', 'etag': 'W/"50e0-6ZqB3RCPZ8N/oP+CmBW1JjpDgK4"', 'function-execution-id': 'zgci9sixm9wc', 'Server': 'cloudflare', 'strict-transport-security': 'max-age=31556926', 'x-cloud-trace-context': '7ace096e72a9a19d7769b5d5662d2455', 'x-country-code': 'US', 'x-powered-by': 'Express', 'x-served-by': 'cache-pdk-kfty8610035-PDK', 'x-cache': 'HIT', 'x-cache-hits': '0', 'x-timer': 'S1775852107.646718,VS0,VE222', 'vary': 'Accept-Encoding,cookie,need-authorization, x-fh-requested-host, accept-encoding', 'alt-svc': 'h3=":443"; ma=86400', 'Nel': '{"report_to":"cf-nel","success_fraction":0.0,"max_age":604800}', 'Age': '10921', 'cf-cache-status': 'HIT', 'Content-Encoding': 'gzip', 'CF-RAY': 'a00c365f3d228c9d-IAD'} 
 body={"damage_relations":{"double_damage_from":[{"name":"ground","url":"https://pokeapi.co/api/v2/type/5/"},{"name":"rock","url":"https://pokeapi.co/api/v2/type/6/"},{"name":"water","url":"https://pokeapi.co/api/v2/type/11/"}],"double_damage_to":[{"name":"bug","url":"https://pokeapi.co/api/v2/type/7/"},{"name":"steel","url":"https://pokeapi.co/api/v2/type/9/"},{"name":"grass","url":"https://pokeapi.co/api/v2/type/12/"},{"name":"ice","url":"https://pokeapi.co/api/v2/type/15/"}],"half_damage_from":[{"name":"bug","url":"https://pokeapi.co/api/v2/type/7/"},{"name":"steel","url":"https://pokeapi.co/api/v2/type/9/"},{"name":"fire","url":"https://pokeapi.co/api/v2/type/10/"},{"name":"grass","url":"https://pokeapi.co/api/v2/type/12/"},{"name":"ice","url":"https://pokeapi.co/api/v2/type/15/"},{"name":"fairy","url":"https://pokeapi.co/api/v2/type/18/"}],"half_damage_to":[{"name":"rock","url":"https://pokeapi.co/api/v2/type/6/"},{"name":"fire","url":"https://pokeapi.co/api/v2/type/10/"},{"name":"water","url":"https://pokeapi.co/api/v2/type/11/"},{"name":"dragon","url":"https://pokeapi.co/api/v2/type/16/"}],"no_damage_from":[],"no_damage_to":[]},"game_indices":[{"game_index":20,"generation":{"name":"generation-i","url":"https://pokeapi.co/api/v2/generation/1/"}},{"game_index":20,"generation":{"name":"generation-ii","url":"https://pokeapi.co/api/v2/generation/2/"}},{"game_index":10,"generation":{"name":"generation-iii","url":"https://pokeapi.co/api/v2/generation/3/"}},{"game_index":10,"generation":{"name":"generation-iv","url":"https://pokeapi.co/api/v2/generation/4/"}},{"game_index":9,"generation":{"name":"generation-v","url":"https://pokeapi.co/api/v2/generation/5/"}},{"game_index":9,"generation":{"name":"generation-vi","url":"https://pokeapi.co/api/v2/generation/6/"}}],"generation":{"name":"generation-i","url":"https://pokeapi.co/api/v2/generation/1/"},"id":10,"move_damage_class":{"name":"special","url":"https://pokeapi.co/api/v2/move-damage-class/3/"},"moves":[{"name":"fire-punch","url":"https://pokeapi.co/api/v2/move/7/"},{"name":"ember","url":"https://pokeapi.co/api/v2/move/52/"},{"name":"flamethrower","url":"https://pokeapi.co/api/v2/move/53/"},{"name":"fire-spin","url":"https://pokeapi.co/api/v2/move/83/"},{"name":"fire-blast","url":"https://pokeapi.co/api/v2/move/126/"},{"name":"flame-wheel","url":"https://pokeapi.co/api/v2/move/172/"},{"name":"sacred-fire","url":"https://pokeapi.co/api/v2/move/221/"},{"name":"sunny-day","url":"https://pokeapi.co/api/v2/move/241/"},{"name":"heat-wave","url":"https://pokeapi.co/api/v2/move/257/"},{"name":"will-o-wisp","url":"https://pokeapi.co/api/v2/move/261/"},{"name":"eruption","url":"https://pokeapi.co/api/v2/move/284/"},{"name":"blaze-kick","url":"https://pokeapi.co/api/v2/move/299/"},{"name":"blast-burn","url":"https://pokeapi.co/api/v2/move/307/"},{"name":"overheat","url":"https://pokeapi.co/api/v2/move/315/"},{"name":"flare-blitz","url":"https://pokeapi.co/api/v2/move/394/"},{"name":"fire-fang","url":"https://pokeapi.co/api/v2/move/424/"},{"name":"lava-plume","url":"https://pokeapi.co/api/v2/move/436/"},{"name":"magma-storm","url":"https://pokeapi.co/api/v2/move/463/"},{"name":"flame-burst","url":"https://pokeapi.co/api/v2/move/481/"},{"name":"flame-charge","url":"https://pokeapi.co/api/v2/move/488/"},{"name":"incinerate","url":"https://pokeapi.co/api/v2/move/510/"},{"name":"inferno","url":"https://pokeapi.co/api/v2/move/517/"},{"name":"fire-pledge","url":"https://pokeapi.co/api/v2/move/519/"},{"name":"heat-crash","url":"https://pokeapi.co/api/v2/move/535/"},{"name":"searing-shot","url":"https://pokeapi.co/api/v2/move/545/"},{"name":"blue-flare","url":"https://pokeapi.co/api/v2/move/551/"},{"name":"fiery-dance","url":"https://pokeapi.co/api/v2/move/552/"},{"name":"v-create","url":"https://pokeapi.co/api/v2/move/557/"},{"name":"fusion-flare","url":"https://pokeapi.co/api/v2/move/558/"},{"name":"mystical-fire","url":"https://pokeapi.co/api/v2/move/595/"},{"name":"inferno-overdrive--physical","url":"https://pokeapi.co/api/v2/move/640/"},{"name":"inferno-overdrive--special","url":"https://pokeapi.co/api/v2/move/641/"},{"name":"fire-lash","url":"https://pokeapi.co/api/v2/move/680/"},{"name":"burn-up","url":"https://pokeapi.co/api/v2/move/682/"},{"name":"shell-trap","url":"https://pokeapi.co/api/v2/move/704/"},{"name":"mind-blown","url":"https://pokeapi.co/api/v2/move/720/"},{"name":"sizzly-slide","url":"https://pokeapi.co/api/v2/move/735/"},{"name":"max-flare","url":"https://pokeapi.co/api/v2/move/757/"},{"name":"pyro-ball","url":"https://pokeapi.co/api/v2/move/780/"},{"name":"burning-jealousy","url":"https://pokeapi.co/api/v2/move/807/"},{"name":"raging-fury","url":"https://pokeapi.co/api/v2/move/833/"},{"name":"torch-song","url":"https://pokeapi.co/api/v2/move/871/"},{"name":"armor-cannon","url":"https://pokeapi.co/api/v2/move/890/"},{"name":"bitter-blade","url":"https://pokeapi.co/api/v2/move/891/"},{"name":"blazing-torque","url":"https://pokeapi.co/api/v2/move/896/"},{"name":"burning-bulwark","url":"https://pokeapi.co/api/v2/move/908/"},{"name":"temper-flare","url":"https://pokeapi.co/api/v2/move/915/"}],"name":"fire","names":[{"language":{"name":"ja-hrkt","url":"https://pokeapi.co/api/v2/language/1/"},"name":"ほのお"},{"language":{"name":"ko","url":"https://pokeapi.co/api/v2/language/3/"},"name":"불꽃"},{"language":{"name":"zh-hant","url":"https://pokeapi.co/api/v2/language/4/"},"name":"火"},{"language":{"name":"fr","url":"https://pokeapi.co/api/v2/language/5/"},"name":"Feu"},{"language":{"name":"de","url":"https://pokeapi.co/api/v2/language/6/"},"name":"Feuer"},{"language":{"name":"es","url":"https://pokeapi.co/api/v2/language/7/"},"name":"Fuego"},{"language":{"name":"it","url":"https://pokeapi.co/api/v2/language/8/"},"name":"Fuoco"},{"language":{"name":"en","url":"https://pokeapi.co/api/v2/language/9/"},"name":"Fire"},{"language":{"name":"ja","url":"https://pokeapi.co/api/v2/language/11/"},"name":"ほのお"},{"language":{"name":"zh-hans","url":"https://pokeapi.co/api/v2/language/12/"},"name":"火"}],"past_damage_relations":[{"damage_relations":{"double_damage_from":[{"name":"ground","url":"https://pokeapi.co/api/v2/type/5/"},{"name":"rock","url":"https://pokeapi.co/api/v2/type/6/"},{"name":"water","url":"https://pokeapi.co/api/v2/type/11/"}],"double_damage_to":[{"name":"bug","url":"https://pokeapi.co/api/v2/type/7/"},{"name":"grass","url":"https://pokeapi.co/api/v2/type/12/"},{"name":"ice","url":"https://pokeapi.co/api/v2/type/15/"}],"half_damage_from":[{"name":"bug","url":"https://pokeapi.co/api/v2/type/7/"},{"name":"fire","url":"https://pokeapi.co/api/v2/type/10/"},{"name":"grass","url":"https://pokeapi.co/api/v2/type/12/"}],"half_damage_to":[{"name":"rock","url":"https://pokeapi.co/api/v2/type/6/"},{"name":"fire","url":"https://pokeapi.co/api/v2/type/10/"},{"name":"water","url":"https://pokeapi.co/api/v2/type/11/"},{"name":"dragon","url":"https://pokeapi.co/api/v2/type/16/"}],"no_damage_from":[],"no_damage_to":[]},"generation":{"name":"generation-i","url":"https://pokeapi.co/api/v2/generation/1/"}}],"pokemon":[{"pokemon":{"name":"charmander","url":"https://pokeapi.co/api/v2/pokemon/4/"},"slot":1},{"pokemon":{"name":"charmeleon","url":"https://pokeapi.co/api/v2/pokemon/5/"},"slot":1},{"pokemon":{"name":"charizard","url":"https://pokeapi.co/api/v2/pokemon/6/"},"slot":1},{"pokemon":{"name":"vulpix","url":"https://pokeapi.co/api/v2/pokemon/37/"},"slot":1},{"pokemon":{"name":"ninetales","url":"https://pokeapi.co/api/v2/pokemon/38/"},"slot":1},{"pokemon":{"name":"growlithe","url":"https://pokeapi.co/api/v2/pokemon/58/"},"slot":1},{"pokemon":{"name":"arcanine","url":"https://pokeapi.co/api/v2/pokemon/59/"},"slot":1},{"pokemon":{"name":"ponyta","url":"https://pokeapi.co/api/v2/pokemon/77/"},"slot":1},{"pokemon":{"name":"rapidash","url":"https://pokeapi.co/api/v2/pokemon/78/"},"slot":1},{"pokemon":{"name":"magmar","url":"https://pokeapi.co/api/v2/pokemon/126/"},"slot":1},{"pokemon":{"name":"flareon","url":"https://pokeapi.co/api/v2/pokemon/136/"},"slot":1},{"pokemon":{"name":"moltres","url":"https://pokeapi.co/api/v2/pokemon/146/"},"slot":1},{"pokemon":{"name":"cyndaquil","url":"https://pokeapi.co/api/v2/pokemon/155/"},"slot":1},{"pokemon":{"name":"quilava","url":"https://pokeapi.co/api/v2/pokemon/156/"},"slot":1},{"pokemon":{"name":"typhlosion","url":"https://pokeapi.co/api/v2/pokemon/157/"},"slot":1},{"pokemon":{"name":"slugma","url":"https://pokeapi.co/api/v2/pokemon/218/"},"slot":1},{"pokemon":{"name":"magcargo","url":"https://pokeapi.co/api/v2/pokemon/219/"},"slot":1},{"pokemon":{"name":"houndour","url":"https://pokeapi.co/api/v2/pokemon/228/"},"slot":2},{"pokemon":{"name":"houndoom","url":"https://pokeapi.co/api/v2/pokemon/229/"},"slot":2},{"pokemon":{"name":"magby","url":"https://pokeapi.co/api/v2/pokemon/240/"},"slot":1},{"pokemon":{"name":"entei","url":"https://pokeapi.co/api/v2/pokemon/244/"},"slot":1},{"pokemon":{"name":"ho-oh","url":"https://pokeapi.co/api/v2/pokemon/250/"},"slot":1},{"pokemon":{"name":"torchic","url":"https://pokeapi.co/api/v2/pokemon/255/"},"slot":1},{"pokemon":{"name":"combusken","url":"https://pokeapi.co/api/v2/pokemon/256/"},"slot":1},{"pokemon":{"name":"blaziken","url":"https://pokeapi.co/api/v2/pokemon/257/"},"slot":1},{"pokemon":{"name":"numel","url":"https://pokeapi.co/api/v2/pokemon/322/"},"slot":1},{"pokemon":{"name":"camerupt","url":"https://pokeapi.co/api/v2/pokemon/323/"},"slot":1},{"pokemon":{"name":"torkoal","url":"https://pokeapi.co/api/v2/pokemon/324/"},"slot":1},{"pokemon":{"name":"chimchar","url":"https://pokeapi.co/api/v2/pokemon/390/"},"slot":1},{"pokemon":{"name":"monferno","url":"https://pokeapi.co/api/v2/pokemon/391/"},"slot":1},{"pokemon":{"name":"infernape","url":"https://pokeapi.co/api/v2/pokemon/392/"},"slot":1},{"pokemon":{"name":"magmortar","url":"https://pokeapi.co/api/v2/pokemon/467/"},"slot":1},{"pokemon":{"name":"heatran","url":"https://pokeapi.co/api/v2/pokemon/485/"},"slot":1},{"pokemon":{"name":"victini","url":"https://pokeapi.c... (set the log level to DEBUG or TRACE to see the full content) 
 </msg>
<msg time="2026-05-24T12:13:05.797878" level="INFO">${response} = &lt;Response [200]&gt;</msg>
<var>${response}</var>
<arg>pokeapi</arg>
<arg>${TYPE_API}/${type_name}</arg>
<arg>expected_status=any</arg>
<doc>Sends a GET request on a previously created HTTP Session.</doc>
<status status="PASS" start="2026-05-24T12:13:05.789158" elapsed="0.008741"/>
</kw>
<return>
<value>${response}</value>
<status status="PASS" start="2026-05-24T12:13:05.797946" elapsed="0.000033"/>
</return>
<msg time="2026-05-24T12:13:05.798080" level="INFO">${type_response} = &lt;Response [200]&gt;</msg>
<var>${type_response}</var>
<arg>${type}</arg>
<doc>Fetches Type data from PokeAPI by name
and returns the full response object.</doc>
<status status="PASS" start="2026-05-24T12:13:05.788939" elapsed="0.009159"/>
</kw>
<kw name="Type Should Exist" owner="type_keywords">
<kw name="Should Be Equal As Integers" owner="BuiltIn">
<msg time="2026-05-24T12:13:05.798944" level="INFO">Argument types are:
&lt;class 'int'&gt;
&lt;class 'str'&gt;</msg>
<arg>${response.status_code}</arg>
<arg>200</arg>
<doc>Fails if objects are unequal after converting them to integers.</doc>
<status status="PASS" start="2026-05-24T12:13:05.798420" elapsed="0.000578"/>
</kw>
<arg>${type_response}</arg>
<doc>Verifies that a Type exists in the PokeAPI by
checking that the response status code is 200 (OK).</doc>
<status status="PASS" start="2026-05-24T12:13:05.798217" elapsed="0.000826"/>
</kw>
<var name="${type}">fire</var>
<status status="PASS" start="2026-05-24T12:13:05.788786" elapsed="0.010278"/>
</iter>
<iter>
<kw name="Get Type By Name" owner="type_keywords">
<kw name="GET On Session" owner="RequestsLibrary">
<msg time="2026-05-24T12:13:05.806283" level="INFO">GET Request : url=https://pokeapi.co/api/v2/type/flying 
 path_url=/api/v2/type/flying 
 headers={'User-Agent': 'python-requests/2.34.2', 'Accept-Encoding': 'gzip, deflate', 'Accept': '*/*', 'Connection': 'keep-alive'} 
 body=None 
 </msg>
<msg time="2026-05-24T12:13:05.806362" level="INFO">GET Response : url=https://pokeapi.co/api/v2/type/flying 
 status=200, reason=OK 
 headers={'Date': 'Sun, 24 May 2026 12:13:05 GMT', 'Content-Type': 'application/json; charset=utf-8', 'Transfer-Encoding': 'chunked', 'Connection': 'keep-alive', 'Access-Control-Allow-Origin': '*', 'cache-control': 'public, max-age=86400, s-maxage=86400', 'Report-To': '{"group":"cf-nel","max_age":604800,"endpoints":[{"url":"https://a.nel.cloudflare.com/report/v4?s=s2xtDFEMOYuhcX6dMm%2FR7W%2F8LMIs4PVSx0mf2ord%2FDG%2BlazgIzj%2F68obN44JhaSr7E5lKvTSI9qj4Ni1dXSR8JTNGkjTvD2qFiL%2BIStRKj28U6sUsQK2RDGANuyx"}]}', 'etag': 'W/"57ec-MPjsodwgs9Gtao7DBW0FwPzsuIM"', 'function-execution-id': '4ft7c7yp2yaq', 'Server': 'cloudflare', 'strict-transport-security': 'max-age=31556926', 'x-cloud-trace-context': 'f432a9f4eaff69e0c2ceb3400f5511e9', 'x-country-code': 'US', 'x-powered-by': 'Express', 'x-served-by': 'cache-lga21928-LGA', 'x-cache': 'MISS', 'x-cache-hits': '0', 'x-timer': 'S1773936240.298205,VS0,VE153', 'vary': 'Accept-Encoding,cookie,need-authorization, x-fh-requested-host, accept-encoding', 'alt-svc': 'h3=":443"; ma=86400', 'Nel': '{"report_to":"cf-nel","success_fraction":0.0,"max_age":604800}', 'Age': '68143', 'cf-cache-status': 'HIT', 'Content-Encoding': 'gzip', 'CF-RAY': 'a00c365f4d548c9d-IAD'} 
 body={"damage_relations":{"double_damage_from":[{"name":"rock","url":"https://pokeapi.co/api/v2/type/6/"},{"name":"electric","url":"https://pokeapi.co/api/v2/type/13/"},{"name":"ice","url":"https://pokeapi.co/api/v2/type/15/"}],"double_damage_to":[{"name":"fighting","url":"https://pokeapi.co/api/v2/type/2/"},{"name":"bug","url":"https://pokeapi.co/api/v2/type/7/"},{"name":"grass","url":"https://pokeapi.co/api/v2/type/12/"}],"half_damage_from":[{"name":"fighting","url":"https://pokeapi.co/api/v2/type/2/"},{"name":"bug","url":"https://pokeapi.co/api/v2/type/7/"},{"name":"grass","url":"https://pokeapi.co/api/v2/type/12/"}],"half_damage_to":[{"name":"rock","url":"https://pokeapi.co/api/v2/type/6/"},{"name":"steel","url":"https://pokeapi.co/api/v2/type/9/"},{"name":"electric","url":"https://pokeapi.co/api/v2/type/13/"}],"no_damage_from":[{"name":"ground","url":"https://pokeapi.co/api/v2/type/5/"}],"no_damage_to":[]},"game_indices":[{"game_index":2,"generation":{"name":"generation-i","url":"https://pokeapi.co/api/v2/generation/1/"}},{"game_index":2,"generation":{"name":"generation-ii","url":"https://pokeapi.co/api/v2/generation/2/"}},{"game_index":2,"generation":{"name":"generation-iii","url":"https://pokeapi.co/api/v2/generation/3/"}},{"game_index":2,"generation":{"name":"generation-iv","url":"https://pokeapi.co/api/v2/generation/4/"}},{"game_index":2,"generation":{"name":"generation-v","url":"https://pokeapi.co/api/v2/generation/5/"}},{"game_index":2,"generation":{"name":"generation-vi","url":"https://pokeapi.co/api/v2/generation/6/"}}],"generation":{"name":"generation-i","url":"https://pokeapi.co/api/v2/generation/1/"},"id":3,"move_damage_class":{"name":"physical","url":"https://pokeapi.co/api/v2/move-damage-class/2/"},"moves":[{"name":"gust","url":"https://pokeapi.co/api/v2/move/16/"},{"name":"wing-attack","url":"https://pokeapi.co/api/v2/move/17/"},{"name":"fly","url":"https://pokeapi.co/api/v2/move/19/"},{"name":"peck","url":"https://pokeapi.co/api/v2/move/64/"},{"name":"drill-peck","url":"https://pokeapi.co/api/v2/move/65/"},{"name":"mirror-move","url":"https://pokeapi.co/api/v2/move/119/"},{"name":"sky-attack","url":"https://pokeapi.co/api/v2/move/143/"},{"name":"aeroblast","url":"https://pokeapi.co/api/v2/move/177/"},{"name":"feather-dance","url":"https://pokeapi.co/api/v2/move/297/"},{"name":"air-cutter","url":"https://pokeapi.co/api/v2/move/314/"},{"name":"aerial-ace","url":"https://pokeapi.co/api/v2/move/332/"},{"name":"bounce","url":"https://pokeapi.co/api/v2/move/340/"},{"name":"roost","url":"https://pokeapi.co/api/v2/move/355/"},{"name":"pluck","url":"https://pokeapi.co/api/v2/move/365/"},{"name":"tailwind","url":"https://pokeapi.co/api/v2/move/366/"},{"name":"air-slash","url":"https://pokeapi.co/api/v2/move/403/"},{"name":"brave-bird","url":"https://pokeapi.co/api/v2/move/413/"},{"name":"defog","url":"https://pokeapi.co/api/v2/move/432/"},{"name":"chatter","url":"https://pokeapi.co/api/v2/move/448/"},{"name":"sky-drop","url":"https://pokeapi.co/api/v2/move/507/"},{"name":"acrobatics","url":"https://pokeapi.co/api/v2/move/512/"},{"name":"hurricane","url":"https://pokeapi.co/api/v2/move/542/"},{"name":"oblivion-wing","url":"https://pokeapi.co/api/v2/move/613/"},{"name":"dragon-ascent","url":"https://pokeapi.co/api/v2/move/620/"},{"name":"supersonic-skystrike--physical","url":"https://pokeapi.co/api/v2/move/626/"},{"name":"supersonic-skystrike--special","url":"https://pokeapi.co/api/v2/move/627/"},{"name":"beak-blast","url":"https://pokeapi.co/api/v2/move/690/"},{"name":"floaty-fall","url":"https://pokeapi.co/api/v2/move/731/"},{"name":"max-airstream","url":"https://pokeapi.co/api/v2/move/766/"},{"name":"dual-wingbeat","url":"https://pokeapi.co/api/v2/move/814/"},{"name":"bleakwind-storm","url":"https://pokeapi.co/api/v2/move/846/"}],"name":"flying","names":[{"language":{"name":"ja-hrkt","url":"https://pokeapi.co/api/v2/language/1/"},"name":"ひこう"},{"language":{"name":"ko","url":"https://pokeapi.co/api/v2/language/3/"},"name":"비행"},{"language":{"name":"zh-hant","url":"https://pokeapi.co/api/v2/language/4/"},"name":"飛行"},{"language":{"name":"fr","url":"https://pokeapi.co/api/v2/language/5/"},"name":"Vol"},{"language":{"name":"de","url":"https://pokeapi.co/api/v2/language/6/"},"name":"Flug"},{"language":{"name":"es","url":"https://pokeapi.co/api/v2/language/7/"},"name":"Volador"},{"language":{"name":"it","url":"https://pokeapi.co/api/v2/language/8/"},"name":"Volante"},{"language":{"name":"en","url":"https://pokeapi.co/api/v2/language/9/"},"name":"Flying"},{"language":{"name":"ja","url":"https://pokeapi.co/api/v2/language/11/"},"name":"ひこう"},{"language":{"name":"zh-hans","url":"https://pokeapi.co/api/v2/language/12/"},"name":"飞行"}],"past_damage_relations":[],"pokemon":[{"pokemon":{"name":"charizard","url":"https://pokeapi.co/api/v2/pokemon/6/"},"slot":2},{"pokemon":{"name":"butterfree","url":"https://pokeapi.co/api/v2/pokemon/12/"},"slot":2},{"pokemon":{"name":"pidgey","url":"https://pokeapi.co/api/v2/pokemon/16/"},"slot":2},{"pokemon":{"name":"pidgeotto","url":"https://pokeapi.co/api/v2/pokemon/17/"},"slot":2},{"pokemon":{"name":"pidgeot","url":"https://pokeapi.co/api/v2/pokemon/18/"},"slot":2},{"pokemon":{"name":"spearow","url":"https://pokeapi.co/api/v2/pokemon/21/"},"slot":2},{"pokemon":{"name":"fearow","url":"https://pokeapi.co/api/v2/pokemon/22/"},"slot":2},{"pokemon":{"name":"zubat","url":"https://pokeapi.co/api/v2/pokemon/41/"},"slot":2},{"pokemon":{"name":"golbat","url":"https://pokeapi.co/api/v2/pokemon/42/"},"slot":2},{"pokemon":{"name":"farfetchd","url":"https://pokeapi.co/api/v2/pokemon/83/"},"slot":2},{"pokemon":{"name":"doduo","url":"https://pokeapi.co/api/v2/pokemon/84/"},"slot":2},{"pokemon":{"name":"dodrio","url":"https://pokeapi.co/api/v2/pokemon/85/"},"slot":2},{"pokemon":{"name":"scyther","url":"https://pokeapi.co/api/v2/pokemon/123/"},"slot":2},{"pokemon":{"name":"gyarados","url":"https://pokeapi.co/api/v2/pokemon/130/"},"slot":2},{"pokemon":{"name":"aerodactyl","url":"https://pokeapi.co/api/v2/pokemon/142/"},"slot":2},{"pokemon":{"name":"articuno","url":"https://pokeapi.co/api/v2/pokemon/144/"},"slot":2},{"pokemon":{"name":"zapdos","url":"https://pokeapi.co/api/v2/pokemon/145/"},"slot":2},{"pokemon":{"name":"moltres","url":"https://pokeapi.co/api/v2/pokemon/146/"},"slot":2},{"pokemon":{"name":"dragonite","url":"https://pokeapi.co/api/v2/pokemon/149/"},"slot":2},{"pokemon":{"name":"hoothoot","url":"https://pokeapi.co/api/v2/pokemon/163/"},"slot":2},{"pokemon":{"name":"noctowl","url":"https://pokeapi.co/api/v2/pokemon/164/"},"slot":2},{"pokemon":{"name":"ledyba","url":"https://pokeapi.co/api/v2/pokemon/165/"},"slot":2},{"pokemon":{"name":"ledian","url":"https://pokeapi.co/api/v2/pokemon/166/"},"slot":2},{"pokemon":{"name":"crobat","url":"https://pokeapi.co/api/v2/pokemon/169/"},"slot":2},{"pokemon":{"name":"togetic","url":"https://pokeapi.co/api/v2/pokemon/176/"},"slot":2},{"pokemon":{"name":"natu","url":"https://pokeapi.co/api/v2/pokemon/177/"},"slot":2},{"pokemon":{"name":"xatu","url":"https://pokeapi.co/api/v2/pokemon/178/"},"slot":2},{"pokemon":{"name":"hoppip","url":"https://pokeapi.co/api/v2/pokemon/187/"},"slot":2},{"pokemon":{"name":"skiploom","url":"https://pokeapi.co/api/v2/pokemon/188/"},"slot":2},{"pokemon":{"name":"jumpluff","url":"https://pokeapi.co/api/v2/pokemon/189/"},"slot":2},{"pokemon":{"name":"yanma","url":"https://pokeapi.co/api/v2/pokemon/193/"},"slot":2},{"pokemon":{"name":"murkrow","url":"https://pokeapi.co/api/v2/pokemon/198/"},"slot":2},{"pokemon":{"name":"gligar","url":"https://pokeapi.co/api/v2/pokemon/207/"},"slot":2},{"pokemon":{"name":"delibird","url":"https://pokeapi.co/api/v2/pokemon/225/"},"slot":2},{"pokemon":{"name":"mantine","url":"https://pokeapi.co/api/v2/pokemon/226/"},"slot":2},{"pokemon":{"name":"skarmory","url":"https://pokeapi.co/api/v2/pokemon/227/"},"slot":2},{"pokemon":{"name":"lugia","url":"https://pokeapi.co/api/v2/pokemon/249/"},"slot":2},{"pokemon":{"name":"ho-oh","url":"https://pokeapi.co/api/v2/pokemon/250/"},"slot":2},{"pokemon":{"name":"beautifly","url":"https://pokeapi.co/api/v2/pokemon/267/"},"slot":2},{"pokemon":{"name":"taillow","url":"https://pokeapi.co/api/v2/pokemon/276/"},"slot":2},{"pokemon":{"name":"swellow","url":"https://pokeapi.co/api/v2/pokemon/277/"},"slot":2},{"pokemon":{"name":"wingull","url":"https://pokeapi.co/api/v2/pokemon/278/"},"slot":2},{"pokemon":{"name":"pelipper","url":"https://pokeapi.co/api/v2/pokemon/279/"},"slot":2},{"pokemon":{"name":"masquerain","url":"https://pokeapi.co/api/v2/pokemon/284/"},"slot":2},{"pokemon":{"name":"ninjask","url":"https://pokeapi.co/api/v2/pokemon/291/"},"slot":2},{"pokemon":{"name":"swablu","url":"https://pokeapi.co/api/v2/pokemon/333/"},"slot":2},{"pokemon":{"name":"altaria","url":"https://pokeapi.co/api/v2/pokemon/334/"},"slot":2},{"pokemon":{"name":"tropius","url":"https://pokeapi.co/api/v2/pokemon/357/"},"slot":2},{"pokemon":{"name":"salamence","url":"https://pokeapi.co/api/v2/pokemon/373/"},"slot":2},{"pokemon":{"name":"rayquaza","url":"https://pokeapi.co/api/v2/pokemon/384/"},"slot":2},{"pokemon":{"name":"starly","url":"https://pokeapi.co/api/v2/pokemon/396/"},"slot":2},{"pokemon":{"name":"staravia","url":"https://pokeapi.co/api/v2/pokemon/397/"},"slot":2},{"pokemon":{"name":"staraptor","url":"https://pokeapi.co/api/v2/pokemon/398/"},"slot":2},{"pokemon":{"name":"mothim","url":"https://pokeapi.co/api/v2/pokemon/414/"},"slot":2},{"pokemon":{"name":"combee","url":"https://pokeapi.co/api/v2/pokemon/415/"},"slot":2},{"pokemon":{"name":"vespiquen","url":"https://pokeapi.co/api/v2/pokemon/416/"},"slot":2},{"pokemon":{"name":"drifloon","url":"https://pokeapi.co/api/v2/pokemon/425/"},"slot":2},{"pokemon":{"name":"drifblim","url":"https://pokeapi.co/api/v2/pokemon/426/"},"slot":2},{"pokemon":{"name":"honchkrow","url":"https://pokeapi.co/api/v2/pokemon/430/"},"slot":2},{"pokemon":{"name":"chatot","url":"https://pokeapi.co/api/v2/pokemon/441/"},"slot":2},{"pokemon":{"name":"mantyke",... (set the log level to DEBUG or TRACE to see the full content) 
 </msg>
<msg time="2026-05-24T12:13:05.806526" level="INFO">${response} = &lt;Response [200]&gt;</msg>
<var>${response}</var>
<arg>pokeapi</arg>
<arg>${TYPE_API}/${type_name}</arg>
<arg>expected_status=any</arg>
<doc>Sends a GET request on a previously created HTTP Session.</doc>
<status status="PASS" start="2026-05-24T12:13:05.799427" elapsed="0.007117"/>
</kw>
<return>
<value>${response}</value>
<status status="PASS" start="2026-05-24T12:13:05.806588" elapsed="0.000026"/>
</return>
<msg time="2026-05-24T12:13:05.806706" level="INFO">${type_response} = &lt;Response [200]&gt;</msg>
<var>${type_response}</var>
<arg>${type}</arg>
<doc>Fetches Type data from PokeAPI by name
and returns the full response object.</doc>
<status status="PASS" start="2026-05-24T12:13:05.799246" elapsed="0.007476"/>
</kw>
<kw name="Type Should Exist" owner="type_keywords">
<kw name="Should Be Equal As Integers" owner="BuiltIn">
<msg time="2026-05-24T12:13:05.807447" level="INFO">Argument types are:
&lt;class 'int'&gt;
&lt;class 'str'&gt;</msg>
<arg>${response.status_code}</arg>
<arg>200</arg>
<doc>Fails if objects are unequal after converting them to integers.</doc>
<status status="PASS" start="2026-05-24T12:13:05.807045" elapsed="0.000445"/>
</kw>
<arg>${type_response}</arg>
<doc>Verifies that a Type exists in the PokeAPI by
checking that the response status code is 200 (OK).</doc>
<status status="PASS" start="2026-05-24T12:13:05.806851" elapsed="0.000680"/>
</kw>
<var name="${type}">flying</var>
<status status="PASS" start="2026-05-24T12:13:05.799144" elapsed="0.008407"/>
</iter>
<var>${type}</var>
<value>@{types}</value>
<status status="PASS" start="2026-05-24T12:13:05.788652" elapsed="0.018922"/>
</for>
<kw name="Get Abilities" owner="pokemon_library">
<msg time="2026-05-24T12:13:05.809882" level="INFO">@{abilities} = [ blaze | solar-power ]</msg>
<var>@{abilities}</var>
<arg>${response}</arg>
<status status="PASS" start="2026-05-24T12:13:05.807657" elapsed="0.002248"/>
</kw>
<for flavor="IN">
<iter>
<kw name="Get Ability By Name" owner="ability_keywords">
<kw name="GET On Session" owner="RequestsLibrary">
<msg time="2026-05-24T12:13:05.819342" level="INFO">GET Request : url=https://pokeapi.co/api/v2/ability/blaze 
 path_url=/api/v2/ability/blaze 
 headers={'User-Agent': 'python-requests/2.34.2', 'Accept-Encoding': 'gzip, deflate', 'Accept': '*/*', 'Connection': 'keep-alive'} 
 body=None 
 </msg>
<msg time="2026-05-24T12:13:05.819431" level="INFO">GET Response : url=https://pokeapi.co/api/v2/ability/blaze 
 status=200, reason=OK 
 headers={'Date': 'Sun, 24 May 2026 12:13:05 GMT', 'Content-Type': 'application/json; charset=utf-8', 'Transfer-Encoding': 'chunked', 'Connection': 'keep-alive', 'Access-Control-Allow-Origin': '*', 'access-control-expose-headers': 'X-PokeAPI-Hash,X-PokeAPI-Deploy-Date', 'cache-control': 'public, max-age=86400, s-maxage=86400', 'Report-To': '{"group":"cf-nel","max_age":604800,"endpoints":[{"url":"https://a.nel.cloudflare.com/report/v4?s=h1x2wAYurUfoh9AK3EAk1Bz7MKDwI9lBI9MNjf3D%2Bfgjsrk3gaiciTGmPKw4d0INplT7kmAyFf1i1zF6yH%2BT3bRnEoEvJkNmp723M7LlSHNATwT%2BpgyhYS8Iem9r"}]}', 'etag': 'W/"5ee0-ZAHAL0l6CZDDKaPKEivYORr2LWY"', 'function-execution-id': 'y48l65unq7ii', 'Server': 'cloudflare', 'strict-transport-security': 'max-age=31556926', 'x-cloud-trace-context': 'ce0861b18d555dd117df97d9efde1cad', 'x-country-code': 'US', 'x-orig-accept-language': 'en-US,en;q=0.9', 'x-pokeapi-deploy-date': '1777161546', 'x-pokeapi-hash': '566ce72eb74d86c5e306dfcc1a612ae7433b2218', 'x-powered-by': 'Express', 'x-served-by': 'cache-lga21929-LGA', 'x-cache': 'HIT', 'x-cache-hits': '0', 'x-timer': 'S1777253524.845120,VS0,VE2', 'vary': 'Accept-Encoding,cookie,need-authorization, x-fh-requested-host, accept-encoding', 'alt-svc': 'h3=":443"; ma=86400', 'Nel': '{"report_to":"cf-nel","success_fraction":0.0,"max_age":604800}', 'Age': '82851', 'cf-cache-status': 'HIT', 'Content-Encoding': 'gzip', 'CF-RAY': 'a00c365f5d788c9d-IAD'} 
 body={"effect_changes":[],"effect_entries":[{"effect":"Quand ce Pokémon a 1/3 de ses PV restants ou moins, ses capacités de type Feu infligent 1.5× plus de dégâts réguliers.","language":{"name":"fr","url":"https://pokeapi.co/api/v2/language/5/"},"short_effect":"Renforce les capacités Feu pour infliger 1.5× de dégâts à 1/3 des PV max ou moins."},{"effect":"Wenn ein Pokémon mit dieser Fähigkeit nur noch 1/3 seiner maximalen KP oder weniger hat, werden all seine Feuer Attacken verstärkt, so dass sie 1,5× so viel Regulärer Schaden anrichten wie sonst.","language":{"name":"de","url":"https://pokeapi.co/api/v2/language/6/"},"short_effect":"Erhöht den Schaden von Feuer Attacken um 50% wenn nur noch 1/3 der maximalen KP oder weniger übrig sind."},{"effect":"When this Pokémon has 1/3 or less of its HP remaining, its Fire-type moves inflict 1.5× as much regular damage.","language":{"name":"en","url":"https://pokeapi.co/api/v2/language/9/"},"short_effect":"Strengthens Fire moves to inflict 1.5× damage at 1/3 max HP or less."}],"flavor_text_entries":[{"flavor_text":"Erhöht in Notfällen die Stärke\nvon Feuer-Attacken.","language":{"name":"de","url":"https://pokeapi.co/api/v2/language/6/"},"version_group":{"name":"omega-ruby-alpha-sapphire","url":"https://pokeapi.co/api/v2/version-group/16/"}},{"flavor_text":"Augmente attaques feu.","language":{"name":"fr","url":"https://pokeapi.co/api/v2/language/5/"},"version_group":{"name":"ruby-sapphire","url":"https://pokeapi.co/api/v2/version-group/5/"}},{"flavor_text":"Ups FIRE moves in a pinch.","language":{"name":"en","url":"https://pokeapi.co/api/v2/language/9/"},"version_group":{"name":"ruby-sapphire","url":"https://pokeapi.co/api/v2/version-group/5/"}},{"flavor_text":"Augmente attaques feu.","language":{"name":"fr","url":"https://pokeapi.co/api/v2/language/5/"},"version_group":{"name":"emerald","url":"https://pokeapi.co/api/v2/version-group/6/"}},{"flavor_text":"Ups FIRE moves in a pinch.","language":{"name":"en","url":"https://pokeapi.co/api/v2/language/9/"},"version_group":{"name":"emerald","url":"https://pokeapi.co/api/v2/version-group/6/"}},{"flavor_text":"Augmente attaques feu.","language":{"name":"fr","url":"https://pokeapi.co/api/v2/language/5/"},"version_group":{"name":"firered-leafgreen","url":"https://pokeapi.co/api/v2/version-group/7/"}},{"flavor_text":"Ups FIRE moves in a pinch.","language":{"name":"en","url":"https://pokeapi.co/api/v2/language/9/"},"version_group":{"name":"firered-leafgreen","url":"https://pokeapi.co/api/v2/version-group/7/"}},{"flavor_text":"Booste les capacités Feu en cas de besoin.","language":{"name":"fr","url":"https://pokeapi.co/api/v2/language/5/"},"version_group":{"name":"diamond-pearl","url":"https://pokeapi.co/api/v2/version-group/8/"}},{"flavor_text":"Powers up Fire-type\nmoves in a pinch.","language":{"name":"en","url":"https://pokeapi.co/api/v2/language/9/"},"version_group":{"name":"diamond-pearl","url":"https://pokeapi.co/api/v2/version-group/8/"}},{"flavor_text":"Booste les capacités Feu en cas de besoin.","language":{"name":"fr","url":"https://pokeapi.co/api/v2/language/5/"},"version_group":{"name":"platinum","url":"https://pokeapi.co/api/v2/version-group/9/"}},{"flavor_text":"Powers up Fire-type\nmoves in a pinch.","language":{"name":"en","url":"https://pokeapi.co/api/v2/language/9/"},"version_group":{"name":"platinum","url":"https://pokeapi.co/api/v2/version-group/9/"}},{"flavor_text":"Booste les capacités Feu en cas de besoin.","language":{"name":"fr","url":"https://pokeapi.co/api/v2/language/5/"},"version_group":{"name":"heartgold-soulsilver","url":"https://pokeapi.co/api/v2/version-group/10/"}},{"flavor_text":"Powers up Fire-type\nmoves in a pinch.","language":{"name":"en","url":"https://pokeapi.co/api/v2/language/9/"},"version_group":{"name":"heartgold-soulsilver","url":"https://pokeapi.co/api/v2/version-group/10/"}},{"flavor_text":"Booste les capacités Feu en cas de besoin.","language":{"name":"fr","url":"https://pokeapi.co/api/v2/language/5/"},"version_group":{"name":"black-white","url":"https://pokeapi.co/api/v2/version-group/11/"}},{"flavor_text":"Powers up Fire-type\nmoves in a pinch.","language":{"name":"en","url":"https://pokeapi.co/api/v2/language/9/"},"version_group":{"name":"black-white","url":"https://pokeapi.co/api/v2/version-group/11/"}},{"flavor_text":"Booste les capacités Feu en cas de besoin.","language":{"name":"fr","url":"https://pokeapi.co/api/v2/language/5/"},"version_group":{"name":"xd","url":"https://pokeapi.co/api/v2/version-group/13/"}},{"flavor_text":"Booste les capacités Feu en cas de besoin.","language":{"name":"fr","url":"https://pokeapi.co/api/v2/language/5/"},"version_group":{"name":"black-2-white-2","url":"https://pokeapi.co/api/v2/version-group/14/"}},{"flavor_text":"Powers up Fire-type\nmoves in a pinch.","language":{"name":"en","url":"https://pokeapi.co/api/v2/language/9/"},"version_group":{"name":"black-2-white-2","url":"https://pokeapi.co/api/v2/version-group/14/"}},{"flavor_text":"ピンチのとき　ほのおの\nいりょくが　あがる。","language":{"name":"ja-hrkt","url":"https://pokeapi.co/api/v2/language/1/"},"version_group":{"name":"x-y","url":"https://pokeapi.co/api/v2/version-group/15/"}},{"flavor_text":"위급할 때 불꽃타입의\n위력이 올라간다.","language":{"name":"ko","url":"https://pokeapi.co/api/v2/language/3/"},"version_group":{"name":"x-y","url":"https://pokeapi.co/api/v2/version-group/15/"}},{"flavor_text":"Booste les capacités Feu en\ncas de besoin.","language":{"name":"fr","url":"https://pokeapi.co/api/v2/language/5/"},"version_group":{"name":"x-y","url":"https://pokeapi.co/api/v2/version-group/15/"}},{"flavor_text":"Erhöht in Notfällen die Stärke\nvon Feuer-Attacken.","language":{"name":"de","url":"https://pokeapi.co/api/v2/language/6/"},"version_group":{"name":"x-y","url":"https://pokeapi.co/api/v2/version-group/15/"}},{"flavor_text":"Potencia los ataques de tipo\nFuego en un apuro.","language":{"name":"es","url":"https://pokeapi.co/api/v2/language/7/"},"version_group":{"name":"x-y","url":"https://pokeapi.co/api/v2/version-group/15/"}},{"flavor_text":"Quando si è in difficoltà, potenzia\nle mosse di tipo Fuoco.","language":{"name":"it","url":"https://pokeapi.co/api/v2/language/8/"},"version_group":{"name":"x-y","url":"https://pokeapi.co/api/v2/version-group/15/"}},{"flavor_text":"Powers up Fire-type moves when\nthe Pokémon is in trouble.","language":{"name":"en","url":"https://pokeapi.co/api/v2/language/9/"},"version_group":{"name":"x-y","url":"https://pokeapi.co/api/v2/version-group/15/"}},{"flavor_text":"ピンチのとき　ほのおの\n威力が　あがる。","language":{"name":"ja","url":"https://pokeapi.co/api/v2/language/11/"},"version_group":{"name":"x-y","url":"https://pokeapi.co/api/v2/version-group/15/"}},{"flavor_text":"ピンチのとき　ほのおの\nいりょくが　あがる。","language":{"name":"ja-hrkt","url":"https://pokeapi.co/api/v2/language/1/"},"version_group":{"name":"omega-ruby-alpha-sapphire","url":"https://pokeapi.co/api/v2/version-group/16/"}},{"flavor_text":"위급할 때 불꽃타입의\n위력이 올라간다.","language":{"name":"ko","url":"https://pokeapi.co/api/v2/language/3/"},"version_group":{"name":"omega-ruby-alpha-sapphire","url":"https://pokeapi.co/api/v2/version-group/16/"}},{"flavor_text":"Booste les capacités Feu en cas de besoin.","language":{"name":"fr","url":"https://pokeapi.co/api/v2/language/5/"},"version_group":{"name":"omega-ruby-alpha-sapphire","url":"https://pokeapi.co/api/v2/version-group/16/"}},{"flavor_text":"Potencia los ataques de tipo\nFuego en un apuro.","language":{"name":"es","url":"https://pokeapi.co/api/v2/language/7/"},"version_group":{"name":"omega-ruby-alpha-sapphire","url":"https://pokeapi.co/api/v2/version-group/16/"}},{"flavor_text":"Quando si è in difficoltà, potenzia  \nle mosse di tipo Fuoco.","language":{"name":"it","url":"https://pokeapi.co/api/v2/language/8/"},"version_group":{"name":"omega-ruby-alpha-sapphire","url":"https://pokeapi.co/api/v2/version-group/16/"}},{"flavor_text":"Powers up Fire-type moves when\nthe Pokémon is in trouble.","language":{"name":"en","url":"https://pokeapi.co/api/v2/language/9/"},"version_group":{"name":"omega-ruby-alpha-sapphire","url":"https://pokeapi.co/api/v2/version-group/16/"}},{"flavor_text":"ピンチのとき　ほのおの\n威力が　あがる。","language":{"name":"ja","url":"https://pokeapi.co/api/v2/language/11/"},"version_group":{"name":"omega-ruby-alpha-sapphire","url":"https://pokeapi.co/api/v2/version-group/16/"}},{"flavor_text":"ＨＰが　へったとき\nほのおタイプの　わざの\nいりょくが　あがる。","language":{"name":"ja-hrkt","url":"https://pokeapi.co/api/v2/language/1/"},"version_group":{"name":"sun-moon","url":"https://pokeapi.co/api/v2/version-group/17/"}},{"flavor_text":"HP가 줄었을 때\n불꽃타입 기술의\n위력이 올라간다.","language":{"name":"ko","url":"https://pokeapi.co/api/v2/language/3/"},"version_group":{"name":"sun-moon","url":"https://pokeapi.co/api/v2/version-group/17/"}},{"flavor_text":"ＨＰ減少的時候，\n火屬性的招式威力會提高。","language":{"name":"zh-hant","url":"https://pokeapi.co/api/v2/language/4/"},"version_group":{"name":"sun-moon","url":"https://pokeapi.co/api/v2/version-group/17/"}},{"flavor_text":"Augmente la puissance des capacités de type Feu du Pokémon quand il a perdu une certaine quantité de PV.","language":{"name":"fr","url":"https://pokeapi.co/api/v2/language/5/"},"version_group":{"name":"sun-moon","url":"https://pokeapi.co/api/v2/version-group/17/"}},{"flavor_text":"Erhöht die Stärke von Feuer-Attacken,\nwenn die KP auf einen gewissen Wert fallen.","language":{"name":"de","url":"https://pokeapi.co/api/v2/language/6/"},"version_group":{"name":"sun-moon","url":"https://pokeapi.co/api/v2/version-group/17/"}},{"flavor_text":"Potencia los movimientos de tipo Fuego del Pokémon\ncuando le quedan pocos PS.","language":{"name":"es","url":"https://pokeapi.co/api/v2/language/7/"},"version_group":{"name":"sun-moon","url":"https://pokeapi.co/api/v2/version-group/17/"}},{"flavor_text":"Quando il Pokémon ha pochi PS, la potenza delle\nsue mosse di tipo Fuoco aumenta.","language":{"name":"it","url":"https://pokeapi.co/api/v2/language/8/"},"version_group":{"name":"sun-moon","url":"https://pokeapi.co/api/v2... (set the log level to DEBUG or TRACE to see the full content) 
 </msg>
<msg time="2026-05-24T12:13:05.819606" level="INFO">${response} = &lt;Response [200]&gt;</msg>
<var>${response}</var>
<arg>pokeapi</arg>
<arg>${ABILITY_API}/${ability_name}</arg>
<arg>expected_status=any</arg>
<doc>Sends a GET request on a previously created HTTP Session.</doc>
<status status="PASS" start="2026-05-24T12:13:05.810345" elapsed="0.009279"/>
</kw>
<return>
<value>${response}</value>
<status status="PASS" start="2026-05-24T12:13:05.819671" elapsed="0.000027"/>
</return>
<msg time="2026-05-24T12:13:05.819789" level="INFO">${ability_response} = &lt;Response [200]&gt;</msg>
<var>${ability_response}</var>
<arg>${ability}</arg>
<doc>Fetches Ability data from PokeAPI by name
and returns the full response object.</doc>
<status status="PASS" start="2026-05-24T12:13:05.810162" elapsed="0.009644"/>
</kw>
<kw name="Ability Should Exist" owner="ability_keywords">
<kw name="Should Be Equal As Integers" owner="BuiltIn">
<msg time="2026-05-24T12:13:05.820554" level="INFO">Argument types are:
&lt;class 'int'&gt;
&lt;class 'str'&gt;</msg>
<arg>${response.status_code}</arg>
<arg>200</arg>
<doc>Fails if objects are unequal after converting them to integers.</doc>
<status status="PASS" start="2026-05-24T12:13:05.820159" elapsed="0.000437"/>
</kw>
<arg>${ability_response}</arg>
<doc>Verifies that a Ability exists in the PokeAPI by
checking that the response status code is 200 (OK).</doc>
<status status="PASS" start="2026-05-24T12:13:05.819958" elapsed="0.000679"/>
</kw>
<var name="${ability}">blaze</var>
<status status="PASS" start="2026-05-24T12:13:05.810061" elapsed="0.010595"/>
</iter>
<iter>
<kw name="Get Ability By Name" owner="ability_keywords">
<kw name="GET On Session" owner="RequestsLibrary">
<msg time="2026-05-24T12:13:05.828700" level="INFO">GET Request : url=https://pokeapi.co/api/v2/ability/solar-power 
 path_url=/api/v2/ability/solar-power 
 headers={'User-Agent': 'python-requests/2.34.2', 'Accept-Encoding': 'gzip, deflate', 'Accept': '*/*', 'Connection': 'keep-alive'} 
 body=None 
 </msg>
<msg time="2026-05-24T12:13:05.828785" level="INFO">GET Response : url=https://pokeapi.co/api/v2/ability/solar-power 
 status=200, reason=OK 
 headers={'Date': 'Sun, 24 May 2026 12:13:05 GMT', 'Content-Type': 'application/json; charset=utf-8', 'Transfer-Encoding': 'chunked', 'Connection': 'keep-alive', 'Access-Control-Allow-Origin': '*', 'access-control-expose-headers': 'X-PokeAPI-Hash,X-PokeAPI-Deploy-Date', 'cache-control': 'public, max-age=86400, s-maxage=86400', 'Report-To': '{"group":"cf-nel","max_age":604800,"endpoints":[{"url":"https://a.nel.cloudflare.com/report/v4?s=v8eza6Ps4QOLQ2qfH2JVc6mdj%2FnjQ2I7LMLzLvWASlFBZcVg6aD73JfObqdSJqYNyQITkJWP%2ByADkBZQFNc4BzCwmcYevJPGUV4PG7tAuL3F%2FBnYw1yZCCyOnH5h"}]}', 'etag': 'W/"5209-StVTmfNGLnJ4oJEmzedFXw/rtpA"', 'function-execution-id': 'ovsw98e3ct6h', 'Server': 'cloudflare', 'strict-transport-security': 'max-age=31556926', 'x-cloud-trace-context': 'bcf88e0bae79d80dd3675ece8befc481', 'x-country-code': 'US', 'x-pokeapi-deploy-date': '1777467995', 'x-pokeapi-hash': '6465e037c889ae5e3ebe23334ca76e03cd26bba1', 'x-powered-by': 'Express', 'x-served-by': 'cache-bos-kbos510035-BOS', 'x-cache': 'MISS', 'x-cache-hits': '0', 'x-timer': 'S1777521923.173615,VS0,VE246', 'vary': 'Accept-Encoding,cookie,need-authorization, x-fh-requested-host, accept-encoding', 'alt-svc': 'h3=":443"; ma=86400', 'Nel': '{"report_to":"cf-nel","success_fraction":0.0,"max_age":604800}', 'Age': '8026', 'cf-cache-status': 'HIT', 'Content-Encoding': 'gzip', 'CF-RAY': 'a00c365f6d938c9d-IAD'} 
 body={"effect_changes":[],"effect_entries":[{"effect":"Sous soleil intense, ce Pokémon a 1.5× son Attaque Spéciale mais subit 1/8 de ses PV maximum en dégâts après chaque tour.","language":{"name":"fr","url":"https://pokeapi.co/api/v2/language/5/"},"short_effect":"Augmente l'Attaque Spéciale de 1.5× mais coûte 1/8 des PV max après chaque tour sous soleil intense."},{"effect":"Während starkem Sonnenlicht, wird der Spezialangriff von Pokémon mit dieser Fähigkeit um 50% erhöht, dafür erleidet es 1/8 seiner maximalen KP Schaden am Ende der Runde.","language":{"name":"de","url":"https://pokeapi.co/api/v2/language/6/"},"short_effect":"Erhöht den Spezialangriff um 50% aber zieht jede Runde 1/8 der max KP ab während starkem Sonnenlicht."},{"effect":"During strong sunlight, this Pokémon has 1.5× its Special Attack but takes 1/8 of its maximum HP in damage after each turn.","language":{"name":"en","url":"https://pokeapi.co/api/v2/language/9/"},"short_effect":"Increases Special Attack to 1.5× but costs 1/8 max HP after each turn during strong sunlight."}],"flavor_text_entries":[{"flavor_text":"Augmente l'Atq. Spé. mais baisse les PV au soleil.","language":{"name":"fr","url":"https://pokeapi.co/api/v2/language/5/"},"version_group":{"name":"diamond-pearl","url":"https://pokeapi.co/api/v2/version-group/8/"}},{"flavor_text":"Boosts Sp. Atk, but\nlowers HP in sunshine.","language":{"name":"en","url":"https://pokeapi.co/api/v2/language/9/"},"version_group":{"name":"diamond-pearl","url":"https://pokeapi.co/api/v2/version-group/8/"}},{"flavor_text":"Augmente l'Atq. Spé. mais baisse les PV au soleil.","language":{"name":"fr","url":"https://pokeapi.co/api/v2/language/5/"},"version_group":{"name":"platinum","url":"https://pokeapi.co/api/v2/version-group/9/"}},{"flavor_text":"Boosts Sp. Atk, but\nlowers HP in sunshine.","language":{"name":"en","url":"https://pokeapi.co/api/v2/language/9/"},"version_group":{"name":"platinum","url":"https://pokeapi.co/api/v2/version-group/9/"}},{"flavor_text":"Augmente l'Atq. Spé. mais baisse les PV au soleil.","language":{"name":"fr","url":"https://pokeapi.co/api/v2/language/5/"},"version_group":{"name":"heartgold-soulsilver","url":"https://pokeapi.co/api/v2/version-group/10/"}},{"flavor_text":"Boosts Sp. Atk, but\nlowers HP in sunshine.","language":{"name":"en","url":"https://pokeapi.co/api/v2/language/9/"},"version_group":{"name":"heartgold-soulsilver","url":"https://pokeapi.co/api/v2/version-group/10/"}},{"flavor_text":"Augmente l'Atq. Spé. mais baisse les PV au soleil.","language":{"name":"fr","url":"https://pokeapi.co/api/v2/language/5/"},"version_group":{"name":"black-white","url":"https://pokeapi.co/api/v2/version-group/11/"}},{"flavor_text":"In sunshine, Sp. Atk is\nboosted but HP decreases.","language":{"name":"en","url":"https://pokeapi.co/api/v2/language/9/"},"version_group":{"name":"black-white","url":"https://pokeapi.co/api/v2/version-group/11/"}},{"flavor_text":"Augmente l'Atq. Spé. mais baisse les PV au soleil.","language":{"name":"fr","url":"https://pokeapi.co/api/v2/language/5/"},"version_group":{"name":"black-2-white-2","url":"https://pokeapi.co/api/v2/version-group/14/"}},{"flavor_text":"In sunshine, Sp. Atk is\nboosted but HP decreases.","language":{"name":"en","url":"https://pokeapi.co/api/v2/language/9/"},"version_group":{"name":"black-2-white-2","url":"https://pokeapi.co/api/v2/version-group/14/"}},{"flavor_text":"はれると　ＨＰが　へるが\nとくこうが　あがる。","language":{"name":"ja-hrkt","url":"https://pokeapi.co/api/v2/language/1/"},"version_group":{"name":"x-y","url":"https://pokeapi.co/api/v2/version-group/15/"}},{"flavor_text":"맑으면 HP가 줄지만\n특수공격이 올라간다.","language":{"name":"ko","url":"https://pokeapi.co/api/v2/language/3/"},"version_group":{"name":"x-y","url":"https://pokeapi.co/api/v2/version-group/15/"}},{"flavor_text":"Augmente l'Attaque Spéciale mais baisse les PV au soleil.","language":{"name":"fr","url":"https://pokeapi.co/api/v2/language/5/"},"version_group":{"name":"x-y","url":"https://pokeapi.co/api/v2/version-group/15/"}},{"flavor_text":"Führt bei Sonne zu KP-Verlusten,\nerhöht aber den Spezial-Angriff.","language":{"name":"de","url":"https://pokeapi.co/api/v2/language/6/"},"version_group":{"name":"x-y","url":"https://pokeapi.co/api/v2/version-group/15/"}},{"flavor_text":"Si hace sol, baja los PS, pero\npotencia el At. Esp.","language":{"name":"es","url":"https://pokeapi.co/api/v2/language/7/"},"version_group":{"name":"x-y","url":"https://pokeapi.co/api/v2/version-group/15/"}},{"flavor_text":"Se c’è il sole aumenta l’Attacco\nSpeciale, ma riduce i PS.","language":{"name":"it","url":"https://pokeapi.co/api/v2/language/8/"},"version_group":{"name":"x-y","url":"https://pokeapi.co/api/v2/version-group/15/"}},{"flavor_text":"Boosts the Sp. Atk stat in sunny\nweather, but HP decreases.","language":{"name":"en","url":"https://pokeapi.co/api/v2/language/9/"},"version_group":{"name":"x-y","url":"https://pokeapi.co/api/v2/version-group/15/"}},{"flavor_text":"晴れると　ＨＰが　減るが\n特攻が　あがる。","language":{"name":"ja","url":"https://pokeapi.co/api/v2/language/11/"},"version_group":{"name":"x-y","url":"https://pokeapi.co/api/v2/version-group/15/"}},{"flavor_text":"はれると　ＨＰが　へるが\nとくこうが　あがる。","language":{"name":"ja-hrkt","url":"https://pokeapi.co/api/v2/language/1/"},"version_group":{"name":"omega-ruby-alpha-sapphire","url":"https://pokeapi.co/api/v2/version-group/16/"}},{"flavor_text":"맑으면 HP가 줄지만\n특수공격이 올라간다.","language":{"name":"ko","url":"https://pokeapi.co/api/v2/language/3/"},"version_group":{"name":"omega-ruby-alpha-sapphire","url":"https://pokeapi.co/api/v2/version-group/16/"}},{"flavor_text":"Augmente l'Attaque Spéciale mais baisse les PV au soleil.","language":{"name":"fr","url":"https://pokeapi.co/api/v2/language/5/"},"version_group":{"name":"omega-ruby-alpha-sapphire","url":"https://pokeapi.co/api/v2/version-group/16/"}},{"flavor_text":"Führt bei Sonne zu KP-Verlusten,\nerhöht aber den Spezial-Angriff.","language":{"name":"de","url":"https://pokeapi.co/api/v2/language/6/"},"version_group":{"name":"omega-ruby-alpha-sapphire","url":"https://pokeapi.co/api/v2/version-group/16/"}},{"flavor_text":"Si hace sol, baja los PS, pero\npotencia el At. Esp.","language":{"name":"es","url":"https://pokeapi.co/api/v2/language/7/"},"version_group":{"name":"omega-ruby-alpha-sapphire","url":"https://pokeapi.co/api/v2/version-group/16/"}},{"flavor_text":"Se c’è il sole aumenta l’Attacco\nSpeciale, ma riduce i PS.","language":{"name":"it","url":"https://pokeapi.co/api/v2/language/8/"},"version_group":{"name":"omega-ruby-alpha-sapphire","url":"https://pokeapi.co/api/v2/version-group/16/"}},{"flavor_text":"Boosts the Sp. Atk stat in sunny\nweather, but HP decreases.","language":{"name":"en","url":"https://pokeapi.co/api/v2/language/9/"},"version_group":{"name":"omega-ruby-alpha-sapphire","url":"https://pokeapi.co/api/v2/version-group/16/"}},{"flavor_text":"晴れると　ＨＰが　減るが\n特攻が　あがる。","language":{"name":"ja","url":"https://pokeapi.co/api/v2/language/11/"},"version_group":{"name":"omega-ruby-alpha-sapphire","url":"https://pokeapi.co/api/v2/version-group/16/"}},{"flavor_text":"てんきが　はれると\nとくこうが　あがるが\nまいターン　ＨＰが　へる。","language":{"name":"ja-hrkt","url":"https://pokeapi.co/api/v2/language/1/"},"version_group":{"name":"sun-moon","url":"https://pokeapi.co/api/v2/version-group/17/"}},{"flavor_text":"날씨가 맑으면\n특수공격이 올라가지만\n매 턴 HP가 줄어든다.","language":{"name":"ko","url":"https://pokeapi.co/api/v2/language/3/"},"version_group":{"name":"sun-moon","url":"https://pokeapi.co/api/v2/version-group/17/"}},{"flavor_text":"晴朗天氣時特攻會提高，\n但每回合ＨＰ會減少。","language":{"name":"zh-hant","url":"https://pokeapi.co/api/v2/language/4/"},"version_group":{"name":"sun-moon","url":"https://pokeapi.co/api/v2/version-group/17/"}},{"flavor_text":"Quand le soleil brille, l'Attaque Spéciale du Pokémon augmente mais il perd des PV à chaque tour.","language":{"name":"fr","url":"https://pokeapi.co/api/v2/language/5/"},"version_group":{"name":"sun-moon","url":"https://pokeapi.co/api/v2/version-group/17/"}},{"flavor_text":"Führt bei Sonnenschein in jeder Runde zu\nKP-Verlusten, erhöht aber den Spezial-Angriff.","language":{"name":"de","url":"https://pokeapi.co/api/v2/language/6/"},"version_group":{"name":"sun-moon","url":"https://pokeapi.co/api/v2/version-group/17/"}},{"flavor_text":"Si hace sol, aumenta su Ataque Especial, pero\npierde PS en cada turno.","language":{"name":"es","url":"https://pokeapi.co/api/v2/language/7/"},"version_group":{"name":"sun-moon","url":"https://pokeapi.co/api/v2/version-group/17/"}},{"flavor_text":"Se la luce del sole è intensa, l’Attacco Speciale\naumenta, ma il Pokémon perde PS a ogni turno.","language":{"name":"it","url":"https://pokeapi.co/api/v2/language/8/"},"version_group":{"name":"sun-moon","url":"https://pokeapi.co/api/v2/version-group/17/"}},{"flavor_text":"Boosts the Sp. Atk stat in sunny weather, but HP\ndecreases every turn.","language":{"name":"en","url":"https://pokeapi.co/api/v2/language/9/"},"version_group":{"name":"sun-moon","url":"https://pokeapi.co/api/v2/version-group/17/"}},{"flavor_text":"天気が　晴れると\n特攻が　上がるが\n毎ターン　ＨＰが　減る。","language":{"name":"ja","url":"https://pokeapi.co/api/v2/language/11/"},"version_group":{"name":"sun-moon","url":"https://pokeapi.co/api/v2/version-group/17/"}},{"flavor_text":"晴朗天气时，\n特攻会提高，\n而每回合ＨＰ会减少。","language":{"name":"zh-hans","url":"https://pokeapi.co/api/v2/language/12/"},"version_group":{"name":"sun-moon","url":"https://pokeapi.co/api/v2/version-group/17/"}},{"flavor_text":"てんきが　はれると\nとくこうが　あがるが\nまいターン　ＨＰが　へる。","language":{"name":"ja-hrkt","url":"https://pokeapi.co/api/v2/language/1/"},"version_group":{"name":"ultra-sun-ultra-moon","url":"https://pokeapi.co/api/v2/version-group/18/"}},{"flavor_text":"날씨가 맑으면\n특수공격이 올라가지만\n매 턴 HP가 줄어든다.","language":{"name":"ko","url":"https://pokeapi.co/api/v2/language/3/"},"version_group":{"name":"ultra-sun-ultra-moon","url":"https://pokeapi.co/api/v2/version-group/18/"}},{"flavor_text":"晴朗天氣時特攻會提高，\n但每回合ＨＰ會減少。","language":{"name":"zh-hant","url":"https://pokeapi.co/api/... (set the log level to DEBUG or TRACE to see the full content) 
 </msg>
<msg time="2026-05-24T12:13:05.828990" level="INFO">${response} = &lt;Response [200]&gt;</msg>
<var>${response}</var>
<arg>pokeapi</arg>
<arg>${ABILITY_API}/${ability_name}</arg>
<arg>expected_status=any</arg>
<doc>Sends a GET request on a previously created HTTP Session.</doc>
<status status="PASS" start="2026-05-24T12:13:05.821016" elapsed="0.007993"/>
</kw>
<return>
<value>${response}</value>
<status status="PASS" start="2026-05-24T12:13:05.829053" elapsed="0.000029"/>
</return>
<msg time="2026-05-24T12:13:05.829175" level="INFO">${ability_response} = &lt;Response [200]&gt;</msg>
<var>${ability_response}</var>
<arg>${ability}</arg>
<doc>Fetches Ability data from PokeAPI by name
and returns the full response object.</doc>
<status status="PASS" start="2026-05-24T12:13:05.820817" elapsed="0.008373"/>
</kw>
<kw name="Ability Should Exist" owner="ability_keywords">
<kw name="Should Be Equal As Integers" owner="BuiltIn">
<msg time="2026-05-24T12:13:05.829925" level="INFO">Argument types are:
&lt;class 'int'&gt;
&lt;class 'str'&gt;</msg>
<arg>${response.status_code}</arg>
<arg>200</arg>
<doc>Fails if objects are unequal after converting them to integers.</doc>
<status status="PASS" start="2026-05-24T12:13:05.829499" elapsed="0.000469"/>
</kw>
<arg>${ability_response}</arg>
<doc>Verifies that a Ability exists in the PokeAPI by
checking that the response status code is 200 (OK).</doc>
<status status="PASS" start="2026-05-24T12:13:05.829298" elapsed="0.000713"/>
</kw>
<var name="${ability}">solar-power</var>
<status status="PASS" start="2026-05-24T12:13:05.820723" elapsed="0.009307"/>
</iter>
<var>${ability}</var>
<value>@{abilities}</value>
<status status="PASS" start="2026-05-24T12:13:05.809954" elapsed="0.020098"/>
</for>
<kw name="Sleep" owner="BuiltIn" type="TEARDOWN">
<msg time="2026-05-24T12:13:06.030525" level="INFO">Slept 200 milliseconds.</msg>
<arg>0.2</arg>
<doc>Pauses the test executed for the given time.</doc>
<status status="PASS" start="2026-05-24T12:13:05.830198" elapsed="0.200451"/>
</kw>
<doc>Given the PokeAPI is available
When we request Pokémon Charizard
Then all referenced type endpoints should exist and be valid</doc>
<tag>cross-endpoint</tag>
<tag>pokemon</tag>
<tag>regression</tag>
<tag>type</tag>
<status status="PASS" start="2026-05-24T12:13:05.723192" elapsed="0.307532"/>
</test>
<doc>Cross-endpoint validation test suite
Verifies data consistency between related PokéAPI endpoints.
Ensures that Pokémon data correctly links to Type endpoints,
validating referential integrity across the API.</doc>
<status status="PASS" start="2026-05-24T12:13:05.343638" elapsed="0.687660"/>
</suite>
<status status="PASS" start="2026-05-24T12:13:05.342764" elapsed="0.689195"/>
</suite>
<suite id="s1-s2" name="Pokemon" source="/home/runner/work/poke-robot/poke-robot/tests/pokemon">
<suite id="s1-s2-s1" name="Pokemon Lookup" source="/home/runner/work/poke-robot/poke-robot/tests/pokemon/pokemon_lookup.robot">
<kw name="Create PokeAPI Session" owner="common" type="SETUP">
<kw name="Create Session" owner="RequestsLibrary">
<msg time="2026-05-24T12:13:06.050081" level="INFO">Creating Session using : alias=pokeapi, url=https://pokeapi.co, headers={},                     cookies={}, auth=None, timeout=10, proxies=None, verify=True,                     debug=0 </msg>
<arg>pokeapi</arg>
<arg>${BASE_URL}</arg>
<arg>timeout=${TIMEOUT}</arg>
<arg>verify=true</arg>
<doc>Create Session: create a HTTP session to a server</doc>
<status status="PASS" start="2026-05-24T12:13:06.049874" elapsed="0.000344"/>
</kw>
<doc>Creates a HTTP session the pokemon API.</doc>
<status status="PASS" start="2026-05-24T12:13:06.049640" elapsed="0.000632"/>
</kw>
<test id="s1-s2-s1-t1" name="Verify Pikachu Exists" line="20">
<kw name="Get Pokemon By Name" owner="pokemon_keywords">
<kw name="GET On Session" owner="RequestsLibrary">
<msg time="2026-05-24T12:13:06.084982" level="INFO">GET Request : url=https://pokeapi.co/api/v2/pokemon/pikachu 
 path_url=/api/v2/pokemon/pikachu 
 headers={'User-Agent': 'python-requests/2.34.2', 'Accept-Encoding': 'gzip, deflate', 'Accept': '*/*', 'Connection': 'keep-alive'} 
 body=None 
 </msg>
<msg time="2026-05-24T12:13:06.085093" level="INFO">GET Response : url=https://pokeapi.co/api/v2/pokemon/pikachu 
 status=200, reason=OK 
 headers={'Date': 'Sun, 24 May 2026 12:13:06 GMT', 'Content-Type': 'application/json; charset=utf-8', 'Transfer-Encoding': 'chunked', 'Connection': 'keep-alive', 'Access-Control-Allow-Origin': '*', 'cache-control': 'public, max-age=86400, s-maxage=86400', 'Report-To': '{"group":"cf-nel","max_age":604800,"endpoints":[{"url":"https://a.nel.cloudflare.com/report/v4?s=XsiMd%2BvXh%2Bbq3Fojr42gLyrGL7fvLAy%2FQ8yZhekYpwuKkJjplk5x9jdigFz6sb4IkvdxDXoe%2FYTARa2Gl4tKSBA8xlZi8BZImzBk%2Ff5A8bV78BO4ct6ZlAAYVAk9"}]}', 'etag': 'W/"42fa5-Rki03iRHTV1iI4o430TuCZKfHZE"', 'function-execution-id': '0g6g5o3ixi85', 'Server': 'cloudflare', 'strict-transport-security': 'max-age=31556926', 'x-cloud-trace-context': '0c764184eb992a70048e13956faa7ce3', 'x-country-code': 'US', 'x-orig-accept-language': 'en-US,en;q=0.9', 'x-powered-by': 'Express', 'x-served-by': 'cache-lga21931-LGA', 'x-cache': 'HIT', 'x-cache-hits': '0', 'x-timer': 'S1771750740.803579,VS0,VE1', 'vary': 'Accept-Encoding,cookie,need-authorization, x-fh-requested-host, accept-encoding', 'alt-svc': 'h3=":443"; ma=86400', 'Nel': '{"report_to":"cf-nel","success_fraction":0.0,"max_age":604800}', 'Age': '16067', 'cf-cache-status': 'HIT', 'Content-Encoding': 'gzip', 'CF-RAY': 'a00c3660f91bd6e3-IAD'} 
 body={"abilities":[{"ability":{"name":"static","url":"https://pokeapi.co/api/v2/ability/9/"},"is_hidden":false,"slot":1},{"ability":{"name":"lightning-rod","url":"https://pokeapi.co/api/v2/ability/31/"},"is_hidden":true,"slot":3}],"base_experience":112,"cries":{"latest":"https://raw.githubusercontent.com/PokeAPI/cries/main/cries/pokemon/latest/25.ogg","legacy":"https://raw.githubusercontent.com/PokeAPI/cries/main/cries/pokemon/legacy/25.ogg"},"forms":[{"name":"pikachu","url":"https://pokeapi.co/api/v2/pokemon-form/25/"}],"game_indices":[{"game_index":84,"version":{"name":"red","url":"https://pokeapi.co/api/v2/version/1/"}},{"game_index":84,"version":{"name":"blue","url":"https://pokeapi.co/api/v2/version/2/"}},{"game_index":84,"version":{"name":"yellow","url":"https://pokeapi.co/api/v2/version/3/"}},{"game_index":25,"version":{"name":"gold","url":"https://pokeapi.co/api/v2/version/4/"}},{"game_index":25,"version":{"name":"silver","url":"https://pokeapi.co/api/v2/version/5/"}},{"game_index":25,"version":{"name":"crystal","url":"https://pokeapi.co/api/v2/version/6/"}},{"game_index":25,"version":{"name":"ruby","url":"https://pokeapi.co/api/v2/version/7/"}},{"game_index":25,"version":{"name":"sapphire","url":"https://pokeapi.co/api/v2/version/8/"}},{"game_index":25,"version":{"name":"emerald","url":"https://pokeapi.co/api/v2/version/9/"}},{"game_index":25,"version":{"name":"firered","url":"https://pokeapi.co/api/v2/version/10/"}},{"game_index":25,"version":{"name":"leafgreen","url":"https://pokeapi.co/api/v2/version/11/"}},{"game_index":25,"version":{"name":"diamond","url":"https://pokeapi.co/api/v2/version/12/"}},{"game_index":25,"version":{"name":"pearl","url":"https://pokeapi.co/api/v2/version/13/"}},{"game_index":25,"version":{"name":"platinum","url":"https://pokeapi.co/api/v2/version/14/"}},{"game_index":25,"version":{"name":"heartgold","url":"https://pokeapi.co/api/v2/version/15/"}},{"game_index":25,"version":{"name":"soulsilver","url":"https://pokeapi.co/api/v2/version/16/"}},{"game_index":25,"version":{"name":"black","url":"https://pokeapi.co/api/v2/version/17/"}},{"game_index":25,"version":{"name":"white","url":"https://pokeapi.co/api/v2/version/18/"}},{"game_index":25,"version":{"name":"black-2","url":"https://pokeapi.co/api/v2/version/21/"}},{"game_index":25,"version":{"name":"white-2","url":"https://pokeapi.co/api/v2/version/22/"}}],"height":4,"held_items":[{"item":{"name":"oran-berry","url":"https://pokeapi.co/api/v2/item/132/"},"version_details":[{"rarity":50,"version":{"name":"ruby","url":"https://pokeapi.co/api/v2/version/7/"}},{"rarity":50,"version":{"name":"sapphire","url":"https://pokeapi.co/api/v2/version/8/"}},{"rarity":50,"version":{"name":"emerald","url":"https://pokeapi.co/api/v2/version/9/"}},{"rarity":50,"version":{"name":"diamond","url":"https://pokeapi.co/api/v2/version/12/"}},{"rarity":50,"version":{"name":"pearl","url":"https://pokeapi.co/api/v2/version/13/"}},{"rarity":50,"version":{"name":"platinum","url":"https://pokeapi.co/api/v2/version/14/"}},{"rarity":50,"version":{"name":"heartgold","url":"https://pokeapi.co/api/v2/version/15/"}},{"rarity":50,"version":{"name":"soulsilver","url":"https://pokeapi.co/api/v2/version/16/"}},{"rarity":50,"version":{"name":"black","url":"https://pokeapi.co/api/v2/version/17/"}},{"rarity":50,"version":{"name":"white","url":"https://pokeapi.co/api/v2/version/18/"}}]},{"item":{"name":"light-ball","url":"https://pokeapi.co/api/v2/item/213/"},"version_details":[{"rarity":5,"version":{"name":"ruby","url":"https://pokeapi.co/api/v2/version/7/"}},{"rarity":5,"version":{"name":"sapphire","url":"https://pokeapi.co/api/v2/version/8/"}},{"rarity":5,"version":{"name":"emerald","url":"https://pokeapi.co/api/v2/version/9/"}},{"rarity":5,"version":{"name":"diamond","url":"https://pokeapi.co/api/v2/version/12/"}},{"rarity":5,"version":{"name":"pearl","url":"https://pokeapi.co/api/v2/version/13/"}},{"rarity":5,"version":{"name":"platinum","url":"https://pokeapi.co/api/v2/version/14/"}},{"rarity":5,"version":{"name":"heartgold","url":"https://pokeapi.co/api/v2/version/15/"}},{"rarity":5,"version":{"name":"soulsilver","url":"https://pokeapi.co/api/v2/version/16/"}},{"rarity":1,"version":{"name":"black","url":"https://pokeapi.co/api/v2/version/17/"}},{"rarity":1,"version":{"name":"white","url":"https://pokeapi.co/api/v2/version/18/"}},{"rarity":5,"version":{"name":"black-2","url":"https://pokeapi.co/api/v2/version/21/"}},{"rarity":5,"version":{"name":"white-2","url":"https://pokeapi.co/api/v2/version/22/"}},{"rarity":5,"version":{"name":"x","url":"https://pokeapi.co/api/v2/version/23/"}},{"rarity":5,"version":{"name":"y","url":"https://pokeapi.co/api/v2/version/24/"}},{"rarity":5,"version":{"name":"omega-ruby","url":"https://pokeapi.co/api/v2/version/25/"}},{"rarity":5,"version":{"name":"alpha-sapphire","url":"https://pokeapi.co/api/v2/version/26/"}},{"rarity":5,"version":{"name":"sun","url":"https://pokeapi.co/api/v2/version/27/"}},{"rarity":5,"version":{"name":"moon","url":"https://pokeapi.co/api/v2/version/28/"}},{"rarity":5,"version":{"name":"ultra-sun","url":"https://pokeapi.co/api/v2/version/29/"}},{"rarity":5,"version":{"name":"ultra-moon","url":"https://pokeapi.co/api/v2/version/30/"}}]}],"id":25,"is_default":true,"location_area_encounters":"https://pokeapi.co/api/v2/pokemon/25/encounters","moves":[{"move":{"name":"mega-punch","url":"https://pokeapi.co/api/v2/move/5/"},"version_group_details":[{"level_learned_at":0,"move_learn_method":{"name":"machine","url":"https://pokeapi.co/api/v2/move-learn-method/4/"},"order":null,"version_group":{"name":"red-blue","url":"https://pokeapi.co/api/v2/version-group/1/"}},{"level_learned_at":0,"move_learn_method":{"name":"machine","url":"https://pokeapi.co/api/v2/move-learn-method/4/"},"order":null,"version_group":{"name":"yellow","url":"https://pokeapi.co/api/v2/version-group/2/"}},{"level_learned_at":0,"move_learn_method":{"name":"tutor","url":"https://pokeapi.co/api/v2/move-learn-method/3/"},"order":null,"version_group":{"name":"emerald","url":"https://pokeapi.co/api/v2/version-group/6/"}},{"level_learned_at":0,"move_learn_method":{"name":"tutor","url":"https://pokeapi.co/api/v2/move-learn-method/3/"},"order":null,"version_group":{"name":"firered-leafgreen","url":"https://pokeapi.co/api/v2/version-group/7/"}},{"level_learned_at":0,"move_learn_method":{"name":"machine","url":"https://pokeapi.co/api/v2/move-learn-method/4/"},"order":null,"version_group":{"name":"sword-shield","url":"https://pokeapi.co/api/v2/version-group/20/"}},{"level_learned_at":0,"move_learn_method":{"name":"machine","url":"https://pokeapi.co/api/v2/move-learn-method/4/"},"order":null,"version_group":{"name":"red-green-japan","url":"https://pokeapi.co/api/v2/version-group/28/"}},{"level_learned_at":0,"move_learn_method":{"name":"machine","url":"https://pokeapi.co/api/v2/move-learn-method/4/"},"order":null,"version_group":{"name":"blue-japan","url":"https://pokeapi.co/api/v2/version-group/29/"}}]},{"move":{"name":"pay-day","url":"https://pokeapi.co/api/v2/move/6/"},"version_group_details":[{"level_learned_at":0,"move_learn_method":{"name":"machine","url":"https://pokeapi.co/api/v2/move-learn-method/4/"},"order":null,"version_group":{"name":"red-blue","url":"https://pokeapi.co/api/v2/version-group/1/"}},{"level_
[...]
et-scent","url":"https://pokeapi.co/api/v2/move/230/"},{"name":"morning-sun","url":"https://pokeapi.co/api/v2/move/234/"},{"name":"hidden-power","url":"https://pokeapi.co/api/v2/move/237/"},{"name":"psych-up","url":"https://pokeapi.co/api/v2/move/244/"},{"name":"extreme-speed","url":"https://pokeapi.co/api/v2/move/245/"},{"name":"fake-out","url":"https://pokeapi.co/api/v2/move/252/"},{"name":"uproar","url":"https://pokeapi.co/api/v2/move/253/"},{"name":"stockpile","url":"https://pokeapi.co/api/v2/move/254/"},{"name":"spit-up","url":"https://pokeapi.co/api/v2/move/255/"},{"name":"swallow","url":"https://pokeapi.co/api/v2/move/256/"},{"name":"facade","url":"https://pokeapi.co/api/v2/move/263/"},{"name":"smelling-salts","url":"https://pokeapi.co/api/v2/move/265/"},{"name":"follow-me","url":"https://pokeapi.co/api/v2/move/266/"},{"name":"nature-power","url":"https://pokeapi.co/api/v2/move/267/"},{"name":"helping-hand","url":"https://pokeapi.co/api/v2/move/270/"},{"name":"wish","url":"https://pokeapi.co/api/v2/move/273/"},{"name":"assist","url":"https://pokeapi.co/api/v2/move/274/"},{"name":"recycle","url":"https://pokeapi.co/api/v2/move/278/"},{"name":"yawn","url":"https://pokeapi.co/api/v2/move/281/"},{"name":"endeavor","url":"https://pokeapi.co/api/v2/move/283/"},{"name":"refresh","url":"https://pokeapi.co/api/v2/move/287/"},{"name":"secret-power","url":"https://pokeapi.co/api/v2/move/290/"},{"name":"camouflage","url":"https://pokeapi.co/api/v2/move/293/"},{"name":"teeter-dance","url":"https://pokeapi.co/api/v2/move/298/"},{"name":"slack-off","url":"https://pokeapi.co/api/v2/move/303/"},{"name":"hyper-voice","url":"https://pokeapi.co/api/v2/move/304/"},{"name":"crush-claw","url":"https://pokeapi.co/api/v2/move/306/"},{"name":"weather-ball","url":"https://pokeapi.co/api/v2/move/311/"},{"name":"odor-sleuth","url":"https://pokeapi.co/api/v2/move/316/"},{"name":"tickle","url":"https://pokeapi.co/api/v2/move/321/"},{"name":"block","url":"https://pokeapi.co/api/v2/move/335/"},{"name":"howl","url":"https://pokeapi.co/api/v2/move/336/"},{"name":"covet","url":"https://pokeapi.co/api/v2/move/343/"},{"name":"natural-gift","url":"https://pokeapi.co/api/v2/move/363/"},{"name":"feint","url":"https://pokeapi.co/api/v2/move/364/"},{"name":"acup... (set the log level to DEBUG or TRACE to see the full content) 
 </msg>
<msg time="2026-05-24T12:13:13.911689" level="INFO">${response} = &lt;Response [200]&gt;</msg>
<var>${response}</var>
<arg>pokeapi</arg>
<arg>${TYPE_API}/${type_name}</arg>
<arg>expected_status=any</arg>
<doc>Sends a GET request on a previously created HTTP Session.</doc>
<status status="PASS" start="2026-05-24T12:13:13.902776" elapsed="0.008932"/>
</kw>
<return>
<value>${response}</value>
<status status="PASS" start="2026-05-24T12:13:13.911753" elapsed="0.000037"/>
</return>
<msg time="2026-05-24T12:13:13.911911" level="INFO">${response} = &lt;Response [200]&gt;</msg>
<var>${response}</var>
<arg>normal</arg>
<doc>Fetches Type data from PokeAPI by name
and returns the full response object.</doc>
<status status="PASS" start="2026-05-24T12:13:13.902548" elapsed="0.009380"/>
</kw>
<kw name="Type Has No Effect On" owner="type_keywords">
<kw name="No Effect On" owner="type_library">
<arg>${response}</arg>
<arg>${type_name}</arg>
<status status="PASS" start="2026-05-24T12:13:13.912234" elapsed="0.000548"/>
</kw>
<arg>${response}</arg>
<arg>ghost</arg>
<doc>Verifies that a type has no effect on another type
by checking the "no_damage_to" field from the response type.</doc>
<status status="PASS" start="2026-05-24T12:13:13.912042" elapsed="0.000804"/>
</kw>
<kw name="Sleep" owner="BuiltIn" type="TEARDOWN">
<msg time="2026-05-24T12:13:14.113326" level="INFO">Slept 200 milliseconds.</msg>
<arg>0.2</arg>
<doc>Pauses the test executed for the given time.</doc>
<status status="PASS" start="2026-05-24T12:13:13.912971" elapsed="0.200480"/>
</kw>
<doc>Given the PokeAPI is available
When we request Normal type
Then Normal should have no effect on Ghost (Normal moves have no effect on Ghost)</doc>
<tag>regression</tag>
<tag>type</tag>
<status status="PASS" start="2026-05-24T12:13:13.902052" elapsed="0.211468"/>
</test>
<test id="s1-s5-s1-t10" name="Normal Is Immune To Ghost" line="103">
<kw name="Get Type By Name" owner="type_keywords">
<kw name="GET On Session" owner="RequestsLibrary">
<msg time="2026-05-24T12:13:14.123254" level="INFO">GET Request : url=https://pokeapi.co/api/v2/type/normal 
 path_url=/api/v2/type/normal 
 headers={'User-Agent': 'python-requests/2.34.2', 'Accept-Encoding': 'gzip, deflate', 'Accept': '*/*', 'Connection': 'keep-alive'} 
 body=None 
 </msg>
<msg time="2026-05-24T12:13:14.123341" level="INFO">GET Response : url=https://pokeapi.co/api/v2/type/normal 
 status=200, reason=OK 
 headers={'Date': 'Sun, 24 May 2026 12:13:14 GMT', 'Content-Type': 'application/json; charset=utf-8', 'Transfer-Encoding': 'chunked', 'Connection': 'keep-alive', 'Access-Control-Allow-Origin': '*', 'cache-control': 'public, max-age=86400, s-maxage=86400', 'Report-To': '{"group":"cf-nel","max_age":604800,"endpoints":[{"url":"https://a.nel.cloudflare.com/report/v4?s=oQcqdG7jpQZHcNUmylvUaEht%2FojfqSAem6xyGr6WiCTx8z8JDtXIDrVuQjSQkGHHkTgBPCiSOF1ZSw8LtZHspirBFBKC0Z7hJGiClEEXGGyhBVPNb3aGYQTiX%2BB1"}]}', 'etag': 'W/"824d-LwMGIn/CsCtRZ/taPhOKWOEq2Kk"', 'function-execution-id': '1kktkh64jnpg', 'Server': 'cloudflare', 'strict-transport-security': 'max-age=31556926', 'x-cloud-trace-context': 'df852bfca1c3c02fcb78e0f1132a8b4e', 'x-country-code': 'US', 'x-powered-by': 'Express', 'x-served-by': 'cache-lga21929-LGA', 'x-cache': 'HIT', 'x-cache-hits': '0', 'x-timer': 'S1775922862.022802,VS0,VE2', 'vary': 'Accept-Encoding,cookie,need-authorization, x-fh-requested-host, accept-encoding', 'alt-svc': 'h3=":443"; ma=86400', 'Nel': '{"report_to":"cf-nel","success_fraction":0.0,"max_age":604800}', 'Age': '71048', 'cf-cache-status': 'HIT', 'Content-Encoding': 'gzip', 'CF-RAY': 'a00c36933a24cbc5-IAD'} 
 body={"damage_relations":{"double_damage_from":[{"name":"fighting","url":"https://pokeapi.co/api/v2/type/2/"}],"double_damage_to":[],"half_damage_from":[],"half_damage_to":[{"name":"rock","url":"https://pokeapi.co/api/v2/type/6/"},{"name":"steel","url":"https://pokeapi.co/api/v2/type/9/"}],"no_damage_from":[{"name":"ghost","url":"https://pokeapi.co/api/v2/type/8/"}],"no_damage_to":[{"name":"ghost","url":"https://pokeapi.co/api/v2/type/8/"}]},"game_indices":[{"game_index":0,"generation":{"name":"generation-i","url":"https://pokeapi.co/api/v2/generation/1/"}},{"game_index":0,"generation":{"name":"generation-ii","url":"https://pokeapi.co/api/v2/generation/2/"}},{"game_index":0,"generation":{"name":"generation-iii","url":"https://pokeapi.co/api/v2/generation/3/"}},{"game_index":0,"generation":{"name":"generation-iv","url":"https://pokeapi.co/api/v2/generation/4/"}},{"game_index":0,"generation":{"name":"generation-v","url":"https://pokeapi.co/api/v2/generation/5/"}},{"game_index":0,"generation":{"name":"generation-vi","url":"https://pokeapi.co/api/v2/generation/6/"}}],"generation":{"name":"generation-i","url":"https://pokeapi.co/api/v2/generation/1/"},"id":1,"move_damage_class":{"name":"physical","url":"https://pokeapi.co/api/v2/move-damage-class/2/"},"moves":[{"name":"pound","url":"https://pokeapi.co/api/v2/move/1/"},{"name":"double-slap","url":"https://pokeapi.co/api/v2/move/3/"},{"name":"comet-punch","url":"https://pokeapi.co/api/v2/move/4/"},{"name":"mega-punch","url":"https://pokeapi.co/api/v2/move/5/"},{"name":"pay-day","url":"https://pokeapi.co/api/v2/move/6/"},{"name":"scratch","url":"https://pokeapi.co/api/v2/move/10/"},{"name":"vice-grip","url":"https://pokeapi.co/api/v2/move/11/"},{"name":"guillotine","url":"https://pokeapi.co/api/v2/move/12/"},{"name":"razor-wind","url":"https://pokeapi.co/api/v2/move/13/"},{"name":"swords-dance","url":"https://pokeapi.co/api/v2/move/14/"},{"name":"cut","url":"https://pokeapi.co/api/v2/move/15/"},{"name":"whirlwind","url":"https://pokeapi.co/api/v2/move/18/"},{"name":"bind","url":"https://pokeapi.co/api/v2/move/20/"},{"name":"slam","url":"https://pokeapi.co/api/v2/move/21/"},{"name":"stomp","url":"https://pokeapi.co/api/v2/move/23/"},{"name":"mega-kick","url":"https://pokeapi.co/api/v2/move/25/"},{"name":"headbutt","url":"https://pokeapi.co/api/v2/move/29/"},{"name":"horn-attack","url":"https://pokeapi.co/api/v2/move/30/"},{"name":"fury-attack","url":"https://pokeapi.co/api/v2/move/31/"},{"name":"horn-drill","url":"https://pokeapi.co/api/v2/move/32/"},{"name":"tackle","url":"https://pokeapi.co/api/v2/move/33/"},{"name":"body-slam","url":"https://pokeapi.co/api/v2/move/34/"},{"name":"wrap","url":"https://pokeapi.co/api/v2/move/35/"},{"name":"take-down","url":"https://pokeapi.co/api/v2/move/36/"},{"name":"thrash","url":"https://pokeapi.co/api/v2/move/37/"},{"name":"double-edge","url":"https://pokeapi.co/api/v2/move/38/"},{"name":"tail-whip","url":"https://pokeapi.co/api/v2/move/39/"},{"name":"leer","url":"https://pokeapi.co/api/v2/move/43/"},{"name":"growl","url":"https://pokeapi.co/api/v2/move/45/"},{"name":"roar","url":"https://pokeapi.co/api/v2/move/46/"},{"name":"sing","url":"https://pokeapi.co/api/v2/move/47/"},{"name":"supersonic","url":"https://pokeapi.co/api/v2/move/48/"},{"name":"sonic-boom","url":"https://pokeapi.co/api/v2/move/49/"},{"name":"disable","url":"https://pokeapi.co/api/v2/move/50/"},{"name":"hyper-beam","url":"https://pokeapi.co/api/v2/move/63/"},{"name":"strength","url":"https://pokeapi.co/api/v2/move/70/"},{"name":"growth","url":"https://pokeapi.co/api/v2/move/74/"},{"name":"quick-attack","url":"https://pokeapi.co/api/v2/move/98/"},{"name":"rage","url":"https://pokeapi.co/api/v2/move/99/"},{"name":"mimic","url":"https://pokeapi.co/api/v2/move/102/"},{"name":"screech","url":"https://pokeapi.co/api/v2/move/103/"},{"name":"double-team","url":"https://pokeapi.co/api/v2/move/104/"},{"name":"recover","url":"https://pokeapi.co/api/v2/move/105/"},{"name":"harden","url":"https://pokeapi.co/api/v2/move/106/"},{"name":"minimize","url":"https://pokeapi.co/api/v2/move/107/"},{"name":"smokescreen","url":"https://pokeapi.co/api/v2/move/108/"},{"name":"defense-curl","url":"https://pokeapi.co/api/v2/move/111/"},{"name":"focus-energy","url":"https://pokeapi.co/api/v2/move/116/"},{"name":"bide","url":"https://pokeapi.co/api/v2/move/117/"},{"name":"metronome","url":"https://pokeapi.co/api/v2/move/118/"},{"name":"self-destruct","url":"https://pokeapi.co/api/v2/move/120/"},{"name":"egg-bomb","url":"https://pokeapi.co/api/v2/move/121/"},{"name":"swift","url":"https://pokeapi.co/api/v2/move/129/"},{"name":"skull-bash","url":"https://pokeapi.co/api/v2/move/130/"},{"name":"spike-cannon","url":"https://pokeapi.co/api/v2/move/131/"},{"name":"constrict","url":"https://pokeapi.co/api/v2/move/132/"},{"name":"soft-boiled","url":"https://pokeapi.co/api/v2/move/135/"},{"name":"glare","url":"https://pokeapi.co/api/v2/move/137/"},{"name":"barrage","url":"https://pokeapi.co/api/v2/move/140/"},{"name":"lovely-kiss","url":"https://pokeapi.co/api/v2/move/142/"},{"name":"transform","url":"https://pokeapi.co/api/v2/move/144/"},{"name":"dizzy-punch","url":"https://pokeapi.co/api/v2/move/146/"},{"name":"flash","url":"https://pokeapi.co/api/v2/move/148/"},{"name":"splash","url":"https://pokeapi.co/api/v2/move/150/"},{"name":"explosion","url":"https://pokeapi.co/api/v2/move/153/"},{"name":"fury-swipes","url":"https://pokeapi.co/api/v2/move/154/"},{"name":"hyper-fang","url":"https://pokeapi.co/api/v2/move/158/"},{"name":"sharpen","url":"https://pokeapi.co/api/v2/move/159/"},{"name":"conversion","url":"https://pokeapi.co/api/v2/move/160/"},{"name":"tri-attack","url":"https://pokeapi.co/api/v2/move/161/"},{"name":"super-fang","url":"https://pokeapi.co/api/v2/move/162/"},{"name":"slash","url":"https://pokeapi.co/api/v2/move/163/"},{"name":"substitute","url":"https://pokeapi.co/api/v2/move/164/"},{"name":"struggle","url":"https://pokeapi.co/api/v2/move/165/"},{"name":"sketch","url":"https://pokeapi.co/api/v2/move/166/"},{"name":"mind-reader","url":"https://pokeapi.co/api/v2/move/170/"},{"name":"snore","url":"https://pokeapi.co/api/v2/move/173/"},{"name":"flail","url":"https://pokeapi.co/api/v2/move/175/"},{"name":"conversion-2","url":"https://pokeapi.co/api/v2/move/176/"},{"name":"protect","url":"https://pokeapi.co/api/v2/move/182/"},{"name":"scary-face","url":"https://pokeapi.co/api/v2/move/184/"},{"name":"belly-drum","url":"https://pokeapi.co/api/v2/move/187/"},{"name":"foresight","url":"https://pokeapi.co/api/v2/move/193/"},{"name":"perish-song","url":"https://pokeapi.co/api/v2/move/195/"},{"name":"lock-on","url":"https://pokeapi.co/api/v2/move/199/"},{"name":"endure","url":"https://pokeapi.co/api/v2/move/203/"},{"name":"false-swipe","url":"https://pokeapi.co/api/v2/move/206/"},{"name":"swagger","url":"https://pokeapi.co/api/v2/move/207/"},{"name":"milk-drink","url":"https://pokeapi.co/api/v2/move/208/"},{"name":"mean-look","url":"https://pokeapi.co/api/v2/move/212/"},{"name":"attract","url":"https://pokeapi.co/api/v2/move/213/"},{"name":"sleep-talk","url":"https://pokeapi.co/api/v2/move/214/"},{"name":"heal-bell","url":"https://pokeapi.co/api/v2/move/215/"},{"name":"return","url":"https://pokeapi.co/api/v2/move/216/"},{"name":"present","url":"https://pokeapi.co/api/v2/move/217/"},{"name":"frustration","url":"https://pokeapi.co/api/v2/move/218/"},{"name":"safeguard","url":"https://pokeapi.co/api/v2/move/219/"},{"name":"pain-split","url":"https://pokeapi.co/api/v2/move/220/"},{"name":"baton-pass","url":"https://pokeapi.co/api/v2/move/226/"},{"name":"encore","url":"https://pokeapi.co/api/v2/move/227/"},{"name":"rapid-spin","url":"https://pokeapi.co/api/v2/move/229/"},{"name":"sweet-scent","url":"https://pokeapi.co/api/v2/move/230/"},{"name":"morning-sun","url":"https://pokeapi.co/api/v2/move/234/"},{"name":"hidden-power","url":"https://pokeapi.co/api/v2/move/237/"},{"name":"psych-up","url":"https://pokeapi.co/api/v2/move/244/"},{"name":"extreme-speed","url":"https://pokeapi.co/api/v2/move/245/"},{"name":"fake-out","url":"https://pokeapi.co/api/v2/move/252/"},{"name":"uproar","url":"https://pokeapi.co/api/v2/move/253/"},{"name":"stockpile","url":"https://pokeapi.co/api/v2/move/254/"},{"name":"spit-up","url":"https://pokeapi.co/api/v2/move/255/"},{"name":"swallow","url":"https://pokeapi.co/api/v2/move/256/"},{"name":"facade","url":"https://pokeapi.co/api/v2/move/263/"},{"name":"smelling-salts","url":"https://pokeapi.co/api/v2/move/265/"},{"name":"follow-me","url":"https://pokeapi.co/api/v2/move/266/"},{"name":"nature-power","url":"https://pokeapi.co/api/v2/move/267/"},{"name":"helping-hand","url":"https://pokeapi.co/api/v2/move/270/"},{"name":"wish","url":"https://pokeapi.co/api/v2/move/273/"},{"name":"assist","url":"https://pokeapi.co/api/v2/move/274/"},{"name":"recycle","url":"https://pokeapi.co/api/v2/move/278/"},{"name":"yawn","url":"https://pokeapi.co/api/v2/move/281/"},{"name":"endeavor","url":"https://pokeapi.co/api/v2/move/283/"},{"name":"refresh","url":"https://pokeapi.co/api/v2/move/287/"},{"name":"secret-power","url":"https://pokeapi.co/api/v2/move/290/"},{"name":"camouflage","url":"https://pokeapi.co/api/v2/move/293/"},{"name":"teeter-dance","url":"https://pokeapi.co/api/v2/move/298/"},{"name":"slack-off","url":"https://pokeapi.co/api/v2/move/303/"},{"name":"hyper-voice","url":"https://pokeapi.co/api/v2/move/304/"},{"name":"crush-claw","url":"https://pokeapi.co/api/v2/move/306/"},{"name":"weather-ball","url":"https://pokeapi.co/api/v2/move/311/"},{"name":"odor-sleuth","url":"https://pokeapi.co/api/v2/move/316/"},{"name":"tickle","url":"https://pokeapi.co/api/v2/move/321/"},{"name":"block","url":"https://pokeapi.co/api/v2/move/335/"},{"name":"howl","url":"https://pokeapi.co/api/v2/move/336/"},{"name":"covet","url":"https://pokeapi.co/api/v2/move/343/"},{"name":"natural-gift","url":"https://pokeapi.co/api/v2/move/363/"},{"name":"feint","url":"https://pokeapi.co/api/v2/move/364/"},{"name":"acup... (set the log level to DEBUG or TRACE to see the full content) 
 </msg>
<msg time="2026-05-24T12:13:14.123534" level="INFO">${response} = &lt;Response [200]&gt;</msg>
<var>${response}</var>
<arg>pokeapi</arg>
<arg>${TYPE_API}/${type_name}</arg>
<arg>expected_status=any</arg>
<doc>Sends a GET request on a previously created HTTP Session.</doc>
<status status="PASS" start="2026-05-24T12:13:14.114601" elapsed="0.008953"/>
</kw>
<return>
<value>${response}</value>
<status status="PASS" start="2026-05-24T12:13:14.123603" elapsed="0.000037"/>
</return>
<msg time="2026-05-24T12:13:14.123742" level="INFO">${response} = &lt;Response [200]&gt;</msg>
<var>${response}</var>
<arg>normal</arg>
<doc>Fetches Type data from PokeAPI by name
and returns the full response object.</doc>
<status status="PASS" start="2026-05-24T12:13:14.114370" elapsed="0.009388"/>
</kw>
<kw name="Type Should Be Immune To" owner="type_keywords">
<kw name="Is Immune To" owner="type_library">
<arg>${response}</arg>
<arg>${type_name}</arg>
<status status="PASS" start="2026-05-24T12:13:14.124102" elapsed="0.000553"/>
</kw>
<arg>${response}</arg>
<arg>ghost</arg>
<doc>Verifies that a type is immune to another type
by checking the "no_damage_from" field from the response type.</doc>
<status status="PASS" start="2026-05-24T12:13:14.123896" elapsed="0.000805"/>
</kw>
<kw name="Sleep" owner="BuiltIn" type="TEARDOWN">
<msg time="2026-05-24T12:13:14.325186" level="INFO">Slept 200 milliseconds.</msg>
<arg>0.2</arg>
<doc>Pauses the test executed for the given time.</doc>
<status status="PASS" start="2026-05-24T12:13:14.124822" elapsed="0.200488"/>
</kw>
<doc>Given the PokeAPI is available
When we request Normal type
Then Normal should be immune to Ghost (Ghost moves have no effect on Normal)</doc>
<tag>regression</tag>
<tag>type</tag>
<status status="PASS" start="2026-05-24T12:13:14.113802" elapsed="0.211576"/>
</test>
<doc>Pokemon Type Test Suite
Includes tests for validating the type of a Pokemon.</doc>
<status status="PASS" start="2026-05-24T12:13:12.182259" elapsed="2.143515"/>
</suite>
<status status="PASS" start="2026-05-24T12:13:12.181209" elapsed="2.145158"/>
</suite>
<status status="PASS" start="2026-05-24T12:13:05.297404" elapsed="9.029455"/>
</suite>
<statistics>
<total>
<stat pass="30" fail="0" skip="0">All Tests</stat>
</total>
<tag>
<stat pass="1" fail="0" skip="0">cross-endpoint</stat>
<stat pass="2" fail="0" skip="0">latency</stat>
<stat pass="5" fail="0" skip="0">negative</stat>
<stat pass="2" fail="0" skip="0">performance</stat>
<stat pass="13" fail="0" skip="0">pokemon</stat>
<stat pass="20" fail="0" skip="0">regression</stat>
<stat pass="3" fail="0" skip="0">reliability</stat>
<stat pass="4" fail="0" skip="0">schema</stat>
<stat pass="9" fail="0" skip="0">smoke</stat>
<stat pass="17" fail="0" skip="0">type</stat>
</tag>
<suite>
<stat name="Tests" id="s1" pass="30" fail="0" skip="0">Tests</stat>
<stat name="Cross-Endpoint" id="s1-s1" pass="1" fail="0" skip="0">Tests.Cross-Endpoint</stat>
<stat name="Cross-Endpoint" id="s1-s1-s1" pass="1" fail="0" skip="0">Tests.Cross-Endpoint.Cross-Endpoint</stat>
<stat name="Pokemon" id="s1-s2" pass="10" fail="0" skip="0">Tests.Pokemon</stat>
<stat name="Pokemon Lookup" id="s1-s2-s1" pass="5" fail="0" skip="0">Tests.Pokemon.Pokemon Lookup</stat>
<stat name="Pokemon Type" id="s1-s2-s2" pass="5" fail="0" skip="0">Tests.Pokemon.Pokemon Type</stat>
<stat name="Reliability" id="s1-s3" pass="5" fail="0" skip="0">Tests.Reliability</stat>
<stat name="Reliability" id="s1-s3-s1" pass="5" fail="0" skip="0">Tests.Reliability.Reliability</stat>
<stat name="Schema" id="s1-s4" pass="4" fail="0" skip="0">Tests.Schema</stat>
<stat name="Schema Validation" id="s1-s4-s1" pass="4" fail="0" skip="0">Tests.Schema.Schema Validation</stat>
<stat name="Types" id="s1-s5" pass="10" fail="0" skip="0">Tests.Types</stat>
<stat name="Type Relationship" id="s1-s5-s1" pass="10" fail="0" skip="0">Tests.Types.Type Relationship</stat>
</suite>
</statistics>
<errors>
</errors>
</robot>
