<?xml version="1.0" encoding="UTF-8"?>
<robot generator="Robot 7.4.2 (Python 3.12.3 on linux)" generated="2026-05-18T21:30:43.531520" rpa="false" schemaversion="5">
<suite id="s1" name="Tests" source="/home/runner/work/poke-robot/poke-robot/tests">
<suite id="s1-s1" name="Pokemon" source="/home/runner/work/poke-robot/poke-robot/tests/pokemon">
<suite id="s1-s1-s1" name="Pokemon Lookup" source="/home/runner/work/poke-robot/poke-robot/tests/pokemon/pokemon_lookup.robot">
<kw name="Create PokeAPI Session" owner="common" type="SETUP">
<kw name="Create Session" owner="RequestsLibrary">
<msg time="2026-05-18T21:30:43.938737" level="INFO">Creating Session using : alias=pokeapi, url=https://pokeapi.co, headers={},                     cookies={}, auth=None, timeout=10, proxies=None, verify=True,                     debug=0 </msg>
<arg>pokeapi</arg>
<arg>${BASE_URL}</arg>
<arg>timeout=${TIMEOUT}</arg>
<arg>verify=true</arg>
<doc>Create Session: create a HTTP session to a server</doc>
<status status="PASS" start="2026-05-18T21:30:43.938458" elapsed="0.000453"/>
</kw>
<doc>Creates a HTTP session the pokemon API.</doc>
<status status="PASS" start="2026-05-18T21:30:43.937956" elapsed="0.001034"/>
</kw>
<test id="s1-s1-s1-t1" name="Verify Pikachu Exists" line="19">
<kw name="Get Pokemon By Name" owner="pokemon_keywords">
<kw name="GET On Session" owner="RequestsLibrary">
<msg time="2026-05-18T21:30:44.040304" level="INFO">GET Request : url=https://pokeapi.co/api/v2/pokemon/pikachu 
 path_url=/api/v2/pokemon/pikachu 
 headers={'User-Agent': 'python-requests/2.34.2', 'Accept-Encoding': 'gzip, deflate', 'Accept': '*/*', 'Connection': 'keep-alive'} 
 body=None 
 </msg>
<msg time="2026-05-18T21:30:44.040478" level="INFO">GET Response : url=https://pokeapi.co/api/v2/pokemon/pikachu 
 status=200, reason=OK 
 headers={'Date': 'Mon, 18 May 2026 21:30:44 GMT', 'Content-Type': 'application/json; charset=utf-8', 'Transfer-Encoding': 'chunked', 'Connection': 'keep-alive', 'Access-Control-Allow-Origin': '*', 'cache-control': 'public, max-age=86400, s-maxage=86400', 'Report-To': '{"group":"cf-nel","max_age":604800,"endpoints":[{"url":"https://a.nel.cloudflare.com/report/v4?s=zf5vo%2BcqNMznNkHPg4vuzuVL9zVnrrkOppOlz3SlmKzCM3D1xZEvc%2Fb3bHLPTFiZt2%2FJI1xMA4pCotHIRhPjvCbuL3RFJTIoT84tvLRPhOuVjHTwF5xRSLJMjj4A"}]}', 'etag': 'W/"42fa5-Rki03iRHTV1iI4o430TuCZKfHZE"', 'function-execution-id': 'ajaxt7lbfqy6', 'Server': 'cloudflare', 'strict-transport-security': 'max-age=31556926', 'x-cloud-trace-context': 'dd7a6a16345f52dd63acac29c057e005', 'x-country-code': 'US', 'x-powered-by': 'Express', 'x-served-by': 'cache-den-kden1300024-DEN', 'x-cache': 'MISS', 'x-cache-hits': '0', 'x-timer': 'S1774283133.372979,VS0,VE337', 'vary': 'Accept-Encoding,cookie,need-authorization, x-fh-requested-host, accept-encoding', 'alt-svc': 'h3=":443"; ma=86400', 'Nel': '{"report_to":"cf-nel","success_fraction":0.0,"max_age":604800}', 'Age': '16002', 'cf-cache-status': 'HIT', 'Content-Encoding': 'gzip', 'CF-RAY': '9fddf6f92d6da4ad-SEA'} 
 body={"abilities":[{"ability":{"name":"static","url":"https://pokeapi.co/api/v2/ability/9/"},"is_hidden":false,"slot":1},{"ability":{"name":"lightning-rod","url":"https://pokeapi.co/api/v2/ability/31/"},"is_hidden":true,"slot":3}],"base_experience":112,"cries":{"latest":"https://raw.githubusercontent.com/PokeAPI/cries/main/cries/pokemon/latest/25.ogg","legacy":"https://raw.githubusercontent.com/PokeAPI/cries/main/cries/pokemon/legacy/25.ogg"},"forms":[{"name":"pikachu","url":"https://pokeapi.co/api/v2/pokemon-form/25/"}],"game_indices":[{"game_index":84,"version":{"name":"red","url":"https://pokeapi.co/api/v2/version/1/"}},{"game_index":84,"version":{"name":"blue","url":"https://pokeapi.co/api/v2/version/2/"}},{"game_index":84,"version":{"name":"yellow","url":"https://pokeapi.co/api/v2/version/3/"}},{"game_index":25,"version":{"name":"gold","url":"https://pokeapi.co/api/v2/version/4/"}},{"game_index":25,"version":{"name":"silver","url":"https://pokeapi.co/api/v2/version/5/"}},{"game_index":25,"version":{"name":"crystal","url":"https://pokeapi.co/api/v2/version/6/"}},{"game_index":25,"version":{"name":"ruby","url":"https://pokeapi.co/api/v2/version/7/"}},{"game_index":25,"version":{"name":"sapphire","url":"https://pokeapi.co/api/v2/version/8/"}},{"game_index":25,"version":{"name":"emerald","url":"https://pokeapi.co/api/v2/version/9/"}},{"game_index":25,"version":{"name":"firered","url":"https://pokeapi.co/api/v2/version/10/"}},{"game_index":25,"version":{"name":"leafgreen","url":"https://pokeapi.co/api/v2/version/11/"}},{"game_index":25,"version":{"name":"diamond","url":"https://pokeapi.co/api/v2/version/12/"}},{"game_index":25,"version":{"name":"pearl","url":"https://pokeapi.co/api/v2/version/13/"}},{"game_index":25,"version":{"name":"platinum","url":"https://pokeapi.co/api/v2/version/14/"}},{"game_index":25,"version":{"name":"heartgold","url":"https://pokeapi.co/api/v2/version/15/"}},{"game_index":25,"version":{"name":"soulsilver","url":"https://pokeapi.co/api/v2/version/16/"}},{"game_index":25,"version":{"name":"black","url":"https://pokeapi.co/api/v2/version/17/"}},{"game_index":25,"version":{"name":"white","url":"https://pokeapi.co/api/v2/version/18/"}},{"game_index":25,"version":{"name":"black-2","url":"https://pokeapi.co/api/v2/version/21/"}},{"game_index":25,"version":{"name":"white-2","url":"https://pokeapi.co/api/v2/version/22/"}}],"height":4,"held_items":[{"item":{"name":"oran-berry","url":"https://pokeapi.co/api/v2/item/132/"},"version_details":[{"rarity":50,"version":{"name":"ruby","url":"https://pokeapi.co/api/v2/version/7/"}},{"rarity":50,"version":{"name":"sapphire","url":"https://pokeapi.co/api/v2/version/8/"}},{"rarity":50,"version":{"name":"emerald","url":"https://pokeapi.co/api/v2/version/9/"}},{"rarity":50,"version":{"name":"diamond","url":"https://pokeapi.co/api/v2/version/12/"}},{"rarity":50,"version":{"name":"pearl","url":"https://pokeapi.co/api/v2/version/13/"}},{"rarity":50,"version":{"name":"platinum","url":"https://pokeapi.co/api/v2/version/14/"}},{"rarity":50,"version":{"name":"heartgold","url":"https://pokeapi.co/api/v2/version/15/"}},{"rarity":50,"version":{"name":"soulsilver","url":"https://pokeapi.co/api/v2/version/16/"}},{"rarity":50,"version":{"name":"black","url":"https://pokeapi.co/api/v2/version/17/"}},{"rarity":50,"version":{"name":"white","url":"https://pokeapi.co/api/v2/version/18/"}}]},{"item":{"name":"light-ball","url":"https://pokeapi.co/api/v2/item/213/"},"version_details":[{"rarity":5,"version":{"name":"ruby","url":"https://pokeapi.co/api/v2/version/7/"}},{"rarity":5,"version":{"name":"sapphire","url":"https://pokeapi.co/api/v2/version/8/"}},{"rarity":5,"version":{"name":"emerald","url":"https://pokeapi.co/api/v2/version/9/"}},{"rarity":5,"version":{"name":"diamond","url":"https://pokeapi.co/api/v2/version/12/"}},{"rarity":5,"version":{"name":"pearl","url":"https://pokeapi.co/api/v2/version/13/"}},{"rarity":5,"version":{"name":"platinum","url":"https://pokeapi.co/api/v2/version/14/"}},{"rarity":5,"version":{"name":"heartgold","url":"https://pokeapi.co/api/v2/version/15/"}},{"rarity":5,"version":{"name":"soulsilver","url":"https://pokeapi.co/api/v2/version/16/"}},{"rarity":1,"version":{"name":"black","url":"https://pokeapi.co/api/v2/version/17/"}},{"rarity":1,"version":{"name":"white","url":"https://pokeapi.co/api/v2/version/18/"}},{"rarity":5,"version":{"name":"black-2","url":"https://pokeapi.co/api/v2/version/21/"}},{"rarity":5,"version":{"name":"white-2","url":"https://pokeapi.co/api/v2/version/22/"}},{"rarity":5,"version":{"name":"x","url":"https://pokeapi.co/api/v2/version/23/"}},{"rarity":5,"version":{"name":"y","url":"https://pokeapi.co/api/v2/version/24/"}},{"rarity":5,"version":{"name":"omega-ruby","url":"https://pokeapi.co/api/v2/version/25/"}},{"rarity":5,"version":{"name":"alpha-sapphire","url":"https://pokeapi.co/api/v2/version/26/"}},{"rarity":5,"version":{"name":"sun","url":"https://pokeapi.co/api/v2/version/27/"}},{"rarity":5,"version":{"name":"moon","url":"https://pokeapi.co/api/v2/version/28/"}},{"rarity":5,"version":{"name":"ultra-sun","url":"https://pokeapi.co/api/v2/version/29/"}},{"rarity":5,"version":{"name":"ultra-moon","url":"https://pokeapi.co/api/v2/version/30/"}}]}],"id":25,"is_default":true,"location_area_encounters":"https://pokeapi.co/api/v2/pokemon/25/encounters","moves":[{"move":{"name":"mega-punch","url":"https://pokeapi.co/api/v2/move/5/"},"version_group_details":[{"level_learned_at":0,"move_learn_method":{"name":"machine","url":"https://pokeapi.co/api/v2/move-learn-method/4/"},"order":null,"version_group":{"name":"red-blue","url":"https://pokeapi.co/api/v2/version-group/1/"}},{"level_learned_at":0,"move_learn_method":{"name":"machine","url":"https://pokeapi.co/api/v2/move-learn-method/4/"},"order":null,"version_group":{"name":"yellow","url":"https://pokeapi.co/api/v2/version-group/2/"}},{"level_learned_at":0,"move_learn_method":{"name":"tutor","url":"https://pokeapi.co/api/v2/move-learn-method/3/"},"order":null,"version_group":{"name":"emerald","url":"https://pokeapi.co/api/v2/version-group/6/"}},{"level_learned_at":0,"move_learn_method":{"name":"tutor","url":"https://pokeapi.co/api/v2/move-learn-method/3/"},"order":null,"version_group":{"name":"firered-leafgreen","url":"https://pokeapi.co/api/v2/version-group/7/"}},{"level_learned_at":0,"move_learn_method":{"name":"machine","url":"https://pokeapi.co/api/v2/move-learn-method/4/"},"order":null,"version_group":{"name":"sword-shield","url":"https://pokeapi.co/api/v2/version-group/20/"}},{"level_learned_at":0,"move_learn_method":{"name":"machine","url":"https://pokeapi.co/api/v2/move-learn-method/4/"},"order":null,"version_group":{"name":"red-green-japan","url":"https://pokeapi.co/api/v2/version-group/28/"}},{"level_learned_at":0,"move_learn_method":{"name":"machine","url":"https://pokeapi.co/api/v2/move-learn-method/4/"},"order":null,"version_group":{"name":"blue-japan","url":"https://pokeapi.co/api/v2/version-group/29/"}}]},{"move":{"name":"pay-day","url":"https://pokeapi.co/api/v2/move/6/"},"version_group_details":[{"level_learned_at":0,"move_learn_method":{"name":"machine","url":"https://pokeapi.co/api/v2/move-learn-method/4/"},"order":null,"version_group":{"name":"red-blue","url":"https://pokeapi.co/api/v2/version-group/1/"}},{"level_learned_at":0,"move_learn_method":{"name":"machine","url":"https://pokeapi.co/api/v2/move-learn-method/4/"},"order":null,"version_group":{"name":"yellow","url":"https://pokeapi.co/api/v2/version-group/2/"}},{"level_learned_at":0,"move_learn_method":{"name":"machine","url":"https://pokeapi.co/api/v2/move-learn-method/4/"},"order":null,"version_group":{"name":"lets-go-pikachu-lets-go-eevee","url":"https://pokeapi.co/api/v2/version-group/19/"}},{"level_learned_at":0,"move_learn_method":{"name":"machine","url":"https://pokeapi.co/api/v2/move-learn-method/4/"},"order":null,"version_group":{"name":"sword-shield","url":"https://pokeapi.co/api/v2/version-group/20/"}},{"level_learned_at":0,"move_learn_method":{"name":"machine","url":"https://pokeapi.co/api/v2/move-learn-method/4/"},"order":null,"version_group":{"name":"red-green-japan","url":"https://pokeapi.co/api/v2/version-group/28/"}},{"level_learned_at":0,"move_learn_method":{"name":"machine","url":"https://pokeapi.co/api/v2/move-learn-method/4/"},"order":null,"version_group":{"name":"blue-japan","url":"https://pokeapi.co/api/v2/version-group/29/"}}]},{"move":{"name":"thunder-punch","url":"https://pokeapi.co/api/v2/move/9/"},"version_group_details":[{"level_learned_at":0,"move_learn_method":{"name":"machine","url":"https://pokeapi.co/api/v2/move-learn-method/4/"},"order":null,"version_group":{"name":"gold-silver","url":"https://pokeapi.co/api/v2/version-group/3/"}},{"level_learned_at":0,"move_learn_method":{"name":"machine","url":"https://pokeapi.co/api/v2/move-learn-method/4/"},"order":null,"version_group":{"name":"crystal","url":"https://pokeapi.co/api/v2/version-group/4/"}},{"level_learned_at":0,"move_learn_method":{"name":"tutor","url":"https://pokeapi.co/api/v2/move-learn-method/3/"},"order":null,"version_group":{"name":"emerald","url":"https://pokeapi.co/api/v2/version-group/6/"}},{"level_learned_at":0,"move_learn_method":{"name":"tutor","url":"https://pokeapi.co/api/v2/move-learn-method/3/"},"order":null,"version_group":{"name":"platinum","url":"https://pokeapi.co/api/v2/version-group/9/"}},{"level_learned_at":0,"move_learn_method":{"name":"tutor","url":"https://pokeapi.co/api/v2/move-learn-method/3/"},"order":null,"version_group":{"name":"heartgold-soulsilver","url":"https://pokeapi.co/api/v2/version-group/10/"}},{"level_learned_at":0,"move_learn_method":{"name":"tutor","url":"https://pokeapi.co/api/v2/move-learn-method/3/"},"order":null,"version_group":{"name":"black-2-white-2","url":"https://pokeapi.co/api/v2/version-group/14/"}},{"level_learned_at":0,"move_learn_method":{"name":"tutor","url":"https://pokeapi.co/api/v2/move-learn-method/3/"},"order":null,"version_group":{"name":"omega-ruby-alpha-sap... (set the log level to DEBUG or TRACE to see the full content) 
 </msg>
<msg time="2026-05-18T21:30:44.040715" level="INFO">${response} = &lt;Response [200]&gt;</msg>
<var>${response}</var>
<arg>pokeapi</arg>
<arg>${POKEMON_API}/${pokemon_name}</arg>
<arg>expected_status=any</arg>
<doc>Sends a GET request on a previously created HTTP Session.</doc>
<status status="PASS" start="2026-05-18T21:30:43.939771" elapsed="0.100981"/>
</kw>
<return>
<value>${response}</value>
<status status="PASS" start="2026-05-18T21:30:44.040828" elapsed="0.000054"/>
</return>
<msg time="2026-05-18T21:30:44.041062" level="INFO">${response} = &lt;Response [200]&gt;</msg>
<var>${response}</var>
<arg>pikachu</arg>
<doc>Fetches Pokemon data from PokeAPI by name
and returns the full response object.</doc>
<status status="PASS" start="2026-05-18T21:30:43.939556" elapsed="0.101530"/>
</kw>
<kw name="Pokemon Name Should Be" owner="pokemon_keywords">
<variable name="${pokemon_name}">
<msg time="2026-05-18T21:30:44.044116" level="INFO">${pokemon_name} = pikachu</msg>
<var>${response.json()}[name]</var>
<status status="PASS" start="2026-05-18T21:30:44.041504" elapsed="0.002641"/>
</variable>
<kw name="Should Be Equal As Strings" owner="BuiltIn">
<arg>${pokemon_name}</arg>
<arg>${expected_name}</arg>
<doc>Fails if objects are unequal after converting them to strings.</doc>
<status status="PASS" start="2026-05-18T21:30:44.044262" elapsed="0.000343"/>
</kw>
<arg>${response}</arg>
<arg>pikachu</arg>
<doc>Verifies that a Pokemon response contains the expected
name by extracting and comparing the name field from the JSON response.</doc>
<status status="PASS" start="2026-05-18T21:30:44.041280" elapsed="0.003377"/>
</kw>
<kw name="Pokemon Should Exist" owner="pokemon_keywords">
<kw name="Should Be Equal As Integers" owner="BuiltIn">
<msg time="2026-05-18T21:30:44.045433" level="INFO">Argument types are:
&lt;class 'int'&gt;
&lt;class 'str'&gt;</msg>
<arg>${response.status_code}</arg>
<arg>200</arg>
<doc>Fails if objects are unequal after converting them to integers.</doc>
<status status="PASS" start="2026-05-18T21:30:44.044994" elapsed="0.000491"/>
</kw>
<arg>${response}</arg>
<doc>Verifies that a Pokemon exists in the PokeAPI by
checking that the response status code is 200 (OK).</doc>
<status status="PASS" start="2026-05-18T21:30:44.044778" elapsed="0.000755"/>
</kw>
<kw name="Sleep" owner="BuiltIn" type="TEARDOWN">
<msg time="2026-05-18T21:30:44.246013" level="INFO">Slept 200 milliseconds.</msg>
<arg>0.2</arg>
<doc>Pauses the test executed for the given time.</doc>
<status status="PASS" start="2026-05-18T21:30:44.045690" elapsed="0.200467"/>
</kw>
<doc>Given the PokeAPI is available
When we request pokemon Pikachu
Then the pokemon exists and the name is correct</doc>
<status status="PASS" start="2026-05-18T21:30:43.939072" elapsed="0.307161"/>
</test>
<test id="s1-s1-s1-t2" name="Verify Charmander Exists" line="30">
<kw name="Get Pokemon By Name" owner="pokemon_keywords">
<kw name="GET On Session" owner="RequestsLibrary">
<msg time="2026-05-18T21:30:44.264978" level="INFO">GET Request : url=https://pokeapi.co/api/v2/pokemon/charmander 
 path_url=/api/v2/pokemon/charmander 
 headers={'User-Agent': 'python-requests/2.34.2', 'Accept-Encoding': 'gzip, deflate', 'Accept': '*/*', 'Connection': 'keep-alive'} 
 body=None 
 </msg>
<msg time="2026-05-18T21:30:44.265116" level="INFO">GET Response : url=https://pokeapi.co/api/v2/pokemon/charmander 
 status=200, reason=OK 
 headers={'Date': 'Mon, 18 May 2026 21:30:44 GMT', 'Content-Type': 'application/json; charset=utf-8', 'Transfer-Encoding': 'chunked', 'Connection': 'keep-alive', 'Access-Control-Allow-Origin': '*', 'cache-control': 'public, max-age=86400, s-maxage=86400', 'Report-To': '{"group":"cf-nel","max_age":604800,"endpoints":[{"url":"https://a.nel.cloudflare.com/report/v4?s=i%2BKkLr5qyCpWvqfMI3VNONQ2wUNvVpCY%2FBH4Uf49A23yqMOOZxqIzy7FWXc81mZ2QltTAet0BOrELftSGztQ6mRPgluBKRdVAqcqjk8KjLlBJVOETyP5kYn%2Fvayy"}]}', 'etag': 'W/"49184-3HITbk7TfUFRPSH7K5jCavidiJk"', 'function-execution-id': '3viofjh6qvat', 'Server': 'cloudflare', 'strict-transport-security': 'max-age=31556926', 'x-cloud-trace-context': '30454b68656c180ed49f5a7f5d0937ac;o=1', 'x-country-code': 'US', 'x-orig-accept-language': 'en-US,en;q=0.9', 'x-powered-by': 'Express', 'x-served-by': 'cache-dfw-kdfw8210067-DFW', 'x-cache': 'HIT', 'x-cache-hits': '0', 'x-timer': 'S1778510461.915770,VS0,VE1', 'vary': 'Accept-Encoding,cookie,need-authorization, x-fh-requested-host, accept-encoding', 'alt-svc': 'h3=":443"; ma=86400', 'Nel': '{"report_to":"cf-nel","success_fraction":0.0,"max_age":604800}', 'Age': '15805', 'cf-cache-status': 'HIT', 'Content-Encoding': 'gzip', 'CF-RAY': '9fddf6fa9953a4ad-SEA'} 
 body={"abilities":[{"ability":{"name":"blaze","url":"https://pokeapi.co/api/v2/ability/66/"},"is_hidden":false,"slot":1},{"ability":{"name":"solar-power","url":"https://pokeapi.co/api/v2/ability/94/"},"is_hidden":true,"slot":3}],"base_experience":62,"cries":{"latest":"https://raw.githubusercontent.com/PokeAPI/cries/main/cries/pokemon/latest/4.ogg","legacy":"https://raw.githubusercontent.com/PokeAPI/cries/main/cries/pokemon/legacy/4.ogg"},"forms":[{"name":"charmander","url":"https://pokeapi.co/api/v2/pokemon-form/4/"}],"game_indices":[{"game_index":176,"version":{"name":"red","url":"https://pokeapi.co/api/v2/version/1/"}},{"game_index":176,"version":{"name":"blue","url":"https://pokeapi.co/api/v2/version/2/"}},{"game_index":176,"version":{"name":"yellow","url":"https://pokeapi.co/api/v2/version/3/"}},{"game_index":4,"version":{"name":"gold","url":"https://pokeapi.co/api/v2/version/4/"}},{"game_index":4,"version":{"name":"silver","url":"https://pokeapi.co/api/v2/version/5/"}},{"game_index":4,"version":{"name":"crystal","url":"https://pokeapi.co/api/v2/version/6/"}},{"game_index":4,"version":{"name":"ruby","url":"https://pokeapi.co/api/v2/version/7/"}},{"game_index":4,"version":{"name":"sapphire","url":"https://pokeapi.co/api/v2/version/8/"}},{"game_index":4,"version":{"name":"emerald","url":"https://pokeapi.co/api/v2/version/9/"}},{"game_index":4,"version":{"name":"firered","url":"https://pokeapi.co/api/v2/version/10/"}},{"game_index":4,"version":{"name":"leafgreen","url":"https://pokeapi.co/api/v2/version/11/"}},{"game_index":4,"version":{"name":"diamond","url":"https://pokeapi.co/api/v2/version/12/"}},{"game_index":4,"version":{"name":"pearl","url":"https://pokeapi.co/api/v2/version/13/"}},{"game_index":4,"version":{"name":"platinum","url":"https://pokeapi.co/api/v2/version/14/"}},{"game_index":4,"version":{"name":"heartgold","url":"https://pokeapi.co/api/v2/version/15/"}},{"game_index":4,"version":{"name":"soulsilver","url":"https://pokeapi.co/api/v2/version/16/"}},{"game_index":4,"version":{"name":"black","url":"https://pokeapi.co/api/v2/version/17/"}},{"game_index":4,"version":{"name":"white","url":"https://pokeapi.co/api/v2/version/18/"}},{"game_index":4,"version":{"name":"black-2","url":"https://pokeapi.co/api/v2/version/21/"}},{"game_index":4,"version":{"name":"white-2","url":"https://pokeapi.co/api/v2/version/22/"}}],"height":6,"held_items":[],"id":4,"is_default":true,"location_area_encounters":"https://pokeapi.co/api/v2/pokemon/4/encounters","moves":[{"move":{"name":"mega-punch","url":"https://pokeapi.co/api/v2/move/5/"},"version_group_details":[{"level_learned_at":0,"move_learn_method":{"name":"machine","url":"https://pokeapi.co/api/v2/move-learn-method/4/"},"order":null,"version_group":{"name":"red-blue","url":"https://pokeapi.co/api/v2/version-group/1/"}},{"level_learned_at":0,"move_learn_method":{"name":"machine","url":"https://pokeapi.co/api/v2/move-learn-method/4/"},"order":null,"version_group":{"name":"yellow","url":"https://pokeapi.co/api/v2/version-group/2/"}},{"level_learned_at":0,"move_learn_method":{"name":"tutor","url":"https://pokeapi.co/api/v2/move-learn-method/3/"},"order":null,"version_group":{"name":"emerald","url":"https://pokeapi.co/api/v2/version-group/6/"}},{"level_learned_at":0,"move_learn_method":{"name":"tutor","url":"https://pokeapi.co/api/v2/move-learn-method/3/"},"order":null,"version_group":{"name":"firered-leafgreen","url":"https://pokeapi.co/api/v2/version-group/7/"}},{"level_learned_at":0,"move_learn_method":{"name":"machine","url":"https://pokeapi.co/api/v2/move-learn-method/4/"},"order":null,"version_group":{"name":"sword-shield","url":"https://pokeapi.co/api/v2/version-group/20/"}},{"level_learned_at":0,"move_learn_method":{"name":"machine","url":"https://pokeapi.co/api/v2/move-learn-method/4/"},"order":null,"version_group":{"name":"red-green-japan","url":"https://pokeapi.co/api/v2/version-group/28/"}},{"level_learned_at":0,"move_learn_method":{"name":"machine","url":"https://pokeapi.co/api/v2/move-learn-method/4/"},"order":null,"version_group":{"name":"blue-japan","url":"https://pokeapi.co/api/v2/version-group/29/"}}]},{"move":{"name":"fire-punch","url":"https://pokeapi.co/api/v2/move/7/"},"version_group_details":[{"level_learned_at":0,"move_learn_method":{"name":"machine","url":"https://pokeapi.co/api/v2/move-learn-method/4/"},"order":null,"version_group":{"name":"gold-silver","url":"https://pokeapi.co/api/v2/version-group/3/"}},{"level_learned_at":0,"move_learn_method":{"name":"machine","url":"https://pokeapi.co/api/v2/move-learn-method/4/"},"order":null,"version_group":{"name":"crystal","url":"https://pokeapi.co/api/v2/version-group/4/"}},{"level_learned_at":0,"move_learn_method":{"name":"tutor","url":"https://pokeapi.co/api/v2/move-learn-method/3/"},"order":null,"version_group":{"name":"emerald","url":"https://pokeapi.co/api/v2/version-group/6/"}},{"level_learned_at":0,"move_learn_method":{"name":"tutor","url":"https://pokeapi.co/api/v2/move-learn-method/3/"},"order":null,"version_group":{"name":"platinum","url":"https://pokeapi.co/api/v2/version-group/9/"}},{"level_learned_at":0,"move_learn_method":{"name":"tutor","url":"https://pokeapi.co/api/v2/move-learn-method/3/"},"order":null,"version_group":{"name":"heartgold-soulsilver","url":"https://pokeapi.co/api/v2/version-group/10/"}},{"level_learned_at":0,"move_learn_method":{"name":"tutor","url":"https://pokeapi.co/api/v2/move-learn-method/3/"},"order":null,"version_group":{"name":"black-2-white-2","url":"https://pokeapi.co/api/v2/version-group/14/"}},{"level_learned_at":0,"move_learn_method":{"name":"tutor","url":"https://pokeapi.co/api/v2/move-learn-method/3/"},"order":null,"version_group":{"name":"omega-ruby-alpha-sapphire","url":"https://pokeapi.co/api/v2/version-group/16/"}},{"level_learned_at":0,"move_learn_method":{"name":"tutor","url":"https://pokeapi.co/api/v2/move-learn-method/3/"},"order":null,"version_group":{"name":"ultra-sun-ultra-moon","url":"https://pokeapi.co/api/v2/version-group/18/"}},{"level_learned_at":0,"move_learn_method":{"name":"machine","url":"https://pokeapi.co/api/v2/move-learn-method/4/"},"order":null,"version_group":{"name":"lets-go-pikachu-lets-go-eevee","url":"https://pokeapi.co/api/v2/version-group/19/"}},{"level_learned_at":0,"move_learn_method":{"name":"machine","url":"https://pokeapi.co/api/v2/move-learn-method/4/"},"order":null,"version_group":{"name":"sword-shield","url":"https://pokeapi.co/api/v2/version-group/20/"}},{"level_learned_at":0,"move_learn_method":{"name":"machine","url":"https://pokeapi.co/api/v2/move-learn-method/4/"},"order":null,"version_group":{"name":"scarlet-violet","url":"https://pokeapi.co/api/v2/version-group/25/"}}]},{"move":{"name":"thunder-punch","url":"https://pokeapi.co/api/v2/move/9/"},"version_group_details":[{"level_learned_at":0,"move_learn_method":{"name":"tutor","url":"https://pokeapi.co/api/v2/move-learn-method/3/"},"order":null,"version_group":{"name":"platinum","url":"https://pokeapi.co/api/v2/version-group/9/"}},{"level_learned_at":0,"move_learn_method":{"name":"tutor","url":"https://pokeapi.co/api/v2/move-learn-method/3/"},"order":null,"version_group":{"name":"heartgold-soulsilver","url":"https://pokeapi.co/api/v2/version-group/10/"}},{"level_learned_at":0,"move_learn_method":{"name":"tutor","url":"https://pokeapi.co/api/v2/move-learn-method/3/"},"order":null,"version_group":{"name":"black-2-white-2","url":"https://pokeapi.co/api/v2/version-group/14/"}},{"level_learned_at":0,"move_learn_method":{"name":"tutor","url":"https://pokeapi.co/api/v2/move-learn-method/3/"},"order":null,"version_group":{"name":"omega-ruby-alpha-sapphire","url":"https://pokeapi.co/api/v2/version-group/16/"}},{"level_learned_at":0,"move_learn_method":{"name":"tutor","url":"https://pokeapi.co/api/v2/move-learn-method/3/"},"order":null,"version_group":{"name":"ultra-sun-ultra-moon","url":"https://pokeapi.co/api/v2/version-group/18/"}},{"level_learned_at":0,"move_learn_method":{"name":"machine","url":"https://pokeapi.co/api/v2/move-learn-method/4/"},"order":null,"version_group":{"name":"lets-go-pikachu-lets-go-eevee","url":"https://pokeapi.co/api/v2/version-group/19/"}},{"level_learned_at":0,"move_learn_method":{"name":"machine","url":"https://pokeapi.co/api/v2/move-learn-method/4/"},"order":null,"version_group":{"name":"sword-shield","url":"https://pokeapi.co/api/v2/version-group/20/"}},{"level_learned_at":0,"move_learn_method":{"name":"machine","url":"https://pokeapi.co/api/v2/move-learn-method/4/"},"order":null,"version_group":{"name":"scarlet-violet","url":"https://pokeapi.co/api/v2/version-group/25/"}}]},{"move":{"name":"scratch","url":"https://pokeapi.co/api/v2/move/10/"},"version_group_details":[{"level_learned_at":1,"move_learn_method":{"name":"level-up","url":"https://pokeapi.co/api/v2/move-learn-method/1/"},"order":1,"version_group":{"name":"red-blue","url":"https://pokeapi.co/api/v2/version-group/1/"}},{"level_learned_at":1,"move_learn_method":{"name":"level-up","url":"https://pokeapi.co/api/v2/move-learn-method/1/"},"order":1,"version_group":{"name":"yellow","url":"https://pokeapi.co/api/v2/version-group/2/"}},{"level_learned_at":1,"move_learn_method":{"name":"level-up","url":"https://pokeapi.co/api/v2/move-learn-method/1/"},"order":1,"version_group":{"name":"gold-silver","url":"https://pokeapi.co/api/v2/version-group/3/"}},{"level_learned_at":1,"move_learn_method":{"name":"level-up","url":"https://pokeapi.co/api/v2/move-learn-method/1/"},"order":1,"version_group":{"name":"crystal","url":"https://pokeapi.co/api/v2/version-group/4/"}},{"level_learned_at":1,"move_learn_method":{"name":"level-up","url":"https://pokeapi.co/api/v2/move-learn-method/1/"},"order":1,"version_group":{"name":"ruby-sapphire","url":"https://pokeapi.co/api/v2/version-group/5/"}},{"level_learned_at":1,"move_learn_method":{"name":"level-up","url":"https://pokeapi.co/api/v2/move-learn-method/1/"},"order":1,"version_group":{"name":"emerald","url":"https://pokeapi.co/api/v2/version-group/6/"}},{"... (set the log level to DEBUG or TRACE to see the full content) 
 </msg>
<msg time="2026-05-18T21:30:44.265295" level="INFO">${response} = &lt;Response [200]&gt;</msg>
<var>${response}</var>
<arg>pokeapi</arg>
<arg>${POKEMON_API}/${pokemon_name}</arg>
<arg>expected_status=any</arg>
<doc>Sends a GET request on a previously created HTTP Session.</doc>
<status status="PASS" start="2026-05-18T21:30:44.247357" elapsed="0.017960"/>
</kw>
<return>
<value>${response}</value>
<status status="PASS" start="2026-05-18T21:30:44.265368" elapsed="0.000043"/>
</return>
<msg time="2026-05-18T21:30:44.265521" level="INFO">${response} = &lt;Response [200]&gt;</msg>
<var>${response}</var>
<arg>charmander</arg>
<doc>Fetches Pokemon data from PokeAPI by name
and returns the full response object.</doc>
<status status="PASS" start="2026-05-18T21:30:44.247102" elapsed="0.018439"/>
</kw>
<kw name="Pokemon Name Should Be" owner="pokemon_keywords">
<variable name="${pokemon_name}">
<msg time="2026-05-18T21:30:44.268152" level="INFO">${pokemon_name} = charmander</msg>
<var>${response.json()}[name]</var>
<status status="PASS" start="2026-05-18T21:30:44.265853" elapsed="0.002327"/>
</variable>
<kw name="Should Be Equal As Strings" owner="BuiltIn">
<arg>${pokemon_name}</arg>
<arg>${expected_name}</arg>
<doc>Fails if objects are unequal after converting them to strings.</doc>
<status status="PASS" start="2026-05-18T21:30:44.268278" elapsed="0.000299"/>
</kw>
<arg>${response}</arg>
<arg>charmander</arg>
<doc>Verifies that a Pokemon response contains the expected
name by extracting and comparing the name field from the JSON response.</doc>
<status status="PASS" start="2026-05-18T21:30:44.265671" elapsed="0.002956"/>
</kw>
<kw name="Pokemon Should Exist" owner="pokemon_keywords">
<kw name="Should Be Equal As Integers" owner="BuiltIn">
<msg time="2026-05-18T21:30:44.269343" level="INFO">Argument types are:
&lt;class 'int'&gt;
&lt;class 'str'&gt;</msg>
<arg>${response.status_code}</arg>
<arg>200</arg>
<doc>Fails if objects are unequal after converting them to integers.</doc>
<status status="PASS" start="2026-05-18T21:30:44.268931" elapsed="0.000459"/>
</kw>
<arg>${response}</arg>
<doc>Verifies that a Pokemon exists in the PokeAPI by
checking that the response status code is 200 (OK).</doc>
<status status="PASS" start="2026-05-18T21:30:44.268732" elapsed="0.000703"/>
</kw>
<kw name="Sleep" owner="BuiltIn" type="TEARDOWN">
<msg time="2026-05-18T21:30:44.469920" level="INFO">Slept 200 milliseconds.</msg>
<arg>0.2</arg>
<doc>Pauses the test executed for the given time.</doc>
<status status="PASS" start="2026-05-18T21:30:44.269576" elapsed="0.200496"/>
</kw>
<doc>Given the PokeAPI is available
When we request pokemon Charmander
Then the pokemon exists and the name is correct</doc>
<status status="PASS" start="2026-05-18T21:30:44.246588" elapsed="0.223570"/>
</test>
<test id="s1-s1-s1-t3" name="Verify Agumon Does Not Exist" line="41">
<kw name="Get Pokemon By Name" owner="pokemon_keywords">
<kw name="GET On Session" owner="RequestsLibrary">
<msg time="2026-05-18T21:30:44.526932" level="INFO">GET Request : url=https://pokeapi.co/api/v2/pokemon/agumon 
 path_url=/api/v2/pokemon/agumon 
 headers={'User-Agent': 'python-requests/2.34.2', 'Accept-Encoding': 'gzip, deflate', 'Accept': '*/*', 'Connection': 'keep-alive'} 
 body=None 
 </msg>
<msg time="2026-05-18T21:30:44.527070" level="INFO">GET Response : url=https://pokeapi.co/api/v2/pokemon/agumon 
 status=404, reason=Not Found 
 headers={'Date': 'Mon, 18 May 2026 21:30:44 GMT', 'Content-Type': 'text/plain; charset=utf-8', 'Content-Length': '9', 'Connection': 'keep-alive', 'Access-Control-Allow-Origin': '*', 'access-control-expose-headers': 'X-PokeAPI-Hash,X-PokeAPI-Deploy-Date', 'Cache-Control': 'public, max-age=432000, s-maxage=432000', 'etag': 'W/"9-0gXL1ngzMqISxa6S1zx3F4wtLyg"', 'function-execution-id': 'q6ebzpmbsdqc', 'Server': 'cloudflare', 'x-cloud-trace-context': 'c2e4413c2bb9a5f4aa5977215bd6551b;o=1', 'x-powered-by': 'Express', 'Accept-Ranges': 'bytes', 'x-served-by': 'cache-den-kden1300021-DEN', 'x-cache': 'MISS', 'x-cache-hits': '0', 'x-timer': 'S1779136946.755249,VS0,VE1314', 'vary': 'Accept-Encoding, x-fh-requested-host, accept-encoding', 'alt-svc': 'h3=":443"; ma=86400', 'Nel': '{"report_to":"cf-nel","success_fraction":0.0,"max_age":604800}', 'cf-cache-status': 'HIT', 'Report-To': '{"group":"cf-nel","max_age":604800,"endpoints":[{"url":"https://a.nel.cloudflare.com/report/v4?s=709xFes56oKOhFPv6fXD20SR7QBtkORBdUXBEzgRPWc0V7auLkrswgoIXC0zQcRdJaSncQ8Ik7Fs%2F6BNFSYO7FocwrZi4JzslKcDSKBwQY1l5lv%2Bh8q3YnD0WlcH"}]}', 'CF-RAY': '9fddf6fbfdd7a4ad-SEA'} 
 body=Not Found 
 </msg>
<msg time="2026-05-18T21:30:44.527227" level="INFO">${response} = &lt;Response [404]&gt;</msg>
<var>${response}</var>
<arg>pokeapi</arg>
<arg>${POKEMON_API}/${pokemon_name}</arg>
<arg>expected_status=any</arg>
<doc>Sends a GET request on a previously created HTTP Session.</doc>
<status status="PASS" start="2026-05-18T21:30:44.471292" elapsed="0.055968"/>
</kw>
<return>
<value>${response}</value>
<status status="PASS" start="2026-05-18T21:30:44.527341" elapsed="0.000053"/>
</return>
<msg time="2026-05-18T21:30:44.527557" level="INFO">${response} = &lt;Response [404]&gt;</msg>
<var>${response}</var>
<arg>agumon</arg>
<doc>Fetches Pokemon data from PokeAPI by name
and returns the full response object.</doc>
<status status="PASS" start="2026-05-18T21:30:44.471014" elapsed="0.056575"/>
</kw>
<kw name="Pokemon Should Not Exist" owner="pokemon_keywords">
<kw name="Should Be Equal As Integers" owner="BuiltIn">
<msg time="2026-05-18T21:30:44.528932" level="INFO">Argument types are:
&lt;class 'int'&gt;
&lt;class 'str'&gt;</msg>
<arg>${response.status_code}</arg>
<arg>404</arg>
<doc>Fails if objects are unequal after converting them to integers.</doc>
<status status="PASS" start="2026-05-18T21:30:44.528198" elapsed="0.000811"/>
</kw>
<arg>${response}</arg>
<doc>Verifies that a Pokemon does not exist in the
PokeAPI by checking that the response status code is 404 (Not Found).</doc>
<status status="PASS" start="2026-05-18T21:30:44.527791" elapsed="0.001324"/>
</kw>
<kw name="Sleep" owner="BuiltIn" type="TEARDOWN">
<msg time="2026-05-18T21:30:44.729775" level="INFO">Slept 200 milliseconds.</msg>
<arg>0.2</arg>
<doc>Pauses the test executed for the given time.</doc>
<status status="PASS" start="2026-05-18T21:30:44.529337" elapsed="0.200558"/>
</kw>
<doc>Given the PokeAPI is available
When we request digimon Agumon
Then the digimon does not exist</doc>
<status status="PASS" start="2026-05-18T21:30:44.470514" elapsed="0.259453"/>
</test>
<test id="s1-s1-s1-t4" name="Verify All Pokemon From Csv" line="51">
<kw name="Read Csv File To Associative" owner="CSVLibrary">
<msg time="2026-05-18T21:30:44.731216" level="INFO">@{rows} = [ {'pokemon': 'pikachu', 'type1': 'electric', 'type2': None} | {'pokemon': 'charizard', 'type1': 'fire', 'type2': 'flying'} | {'pokemon': 'squirtle', 'type1': 'water', 'type2': None} | {'pokemon': 'ge...</msg>
<var>@{rows}</var>
<arg>${CSV_FILE}</arg>
<doc>Read CSV file and return its content as a Python list of dictionaries.</doc>
<status status="PASS" start="2026-05-18T21:30:44.730767" elapsed="0.000474"/>
</kw>
<for flavor="IN">
<iter>
<variable name="${pokemon}">
<msg time="2026-05-18T21:30:44.731641" level="INFO">${pokemon} = pikachu</msg>
<var>${row}[pokemon]</var>
<status status="PASS" start="2026-05-18T21:30:44.731557" elapsed="0.000104"/>
</variable>
<variable name="${type1}">
<msg time="2026-05-18T21:30:44.731751" level="INFO">${type1} = electric</msg>
<var>${row}[type1]</var>
<status status="PASS" start="2026-05-18T21:30:44.731693" elapsed="0.000075"/>
</variable>
<variable name="${type2}">
<msg time="2026-05-18T21:30:44.731849" level="INFO">${type2} = None</msg>
<var>${row}[type2]</var>
<status status="PASS" start="2026-05-18T21:30:44.731793" elapsed="0.000072"/>
</variable>
<kw name="Get Pokemon By Name" owner="pokemon_keywords">
<kw name="GET On Session" owner="RequestsLibrary">
<msg time="2026-05-18T21:30:44.749543" level="INFO">GET Request : url=https://pokeapi.co/api/v2/pokemon/pikachu 
 path_url=/api/v2/pokemon/pikachu 
 headers={'User-Agent': 'python-requests/2.34.2', 'Accept-Encoding': 'gzip, deflate', 'Accept': '*/*', 'Connection': 'keep-alive'} 
 body=None 
 </msg>
<msg time="2026-05-18T21:30:44.749706" level="INFO">GET Response : url=https://pokeapi.co/api/v2/pokemon/pikachu 
 status=200, reason=OK 
 headers={'Date': 'Mon, 18 May 2026 21:30:44 GMT', 'Content-Type': 'application/json; charset=utf-8', 'Transfer-Encoding': 'chunked', 'Connection': 'keep-alive', 'Access-Control-Allow-Origin': '*', 'cache-control': 'public, max-age=86400, s-maxage=86400', 'Report-To': '{"group":"cf-nel","max_age":604800,"endpoints":[{"url":"https://a.nel.cloudflare.com/report/v4?s=YLONnHodV47kLbCv1%2BW8ObEgdI2juCLD1GrCJHuENXRHzVzZ3yzaUq2gZmFDvNZ1FiBdYsd1882xaLXAZTpzO6%2BFbgunVKxMuLXngb6jjnGqfV2nwlDu9y6bXEp0"}]}', 'etag': 'W/"42fa5-Rki03iRHTV1iI4o430TuCZKfHZE"', 'function-execution-id': 'ajaxt7lbfqy6', 'Server': 'cloudflare', 'strict-transport-security': 'max-age=31556926', 'x-cloud-trace-context': 'dd7a6a16345f52dd63acac29c057e005', 'x-country-code': 'US', 'x-powered-by': 'Express', 'x-served-by': 'cache-den-kden1300024-DEN', 'x-cache': 'MISS', 'x-cache-hits': '0', 'x-timer': 'S1774283133.372979,VS0,VE337', 'vary': 'Accept-Encoding,cookie,need-authorization, x-fh-requested-host, accept-encoding', 'alt-svc': 'h3=":443"; ma=86400', 'Nel': '{"report_to":"cf-nel","success_fraction":0.0,"max_age":604800}', 'Age': '16003', 'cf-cache-status': 'HIT', 'Content-Encoding': 'gzip', 'CF-RAY': '9fddf6fd9a74a4ad-SEA'} 
 body={"abilities":[{"ability":{"name":"static","url":"https://pokeapi.co/api/v2/ability/9/"},"is_hidden":false,"slot":1},{"ability":{"name":"lightning-rod","url":"https://pokeapi.co/api/v2/ability/31/"},"is_hidden":true,"slot":3}],"base_experience":112,"cries":{"latest":"https://raw.githubusercontent.com/PokeAPI/cries/main/cries/pokemon/latest/25.ogg","legacy":"https://raw.githubusercontent.com/PokeAPI/cries/main/cries/pokemon/legacy/25.ogg"},"forms":[{"name":"pikachu","url":"https://pokeapi.co/api/v2/pokemon-form/25/"}],"game_indices":[{"game_index":84,"version":{"name":"red","url":"https://pokeapi.co/api/v2/version/1/"}},{"game_index":84,"version":{"name":"blue","url":"https://pokeapi.co/api/v2/version/2/"}},{"game_index":84,"version":{"name":"yellow","url":"https://pokeapi.co/api/v2/version/3/"}},{"game_index":25,"version":{"name":"gold","url":"https://pokeapi.co/api/v2/version/4/"}},{"game_index":25,"version":{"name":"silver","url":"https://pokeapi.co/api/v2/version/5/"}},{"game_index":25,"version":{"name":"crystal","url":"https://pokeapi.co/api/v2/version/6/"}},{"game_index":25,"version":{"name":"ruby","url":"https://pokeapi.co/api/v2/version/7/"}},{"game_index":25,"version":{"name":"sapphire","url":"https://pokeapi.co/api/v2/version/8/"}},{"game_index":25,"version":{"name":"emerald","url":"https://pokeapi.co/api/v2/version/9/"}},{"game_index":25,"version":{"name":"firered","url":"https://pokeapi.co/api/v2/version/10/"}},{"game_index":25,"version":{"name":"leafgreen","url":"https://pokeapi.co/api/v2/version/11/"}},{"game_index":25,"version":{"name":"diamond","url":"https://pokeapi.co/api/v2/version/12/"}},{"game_index":25,"version":{"name":"pearl","url":"https://pokeapi.co/api/v2/version/13/"}},{"game_index":25,"version":{"name":"platinum","url":"https://pokeapi.co/api/v2/version/14/"}},{"game_index":25,"version":{"name":"heartgold","url":"https://pokeapi.co/api/v2/version/15/"}},{"game_index":25,"version":{"name":"soulsilver","url":"https://pokeapi.co/api/v2/version/16/"}},{"game_index":25,"version":{"name":"black","url":"https://pokeapi.co/api/v2/version/17/"}},{"game_index":25,"version":{"name":"white","url":"https://pokeapi.co/api/v2/version/18/"}},{"game_index":25,"version":{"name":"black-2","url":"https://pokeapi.co/api/v2/version/21/"}},{"game_index":25,"version":{"name":"white-2","url":"https://pokeapi.co/api/v2/version/22/"}}],"height":4,"held_items":[{"item":{"name":"oran-berry","url":"https://pokeapi.co/api/v2/item/132/"},"version_details":[{"rarity":50,"version":{"name":"ruby","url":"https://pokeapi.co/api/v2/version/7/"}},{"rarity":50,"version":{"name":"sapphire","url":"https://pokeapi.co/api/v2/version/8/"}},{"rarity":50,"version":{"name":"emerald","url":"https://pokeapi.co/api/v2/version/9/"}},{"rarity":50,"version":{"name":"diamond","url":"https://pokeapi.co/api/v2/version/12/"}},{"rarity":50,"version":{"name":"pearl","url":"https://pokeapi.co/api/v2/version/13/"}},{"rarity":50,"version":{"name":"platinum","url":"https://pokeapi.co/api/v2/version/14/"}},{"rarity":50,"version":{"name":"heartgold","url":"https://pokeapi.co/api/v2/version/15/"}},{"rarity":50,"version":{"name":"soulsilver","url":"https://pokeapi.co/api/v2/version/16/"}},{"rarity":50,"version":{"name":"black","url":"https://pokeapi.co/api/v2/version/17/"}},{"rarity":50,"version":{"name":"white","url":"https://pokeapi.co/api/v2/version/18/"}}]},{"item":{"name":"light-ball","url":"https://pokeapi.co/api/v2/item/213/"},"version_details":[{"rarity":5,"version":{"name":"ruby","url":"https://pokeapi.co/api/v2/version/7/"}},{"rarity":5,"version":{"name":"sapphire","url":"https://pokeapi.co/api/v2/version/8/"}},{"rarity":5,"version":{"name":"emerald","url":"https://pokeapi.co/api/v2/version/9/"}},{"rarity":5,"version":{"name":"diamond","url":"https://pokeapi.co/api/v2/version/12/"}},{"rarity":5,"version":{"name":"pearl","url":"https://pokeapi.co/api/v2/version/13/"}},{"rarity":5,"version":{"name":"platinum","url":"https://pokeapi.co/api/v2/version/14/"}},{"rarity":5,"version":{"name":"heartgold","url":"https://pokeapi.co/api/v2/version/15/"}},{"rarity":5,"version":{"name":"soulsilver","url":"https://pokeapi.co/api/v2/version/16/"}},{"rarity":1,"version":{"name":"black","url":"https://pokeapi.co/api/v2/version/17/"}},{"rarity":1,"version":{"name":"white","url":"https://pokeapi.co/api/v2/version/18/"}},{"rarity":5,"version":{"name":"black-2","url":"https://pokeapi.co/api/v2/version/21/"}},{"rarity":5,"version":{"name":"white-2","url":"https://pokeapi.co/api/v2/version/22/"}},{"rarity":5,"version":{"name":"x","url":"https://pokeapi.co/api/v2/version/23/"}},{"rarity":5,"version":{"name":"y","url":"https://pokeapi.co/api/v2/version/24/"}},{"rarity":5,"version":{"name":"omega-ruby","url":"https://pokeapi.co/api/v2/version/25/"}},{"rarity":5,"version":{"name":"alpha-sapphire","url":"https://pokeapi.co/api/v2/version/26/"}},{"rarity":5,"version":{"name":"sun","url":"https://pokeapi.co/api/v2/version/27/"}},{"rarity":5,"version":{"name":"moon","url":"https://pokeapi.co/api/v2/version/28/"}},{"rarity":5,"version":{"name":"ultra-sun","url":"https://pokeapi.co/api/v2/version/29/"}},{"rarity":5,"version":{"name":"ultra-moon","url":"https://pokeapi.co/api/v2/version/30/"}}]}],"id":25,"is_default":true,"location_area_encounters":"https://pokeapi.co/api/v2/pokemon/25/encounters","moves":[{"move":{"name":"mega-punch","url":"https://pokeapi.co/api/v2/move/5/"},"version_group_details":[{"level_learned_at":0,"move_learn_method":{"name":"machine","url":"https://pokeapi.co/api/v2/move-learn-method/4/"},"order":null,"version_group":{"name":"red-blue","url":"https://pokeapi.co/api/v2/version-group/1/"}},{"level_learned_at":0,"move_learn_method":{"name":"machine","url":"https://pokeapi.co/api/v2/move-learn-method/4/"},"order":null,"version_group":{"name":"yellow","url":"https://pokeapi.co/api/v2/version-group/2/"}},{"level_learned_at":0,"move_learn_method":{"name":"tutor","url":"https://pokeapi.co/api/v2/move-learn-method/3/"},"order":null,"version_group":{"name":"emerald","url":"https://pokeapi.co/api/v2/version-group/6/"}},{"level_learned_at":0,"move_learn_method":{"name":"tutor","url":"https://pokeapi.co/api/v2/move-learn-method/3/"},"order":null,"version_group":{"name":"firered-leafgreen","url":"https://pokeapi.co/api/v2/version-group/7/"}},{"level_learned_at":0,"move_learn_method":{"name":"machine","url":"https://pokeapi.co/api/v2/move-learn-method/4/"},"order":null,"version_group":{"name":"sword-shield","url":"https://pokeapi.co/api/v2/version-group/20/"}},{"level_learned_at":0,"move_learn_method":{"name":"machine","url":"https://pokeapi.co/api/v2/move-learn-method/4/"},"order":null,"version_group":{"name":"red-green-japan","url":"https://pokeapi.co/api/v2/version-group/28/"}},{"level_learned_at":0,"move_learn_method":{"name":"machine","url":"https://pokeapi.co/api/v2/move-learn-method/4/"},"order":null,"version_group":{"name":"blue-japan","url":"https://pokeapi.co/api/v2/version-group/29/"}}]},{"move":{"name":"pay-day","url":"https://pokeapi.co/api/v2/move/6/"},"version_group_details":[{"level_learned_at":0,"move_learn_method":{"name":"machine","url":"https://pokeapi.co/api/v2/move-learn-method/4/"},"order":null,"version_group":{"name":"red-blue","url":"https://pokeapi.co/api/v2/version-group/1/"}},{"level_learned_at":0,"move_learn_method":{"name":"machine","url":"https://pokeapi.co/api/v2/move-learn-method/4/"},"order":null,"version_group":{"name":"yellow","url":"https://pokeapi.co/api/v2/version-group/2/"}},{"level_learned_at":0,"move_learn_method":{"name":"machine","url":"https://pokeapi.co/api/v2/move-learn-method/4/"},"order":null,"version_group":{"name":"lets-go-pikachu-lets-go-eevee","url":"https://pokeapi.co/api/v2/version-group/19/"}},{"level_learned_at":0,"move_learn_method":{"name":"machine","url":"https://pokeapi.co/api/v2/move-learn-method/4/"},"order":null,"version_group":{"name":"sword-shield","url":"https://pokeapi.co/api/v2/version-group/20/"}},{"level_learned_at":0,"move_learn_method":{"name":"machine","url":"https://pokeapi.co/api/v2/move-learn-method/4/"},"order":null,"version_group":{"name":"red-green-japan","url":"https://pokeapi.co/api/v2/version-group/28/"}},{"level_learned_at":0,"move_learn_method":{"name":"machine","url":"https://pokeapi.co/api/v2/move-learn-method/4/"},"order":null,"version_group":{"name":"blue-japan","url":"https://pokeapi.co/api/v2/version-group/29/"}}]},{"move":{"name":"thunder-punch","url":"https://pokeapi.co/api/v2/move/9/"},"version_group_details":[{"level_learned_at":0,"move_learn_method":{"name":"machine","url":"https://pokeapi.co/api/v2/move-learn-method/4/"},"order":null,"version_group":{"name":"gold-silver","url":"https://pokeapi.co/api/v2/version-group/3/"}},{"level_learned_at":0,"move_learn_method":{"name":"machine","url":"https://pokeapi.co/api/v2/move-learn-method/4/"},"order":null,"version_group":{"name":"crystal","url":"https://pokeapi.co/api/v2/version-group/4/"}},{"level_learned_at":0,"move_learn_method":{"name":"tutor","url":"https://pokeapi.co/api/v2/move-learn-method/3/"},"order":null,"version_group":{"name":"emerald","url":"https://pokeapi.co/api/v2/version-group/6/"}},{"level_learned_at":0,"move_learn_method":{"name":"tutor","url":"https://pokeapi.co/api/v2/move-learn-method/3/"},"order":null,"version_group":{"name":"platinum","url":"https://pokeapi.co/api/v2/version-group/9/"}},{"level_learned_at":0,"move_learn_method":{"name":"tutor","url":"https://pokeapi.co/api/v2/move-learn-method/3/"},"order":null,"version_group":{"name":"heartgold-soulsilver","url":"https://pokeapi.co/api/v2/version-group/10/"}},{"level_learned_at":0,"move_learn_method":{"name":"tutor","url":"https://pokeapi.co/api/v2/move-learn-method/3/"},"order":null,"version_group":{"name":"black-2-white-2","url":"https://pokeapi.co/api/v2/version-group/14/"}},{"level_learned_at":0,"move_learn_method":{"name":"tutor","url":"https://pokeapi.co/api/v2/move-learn-method/3/"},"order":null,"version_group":{"name":"omega-ruby-alpha-sap... (set the log level to DEBUG or TRACE to see the full content) 
 </msg>
<msg time="2026-05-18T21:30:44.749852" level="INFO">${response} = &lt;Response [200]&gt;</msg>
<var>${response}</var>
<arg>pokeapi</arg>
<arg>${POKEMON_API}/${pokemon_name}</arg>
<arg>expected_status=any</arg>
<doc>Sends a GET request on a previously created HTTP Session.</doc>
<status status="PASS" start="2026-05-18T21:30:44.732228" elapsed="0.017646"/>
</kw>
<return>
<value>${response}</value>
<status status="PASS" start="2026-05-18T21:30:44.749925" elapsed="0.000036"/>
</return>
<msg time="2026-05-18T21:30:44.750092" level="INFO">${response} = &lt;Response [200]&gt;</msg>
<var>${response}</var>
<arg>${pokemon}</arg>
<doc>Fetches Pokemon data from PokeAPI by name
and returns the full response object.</doc>
<status status="PASS" start="2026-05-18T21:30:44.731993" elapsed="0.018120"/>
</kw>
<kw name="Pokemon Should Exist" owner="pokemon_keywords">
<kw name="Should Be Equal As Integers" owner="BuiltIn">
<msg time="2026-05-18T21:30:44.750936" level="INFO">Argument types are:
&lt;class 'int'&gt;
&lt;class 'str'&gt;</msg>
<arg>${response.status_code}</arg>
<arg>200</arg>
<doc>Fails if objects are unequal after converting them to integers.</doc>
<status status="PASS" start="2026-05-18T21:30:44.750471" elapsed="0.000513"/>
</kw>
<arg>${response}</arg>
<doc>Verifies that a Pokemon exists in the PokeAPI by
checking that the response status code is 200 (OK).</doc>
<status status="PASS" start="2026-05-18T21:30:44.750242" elapsed="0.000811"/>
</kw>
<kw name="Pokemon Should Have Type" owner="pokemon_keywords">
<kw name="Has Type" owner="pokemon_library">
<msg time="2026-05-18T21:30:44.753601" level="INFO">${type_result} = True</msg>
<var>${type_result}</var>
<arg>${response}</arg>
<arg>${expected_type}</arg>
<status status="PASS" start="2026-05-18T21:30:44.751400" elapsed="0.002224"/>
</kw>
<kw name="Should Be True" owner="BuiltIn">
<arg>${type_result}</arg>
<doc>Fails if the given condition is not true.</doc>
<status status="PASS" start="2026-05-18T21:30:44.753713" elapsed="0.000260"/>
</kw>
<arg>${response}</arg>
<arg>${type1}</arg>
<doc>Verifies that a Pokemon response contains
the expected type by extracting all types from the response
and checking if the expected type is present.</doc>
<status status="PASS" start="2026-05-18T21:30:44.751168" elapsed="0.002872"/>
</kw>
<if>
<branch type="IF" condition="'${type2}' != 'None'">
<kw name="Pokemon Should Have Type" owner="pokemon_keywords">
<arg>${response}</arg>
<arg>${type2}</arg>
<doc>Verifies that a Pokemon response contains
the expected type by extracting all types from the response
and checking if the expected type is present.</doc>
<status status="NOT RUN" start="2026-05-18T21:30:44.754315" elapsed="0.000018"/>
</kw>
<status status="NOT RUN" start="2026-05-18T21:30:44.754120" elapsed="0.000245"/>
</branch>
<status status="PASS" start="2026-05-18T21:30:44.754096" elapsed="0.000292"/>
</if>
<var name="${row}">{'pokemon': 'pikachu', 'type1': 'electric', 'type2': None}</var>
<status status="PASS" start="2026-05-18T21:30:44.731528" elapsed="0.022881"/>
</iter>
<iter>
<variable name="${pokemon}">
<msg time="2026-05-18T21:30:44.754644" level="INFO">${pokemon} = charizard</msg>
<var>${row}[pokemon]</var>
<status status="PASS" start="2026-05-18T21:30:44.754574" elapsed="0.000089"/>
</variable>
<variable name="${type1}">
<msg time="2026-05-18T21:30:44.754751" level="INFO">${type1} = fire</msg>
<var>${row}[type1]</var>
<status status="PASS" start="2026-05-18T21:30:44.754692" elapsed="0.000076"/>
</variable>
<variable name="${type2}">
<msg time="2026-05-18T21:30:44.754848" level="INFO">${type2} = flying</msg>
<var>${row}[type2]</var>
<status status="PASS" start="2026-05-18T21:30:44.754793" elapsed="0.000071"/>
</variable>
<kw name="Get Pokemon By Name" owner="pokemon_keywords">
<kw name="GET On Session" owner="RequestsLibrary">
<msg time="2026-05-18T21:30:44.776107" level="INFO">GET Request : url=https://pokeapi.co/api/v2/pokemon/charizard 
 path_url=/api/v2/pokemon/charizard 
 headers={'User-Agent': 'python-requests/2.34.2', 'Accept-Encoding': 'gzip, deflate', 'Accept': '*/*', 'Connection': 'keep-alive'} 
 body=None 
 </msg>
<msg time="2026-05-18T21:30:44.776230" level="INFO">GET Response : url=https://pokeapi.co/api/v2/pokemon/charizard 
 status=200, reason=OK 
 headers={'Date': 'Mon, 18 May 2026 21:30:44 GMT', 'Content-Type': 'application/json; charset=utf-8', 'Transfer-Encoding': 'chunked', 'Connection': 'keep-alive', 'Access-Control-Allow-Origin': '*', 'cache-control': 'public, max-age=86400, s-maxage=86400', 'Report-To': '{"group":"cf-nel","max_age":604800,"endpoints":[{"url":"https://a.nel.cloudflare.com/report/v4?s=rvlmha8Tk%2FnCqm0N9bpCKA89YiJhmKikqRZb4zI3kj8RXoYBRHF0Q0ndJ6TdJDdlOxl5r5mOZRoB2AejldHfr6EeVibPgvoz7XlsgHmy0NtXfTrWbP23aRDr%2B362"}]}', 'etag': 'W/"53ed6-m36a/EoiEtbnNH+8LiR2efYHy+U"', 'function-execution-id': 'io4rz5x8a94x', 'Server': 'cloudflare', 'strict-transport-security': 'max-age=31556926', 'x-cloud-trace-context': '6b6d350025ed9f6b6ffbed945af5494a', 'x-country-code': 'US', 'x-orig-accept-language': 'en-US,en;q=0.5', 'x-powered-by': 'Express', 'x-served-by': 'cache-den-kden1300063-DEN', 'x-cache': 'HIT', 'x-cache-hits': '0', 'x-timer': 'S1774457188.540351,VS0,VE1', 'vary': 'Accept-Encoding,cookie,need-authorization, x-fh-requested-host, accept-encoding', 'alt-svc': 'h3=":443"; ma=86400', 'Nel': '{"report_to":"cf-nel","success_fraction":0.0,"max_age":604800}', 'Age': '80536', 'cf-cache-status': 'HIT', 'Content-Encoding': 'gzip', 'CF-RAY': '9fddf6fdbacaa4ad-SEA'} 
 body={"abilities":[{"ability":{"name":"blaze","url":"https://pokeapi.co/api/v2/ability/66/"},"is_hidden":false,"slot":1},{"ability":{"name":"solar-power","url":"https://pokeapi.co/api/v2/ability/94/"},"is_hidden":true,"slot":3}],"base_experience":240,"cries":{"latest":"https://raw.githubusercontent.com/PokeAPI/cries/main/cries/pokemon/latest/6.ogg","legacy":"https://raw.githubusercontent.com/PokeAPI/cries/main/cries/pokemon/legacy/6.ogg"},"forms":[{"name":"charizard","url":"https://pokeapi.co/api/v2/pokemon-form/6/"}],"game_indices":[{"game_index":180,"version":{"name":"red","url":"https://pokeapi.co/api/v2/version/1/"}},{"game_index":180,"version":{"name":"blue","url":"https://pokeapi.co/api/v2/version/2/"}},{"game_index":180,"version":{"name":"yellow","url":"https://pokeapi.co/api/v2/version/3/"}},{"game_index":6,"version":{"name":"gold","url":"https://pokeapi.co/api/v2/version/4/"}},{"game_index":6,"version":{"name":"silver","url":"https://pokeapi.co/api/v2/version/5/"}},{"game_index":6,"version":{"name":"crystal","url":"https://pokeapi.co/api/v2/version/6/"}},{"game_index":6,"version":{"name":"ruby","url":"https://pokeapi.co/api/v2/version/7/"}},{"game_index":6,"version":{"name":"sapphire","url":"https://pokeapi.co/api/v2/version/8/"}},{"game_index":6,"version":{"name":"emerald","url":"https://pokeapi.co/api/v2/version/9/"}},{"game_index":6,"version":{"name":"firered","url":"https://pokeapi.co/api/v2/version/10/"}},{"game_index":6,"version":{"name":"leafgreen","url":"https://pokeapi.co/api/v2/version/11/"}},{"game_index":6,"version":{"name":"diamond","url":"https://pokeapi.co/api/v2/version/12/"}},{"game_index":6,"version":{"name":"pearl","url":"https://pokeapi.co/api/v2/version/13/"}},{"game_index":6,"version":{"name":"platinum","url":"https://pokeapi.co/api/v2/version/14/"}},{"game_index":6,"version":{"name":"heartgold","url":"https://pokeapi.co/api/v2/version/15/"}},{"game_index":6,"version":{"name":"soulsilver","url":"https://pokeapi.co/api/v2/version/16/"}},{"game_index":6,"version":{"name":"black","url":"https://pokeapi.co/api/v2/version/17/"}},{"game_index":6,"version":{"name":"white","url":"https://pokeapi.co/api/v2/version/18/"}},{"game_index":6,"version":{"name":"black-2","url":"https://pokeapi.co/api/v2/version/21/"}},{"game_index":6,"version":{"name":"white-2","url":"https://pokeapi.co/api/v2/version/22/"}}],"height":17,"held_items":[],"id":6,"is_default":true,"location_area_encounters":"https://pokeapi.co/api/v2/pokemon/6/encounters","moves":[{"move":{"name":"mega-punch","url":"https://pokeapi.co/api/v2/move/5/"},"version_group_details":[{"level_learned_at":0,"move_learn_method":{"name":"machine","url":"https://pokeapi.co/api/v2/move-learn-method/4/"},"order":null,"version_group":{"name":"red-blue","url":"https://pokeapi.co/api/v2/version-group/1/"}},{"level_learned_at":0,"move_learn_method":{"name":"machine","url":"https://pokeapi.co/api/v2/move-learn-method/4/"},"order":null,"version_group":{"name":"yellow","url":"https://pokeapi.co/api/v2/version-group/2/"}},{"level_learned_at":0,"move_learn_method":{"name":"tutor","url":"https://pokeapi.co/api/v2/move-learn-method/3/"},"order":null,"version_group":{"name":"emerald","url":"https://pokeapi.co/api/v2/version-group/6/"}},{"level_learned_at":0,"move_learn_method":{"name":"tutor","url":"https://pokeapi.co/api/v2/move-learn-method/3/"},"order":null,"version_group":{"name":"firered-leafgreen","url":"https://pokeapi.co/api/v2/version-group/7/"}},{"level_learned_at":0,"move_learn_method":{"name":"machine","url":"https://pokeapi.co/api/v2/move-learn-method/4/"},"order":null,"version_group":{"name":"sword-shield","url":"https://pokeapi.co/api/v2/version-group/20/"}},{"level_learned_at":0,"move_learn_method":{"name":"machine","url":"https://pokeapi.co/api/v2/move-learn-method/4/"},"order":null,"version_group":{"name":"red-green-japan","url":"https://pokeapi.co/api/v2/version-group/28/"}},{"level_learned_at":0,"move_learn_method":{"name":"machine","url":"https://pokeapi.co/api/v2/move-learn-method/4/"},"order":null,"version_group":{"name":"blue-japan","url":"https://pokeapi.co/api/v2/version-group/29/"}}]},{"move":{"name":"fire-punch","url":"https://pokeapi.co/api/v2/move/7/"},"version_group_details":[{"level_learned_at":0,"move_learn_method":{"name":"machine","url":"https://pokeapi.co/api/v2/move-learn-method/4/"},"order":null,"version_group":{"name":"gold-silver","url":"https://pokeapi.co/api/v2/version-group/3/"}},{"level_learned_at":0,"move_learn_method":{"name":"machine","url":"https://pokeapi.co/api/v2/move-learn-method/4/"},"order":null,"version_group":{"name":"crystal","url":"https://pokeapi.co/api/v2/version-group/4/"}},{"level_learned_at":0,"move_learn_method":{"name":"tutor","url":"https://pokeapi.co/api/v2/move-learn-method/3/"},"order":null,"version_group":{"name":"emerald","url":"https://pokeapi.co/api/v2/version-group/6/"}},{"level_learned_at":0,"move_learn_method":{"name":"tutor","url":"https://pokeapi.co/api/v2/move-learn-method/3/"},"order":null,"version_group":{"name":"platinum","url":"https://pokeapi.co/api/v2/version-group/9/"}},{"level_learned_at":0,"move_learn_method":{"name":"tutor","url":"https://pokeapi.co/api/v2/move-learn-method/3/"},"order":null,"version_group":{"name":"heartgold-soulsilver","url":"https://pokeapi.co/api/v2/version-group/10/"}},{"level_learned_at":0,"move_learn_method":{"name":"tutor","url":"https://pokeapi.co/api/v2/move-learn-method/3/"},"order":null,"version_group":{"name":"black-2-white-2","url":"https://pokeapi.co/api/v2/version-group/14/"}},{"level_learned_at":0,"move_learn_method":{"name":"tutor","url":"https://pokeapi.co/api/v2/move-learn-method/3/"},"order":null,"version_group":{"name":"omega-ruby-alpha-sapphire","url":"https://pokeapi.co/api/v2/version-group/16/"}},{"level_learned_at":0,"move_learn_method":{"name":"tutor","url":"https://pokeapi.co/api/v2/move-learn-method/3/"},"order":null,"version_group":{"name":"ultra-sun-ultra-moon","url":"https://pokeapi.co/api/v2/version-group/18/"}},{"level_learned_at":0,"move_learn_method":{"name":"machine","url":"https://pokeapi.co/api/v2/move-learn-method/4/"},"order":null,"version_group":{"name":"lets-go-pikachu-lets-go-eevee","url":"https://pokeapi.co/api/v2/version-group/19/"}},{"level_learned_at":0,"move_learn_method":{"name":"machine","url":"https://pokeapi.co/api/v2/move-learn-method/4/"},"order":null,"version_group":{"name":"sword-shield","url":"https://pokeapi.co/api/v2/version-group/20/"}},{"level_learned_at":0,"move_learn_method":{"name":"machine","url":"https://pokeapi.co/api/v2/move-learn-method/4/"},"order":null,"version_group":{"name":"scarlet-violet","url":"https://pokeapi.co/api/v2/version-group/25/"}}]},{"move":{"name":"thunder-punch","url":"https://pokeapi.co/api/v2/move/9/"},"version_group_details":[{"level_learned_at":0,"move_learn_method":{"name":"tutor","url":"https://pokeapi.co/api/v2/move-learn-method/3/"},"order":null,"version_group":{"name":"platinum","url":"https://pokeapi.co/api/v2/version-group/9/"}},{"level_learned_at":0,"move_learn_method":{"name":"tutor","url":"https://pokeapi.co/api/v2/move-learn-method/3/"},"order":null,"version_group":{"name":"heartgold-soulsilver","url":"https://pokeapi.co/api/v2/version-group/10/"}},{"level_learned_at":0,"move_learn_method":{"name":"tutor","url":"https://pokeapi.co/api/v2/move-learn-method/3/"},"order":null,"version_group":{"name":"black-2-white-2","url":"https://pokeapi.co/api/v2/version-group/14/"}},{"level_learned_at":0,"move_learn_method":{"name":"tutor","url":"https://pokeapi.co/api/v2/move-learn-method/3/"},"order":null,"version_group":{"name":"omega-ruby-alpha-sapphire","url":"https://pokeapi.co/api/v2/version-group/16/"}},{"level_learned_at":0,"move_learn_method":{"name":"tutor","url":"https://pokeapi.co/api/v2/move-learn-method/3/"},"order":null,"version_group":{"name":"ultra-sun-ultra-moon","url":"https://pokeapi.co/api/v2/version-group/18/"}},{"level_learned_at":0,"move_learn_method":{"name":"machine","url":"https://pokeapi.co/api/v2/move-learn-method/4/"},"order":null,"version_group":{"name":"lets-go-pikachu-lets-go-eevee","url":"https://pokeapi.co/api/v2/version-group/19/"}},{"level_learned_at":0,"move_learn_method":{"name":"machine","url":"https://pokeapi.co/api/v2/move-learn-method/4/"},"order":null,"version_group":{"name":"sword-shield","url":"https://pokeapi.co/api/v2/version-group/20/"}},{"level_learned_at":0,"move_learn_method":{"name":"machine","url":"https://pokeapi.co/api/v2/move-learn-method/4/"},"order":null,"version_group":{"name":"scarlet-violet","url":"https://pokeapi.co/api/v2/version-group/25/"}}]},{"move":{"name":"scratch","url":"https://pokeapi.co/api/v2/move/10/"},"version_group_details":[{"level_learned_at":1,"move_learn_method":{"name":"level-up","url":"https://pokeapi.co/api/v2/move-learn-method/1/"},"order":1,"version_group":{"name":"red-blue","url":"https://pokeapi.co/api/v2/version-group/1/"}},{"level_learned_at":1,"move_learn_method":{"name":"level-up","url":"https://pokeapi.co/api/v2/move-learn-method/1/"},"order":1,"version_group":{"name":"yellow","url":"https://pokeapi.co/api/v2/version-group/2/"}},{"level_learned_at":1,"move_learn_method":{"name":"level-up","url":"https://pokeapi.co/api/v2/move-learn-method/1/"},"order":1,"version_group":{"name":"gold-silver","url":"https://pokeapi.co/api/v2/version-group/3/"}},{"level_learned_at":1,"move_learn_method":{"name":"level-up","url":"https://pokeapi.co/api/v2/move-learn-method/1/"},"order":1,"version_group":{"name":"crystal","url":"https://pokeapi.co/api/v2/version-group/4/"}},{"level_learned_at":1,"move_learn_method":{"name":"level-up","url":"https://pokeapi.co/api/v2/move-learn-method/1/"},"order":1,"version_group":{"name":"ruby-sapphire","url":"https://pokeapi.co/api/v2/version-group/5/"}},{"level_learned_at":1,"move_learn_method":{"name":"level-up","url":"https://pokeapi.co/api/v2/move-learn-method/1/"},"order":1,"version_group":{"name":"emerald","url":"https://pokeapi.co/api/v2/version-group/6/"}},{... (set the log level to DEBUG or TRACE to see the full content) 
 </msg>
<msg time="2026-05-18T21:30:44.776409" level="INFO">${response} = &lt;Response [200]&gt;</msg>
<var>${response}</var>
<arg>pokeapi</arg>
<arg>${POKEMON_API}/${pokemon_name}</arg>
<arg>expected_status=any</arg>
<doc>Sends a GET request on a previously created HTTP Session.</doc>
<status status="PASS" start="2026-05-18T21:30:44.755225" elapsed="0.021205"/>
</kw>
<return>
<value>${response}</value>
<status status="PASS" start="2026-05-18T21:30:44.776478" elapsed="0.000033"/>
</return>
<msg time="2026-05-18T21:30:44.776612" level="INFO">${response} = &lt;Response [200]&gt;</msg>
<var>${response}</var>
<arg>${pokemon}</arg>
<doc>Fetches Pokemon data from PokeAPI by name
and returns the full response object.</doc>
<status status="PASS" start="2026-05-18T21:30:44.754966" elapsed="0.021665"/>
</kw>
<kw name="Pokemon Should Exist" owner="pokemon_keywords">
<kw name="Should Be Equal As Integers" owner="BuiltIn">
<msg time="2026-05-18T21:30:44.777382" level="INFO">Argument types are:
&lt;class 'int'&gt;
&lt;class 'str'&gt;</msg>
<arg>${response.status_code}</arg>
<arg>200</arg>
<doc>Fails if objects are unequal after converting them to integers.</doc>
<status status="PASS" start="2026-05-18T21:30:44.776946" elapsed="0.000484"/>
</kw>
<arg>${response}</arg>
<doc>Verifies that a Pokemon exists in the PokeAPI by
checking that the response status code is 200 (OK).</doc>
<status status="PASS" start="2026-05-18T21:30:44.776744" elapsed="0.000732"/>
</kw>
<kw name="Pokemon Should Have Type" owner="pokemon_keywords">
<kw name="Has Type" owner="pokemon_library">
<msg time="2026-05-18T21:30:44.780311" level="INFO">${type_result} = True</msg>
<var>${type_result}</var>
<arg>${response}</arg>
<arg>${expected_type}</arg>
<status status="PASS" start="2026-05-18T21:30:44.777798" elapsed="0.002537"/>
</kw>
<kw name="Should Be True" owner="BuiltIn">
<arg>${type_result}</arg>
<doc>Fails if the given condition is not true.</doc>
<status status="PASS" start="2026-05-18T21:30:44.780428" elapsed="0.000220"/>
</kw>
<arg>${response}</arg>
<arg>${type1}</arg>
<doc>Verifies that a Pokemon response contains
the expected type by extracting all types from the response
and checking if the expected type is present.</doc>
<status status="PASS" start="2026-05-18T21:30:44.777581" elapsed="0.003115"/>
</kw>
<if>
<branch type="IF" condition="'${type2}' != 'None'">
<kw name="Pokemon Should Have Type" owner="pokemon_keywords">
<kw name="Has Type" owner="pokemon_library">
<msg time="2026-05-18T21:30:44.783408" level="INFO">${type_result} = True</msg>
<var>${type_result}</var>
<arg>${response}</arg>
<arg>${expected_type}</arg>
<status status="PASS" start="2026-05-18T21:30:44.781183" elapsed="0.002248"/>
</kw>
<kw name="Should Be True" owner="BuiltIn">
<arg>${type_result}</arg>
<doc>Fails if the given condition is not true.</doc>
<status status="PASS" start="2026-05-18T21:30:44.783517" elapsed="0.000207"/>
</kw>
<arg>${response}</arg>
<arg>${type2}</arg>
<doc>Verifies that a Pokemon response contains
the expected type by extracting all types from the response
and checking if the expected type is present.</doc>
<status status="PASS" start="2026-05-18T21:30:44.780933" elapsed="0.002836"/>
</kw>
<status status="PASS" start="2026-05-18T21:30:44.780757" elapsed="0.003036"/>
</branch>
<status status="PASS" start="2026-05-18T21:30:44.780738" elapsed="0.003078"/>
</if>
<var name="${row}">{'pokemon': 'charizard', 'type1': 'fire', 'type2': 'flying'}</var>
<status status="PASS" start="2026-05-18T21:30:44.754550" elapsed="0.029284"/>
</iter>
<iter>
<variable name="${pokemon}">
<msg time="2026-05-18T21:30:44.784084" level="INFO">${pokemon} = squirtle</msg>
<var>${row}[pokemon]</var>
<status status="PASS" start="2026-05-18T21:30:44.783990" elapsed="0.000114"/>
</variable>
<variable name="${type1}">
<msg time="2026-05-18T21:30:44.784199" level="INFO">${type1} = water</msg>
<var>${row}[type1]</var>
<status status="PASS" start="2026-05-18T21:30:44.784136" elapsed="0.000080"/>
</variable>
<variable name="${type2}">
<msg time="2026-05-18T21:30:44.784301" level="INFO">${type2} = None</msg>
<var>${row}[type2]</var>
<status status="PASS" start="2026-05-18T21:30:44.784243" elapsed="0.000074"/>
</variable>
<kw name="Get Pokemon By Name" owner="pokemon_keywords">
<kw name="GET On Session" owner="RequestsLibrary">
<msg time="2026-05-18T21:30:44.801234" level="INFO">GET Request : url=https://pokeapi.co/api/v2/pokemon/squirtle 
 path_url=/api/v2/pokemon/squirtle 
 headers={'User-Agent': 'python-requests/2.34.2', 'Accept-Encoding': 'gzip, deflate', 'Accept': '*/*', 'Connection': 'keep-alive'} 
 body=None 
 </msg>
<msg time="2026-05-18T21:30:44.801408" level="INFO">GET Response : url=https://pokeapi.co/api/v2/pokemon/squirtle 
 status=200, reason=OK 
 headers={'Date': 'Mon, 18 May 2026 21:30:44 GMT', 'Content-Type': 'application/json; charset=utf-8', 'Transfer-Encoding': 'chunked', 'Connection': 'keep-alive', 'Access-Control-Allow-Origin': '*', 'cache-control': 'public, max-age=86400, s-maxage=86400', 'Report-To': '{"group":"cf-nel","max_age":604800,"endpoints":[{"url":"https://a.nel.cloudflare.com/report/v4?s=egiBKSryXH2Sdnp%2Bxp9kmQNyhkLW2rX87AoILllSCaCiSQUP6vdxU0ko9rnmy6zCSWekICk7lLZNXI3moM%2BiSFAaVEoS9XINrIa1r%2FYe31E43%2Bmae%2BmNAVajKCXD"}]}', 'etag': 'W/"49d2c-XpLkhxoRvXOl37IHs5OFoNIWTQM"', 'function-execution-id': 'ez0jwjv87uiv', 'Server': 'cloudflare', 'strict-transport-security': 'max-age=31556926', 'x-cloud-trace-context': 'c987073cf11121c8759bb8d52e12bf5c;o=1', 'x-country-code': 'US', 'x-orig-accept-language': 'en-US,en;q=0.9', 'x-powered-by': 'Express', 'x-served-by': 'cache-dfw-kdfw8210062-DFW', 'x-cache': 'HIT', 'x-cache-hits': '0', 'x-timer': 'S1776690796.544966,VS0,VE2', 'vary': 'Accept-Encoding,cookie,need-authorization, x-fh-requested-host, accept-encoding', 'alt-svc': 'h3=":443"; ma=86400', 'Nel': '{"report_to":"cf-nel","success_fraction":0.0,"max_age":604800}', 'Age': '19944', 'cf-cache-status': 'HIT', 'Content-Encoding': 'gzip', 'CF-RAY': '9fddf6fdeb44a4ad-SEA'} 
 body={"abilities":[{"ability":{"name":"torrent","url":"https://pokeapi.co/api/v2/ability/67/"},"is_hidden":false,"slot":1},{"ability":{"name":"rain-dish","url":"https://pokeapi.co/api/v2/ability/44/"},"is_hidden":true,"slot":3}],"base_experience":63,"cries":{"latest":"https://raw.githubusercontent.com/PokeAPI/cries/main/cries/pokemon/latest/7.ogg","legacy":"https://raw.githubusercontent.com/PokeAPI/cries/main/cries/pokemon/legacy/7.ogg"},"forms":[{"name":"squirtle","url":"https://pokeapi.co/api/v2/pokemon-form/7/"}],"game_indices":[{"game_index":177,"version":{"name":"red","url":"https://pokeapi.co/api/v2/version/1/"}},{"game_index":177,"version":{"name":"blue","url":"https://pokeapi.co/api/v2/version/2/"}},{"game_index":177,"version":{"name":"yellow","url":"https://pokeapi.co/api/v2/version/3/"}},{"game_index":7,"version":{"name":"gold","url":"https://pokeapi.co/api/v2/version/4/"}},{"game_index":7,"version":{"name":"silver","url":"https://pokeapi.co/api/v2/version/5/"}},{"game_index":7,"version":{"name":"crystal","url":"https://pokeapi.co/api/v2/version/6/"}},{"game_index":7,"version":{"name":"ruby","url":"https://pokeapi.co/api/v2/version/7/"}},{"game_index":7,"version":{"name":"sapphire","url":"https://pokeapi.co/api/v2/version/8/"}},{"game_index":7,"version":{"name":"emerald","url":"https://pokeapi.co/api/v2/version/9/"}},{"game_index":7,"version":{"name":"firered","url":"https://pokeapi.co/api/v2/version/10/"}},{"game_index":7,"version":{"name":"leafgreen","url":"https://pokeapi.co/api/v2/version/11/"}},{"game_index":7,"version":{"name":"diamond","url":"https://pokeapi.co/api/v2/version/12/"}},{"game_index":7,"version":{"name":"pearl","url":"https://pokeapi.co/api/v2/version/13/"}},{"game_index":7,"version":{"name":"platinum","url":"https://pokeapi.co/api/v2/version/14/"}},{"game_index":7,"version":{"name":"heartgold","url":"https://pokeapi.co/api/v2/version/15/"}},{"game_index":7,"version":{"name":"soulsilver","url":"https://pokeapi.co/api/v2/version/16/"}},{"game_index":7,"version":{"name":"black","url":"https://pokeapi.co/api/v2/version/17/"}},{"game_index":7,"version":{"name":"white","url":"https://pokeapi.co/api/v2/version/18/"}},{"game_index":7,"version":{"name":"black-2","url":"https://pokeapi.co/api/v2/version/21/"}},{"game_index":7,"version":{"name":"white-2","url":"https://pokeapi.co/api/v2/version/22/"}}],"height":5,"held_items":[],"id":7,"is_default":true,"location_area_encounters":"https://pokeapi.co/api/v2/pokemon/7/encounters","moves":[{"move":{"name":"mega-punch","url":"https://pokeapi.co/api/v2/move/5/"},"version_group_details":[{"level_learned_at":0,"move_learn_method":{"name":"machine","url":"https://pokeapi.co/api/v2/move-learn-method/4/"},"order":null,"version_group":{"name":"red-blue","url":"https://pokeapi.co/api/v2/version-group/1/"}},{"level_learned_at":0,"move_learn_method":{"name":"machine","url":"https://pokeapi.co/api/v2/move-learn-method/4/"},"order":null,"version_group":{"name":"yellow","url":"https://pokeapi.co/api/v2/version-group/2/"}},{"level_learned_at":0,"move_learn_method":{"name":"tutor","url":"https://pokeapi.co/api/v2/move-learn-method/3/"},"order":null,"version_group":{"name":"emerald","url":"https://pokeapi.co/api/v2/version-group/6/"}},{"level_learned_at":0,"move_learn_method":{"name":"tutor","url":"https://pokeapi.co/api/v2/move-learn-method/3/"},"order":null,"version_group":{"name":"firered-leafgreen","url":"https://pokeapi.co/api/v2/version-group/7/"}},{"level_learned_at":0,"move_learn_method":{"name":"machine","url":"https://pokeapi.co/api/v2/move-learn-method/4/"},"order":null,"version_group":{"name":"sword-shield","url":"https://pokeapi.co/api/v2/version-group/20/"}},{"level_learned_at":0,"move_learn_method":{"name":"machine","url":"https://pokeapi.co/api/v2/move-learn-method/4/"},"order":null,"version_group":{"name":"red-green-japan","url":"https://pokeapi.co/api/v2/version-group/28/"}},{"level_learned_at":0,"move_learn_method":{"name":"machine","url":"https://pokeapi.co/api/v2/move-learn-method/4/"},"order":null,"version_group":{"name":"blue-japan","url":"https://pokeapi.co/api/v2/version-group/29/"}}]},{"move":{"name":"ice-punch","url":"https://pokeapi.co/api/v2/move/8/"},"version_group_details":[{"level_learned_at":0,"move_learn_method":{"name":"machine","url":"https://pokeapi.co/api/v2/move-learn-method/4/"},"order":null,"version_group":{"name":"gold-silver","url":"https://pokeapi.co/api/v2/version-group/3/"}},{"level_learned_at":0,"move_learn_method":{"name":"machine","url":"https://pokeapi.co/api/v2/move-learn-method/4/"},"order":null,"version_group":{"name":"crystal","url":"https://pokeapi.co/api/v2/version-group/4/"}},{"level_learned_at":0,"move_learn_method":{"name":"tutor","url":"https://pokeapi.co/api/v2/move-learn-method/3/"},"order":null,"version_group":{"name":"emerald","url":"https://pokeapi.co/api/v2/version-group/6/"}},{"level_learned_at":0,"move_learn_method":{"name":"tutor","url":"https://pokeapi.co/api/v2/move-learn-method/3/"},"order":null,"version_group":{"name":"platinum","url":"https://pokeapi.co/api/v2/version-group/9/"}},{"level_learned_at":0,"move_learn_method":{"name":"tutor","url":"https://pokeapi.co/api/v2/move-learn-method/3/"},"order":null,"version_group":{"name":"heartgold-soulsilver","url":"https://pokeapi.co/api/v2/version-group/10/"}},{"level_learned_at":0,"move_learn_method":{"name":"tutor","url":"https://pokeapi.co/api/v2/move-learn-method/3/"},"order":null,"version_group":{"name":"black-2-white-2","url":"https://pokeapi.co/api/v2/version-group/14/"}},{"level_learned_at":0,"move_learn_method":{"name":"tutor","url":"https://pokeapi.co/api/v2/move-learn-method/3/"},"order":null,"version_group":{"name":"omega-ruby-alpha-sapphire","url":"https://pokeapi.co/api/v2/version-group/16/"}},{"level_learned_at":0,"move_learn_method":{"name":"tutor","url":"https://pokeapi.co/api/v2/move-learn-method/3/"},"order":null,"version_group":{"name":"ultra-sun-ultra-moon","url":"https://pokeapi.co/api/v2/version-group/18/"}},{"level_learned_at":0,"move_learn_method":{"name":"machine","url":"https://pokeapi.co/api/v2/move-learn-method/4/"},"order":null,"version_group":{"name":"lets-go-pikachu-lets-go-eevee","url":"https://pokeapi.co/api/v2/version-group/19/"}},{"level_learned_at":0,"move_learn_method":{"name":"machine","url":"https://pokeapi.co/api/v2/move-learn-method/4/"},"order":null,"version_group":{"name":"sword-shield","url":"https://pokeapi.co/api/v2/version-group/20/"}},{"level_learned_at":0,"move_learn_method":{"name":"machine","url":"https://pokeapi.co/api/v2/move-learn-method/4/"},"order":null,"version_group":{"name":"scarlet-violet","url":"https://pokeapi.co/api/v2/version-group/25/"}}]},{"move":{"name":"mega-kick","url":"https://pokeapi.co/api/v2/move/25/"},"version_group_details":[{"level_learned_at":0,"move_learn_method":{"name":"machine","url":"https://pokeapi.co/api/v2/move-learn-method/4/"},"order":null,"version_group":{"name":"red-blue","url":"https://pokeapi.co/api/v2/version-group/1/"}},{"level_learned_at":0,"move_learn_method":{"name":"machine","url":"https://pokeapi.co/api/v2/move-learn-method/4/"},"order":null,"version_group":{"name":"yellow","url":"https://pokeapi.co/api/v2/version-group/2/"}},{"level_learned_at":0,"move_learn_method":{"name":"tutor","url":"https://pokeapi.co/api/v2/move-learn-method/3/"},"order":null,"version_group":{"name":"emerald","url":"https://pokeapi.co/api/v2/version-group/6/"}},{"level_learned_at":0,"move_learn_method":{"name":"tutor","url":"https://pokeapi.co/api/v2/move-learn-method/3/"},"order":null,"version_group":{"name":"firered-leafgreen","url":"https://pokeapi.co/api/v2/version-group/7/"}},{"level_learned_at":0,"move_learn_method":{"name":"machine","url":"https://pokeapi.co/api/v2/move-learn-method/4/"},"order":null,"version_group":{"name":"sword-shield","url":"https://pokeapi.co/api/v2/version-group/20/"}},{"level_learned_at":0,"move_learn_method":{"name":"machine","url":"https://pokeapi.co/api/v2/move-learn-method/4/"},"order":null,"version_group":{"name":"red-green-japan","url":"https://pokeapi.co/api/v2/version-group/28/"}},{"level_learned_at":0,"move_learn_method":{"name":"machine","url":"https://pokeapi.co/api/v2/move-learn-method/4/"},"order":null,"version_group":{"name":"blue-japan","url":"https://pokeapi.co/api/v2/version-group/29/"}}]},{"move":{"name":"headbutt","url":"https://pokeapi.co/api/v2/move/29/"},"version_group_details":[{"level_learned_at":0,"move_learn_method":{"name":"machine","url":"https://pokeapi.co/api/v2/move-learn-method/4/"},"order":null,"version_group":{"name":"gold-silver","url":"https://pokeapi.co/api/v2/version-group/3/"}},{"level_learned_at":0,"move_learn_method":{"name":"machine","url":"https://pokeapi.co/api/v2/move-learn-method/4/"},"order":null,"version_group":{"name":"crystal","url":"https://pokeapi.co/api/v2/version-group/4/"}},{"level_learned_at":0,"move_learn_method":{"name":"tutor","url":"https://pokeapi.co/api/v2/move-learn-method/3/"},"order":null,"version_group":{"name":"heartgold-soulsilver","url":"https://pokeapi.co/api/v2/version-group/10/"}},{"level_learned_at":36,"move_learn_method":{"name":"level-up","url":"https://pokeapi.co/api/v2/move-learn-method/1/"},"order":null,"version_group":{"name":"lets-go-pikachu-lets-go-eevee","url":"https://pokeapi.co/api/v2/version-group/19/"}},{"level_learned_at":0,"move_learn_method":{"name":"machine","url":"https://pokeapi.co/api/v2/move-learn-method/4/"},"order":null,"version_group":{"name":"lets-go-pikachu-lets-go-eevee","url":"https://pokeapi.co/api/v2/version-group/19/"}}]},{"move":{"name":"tackle","url":"https://pokeapi.co/api/v2/move/33/"},"version_group_details":[{"level_learned_at":1,"move_learn_method":{"name":"level-up","url":"https://pokeapi.co/api/v2/move-learn-method/1/"},"order":1,"version_group":{"name":"red-blue","url":"https://pokeapi.co/api/v2/version-group/1/"}},{"level_learned_at":1,"move_learn_method":{"name":"level-up","url":"https://pokeapi.co/api/v2/move-learn-method/1/"},"ord... (set the log level to DEBUG or TRACE to see the full content) 
 </msg>
<msg time="2026-05-18T21:30:44.801558" level="INFO">${response} = &lt;Response [200]&gt;</msg>
<var>${response}</var>
<arg>pokeapi</arg>
<arg>${POKEMON_API}/${pokemon_name}</arg>
<arg>expected_status=any</arg>
<doc>Sends a GET request on a previously created HTTP Session.</doc>
<status status="PASS" start="2026-05-18T21:30:44.784616" elapsed="0.016963"/>
</kw>
<return>
<value>${response}</value>
<status status="PASS" start="2026-05-18T21:30:44.801623" elapsed="0.000028"/>
</return>
<msg time="2026-05-18T21:30:44.801748" level="INFO">${response} = &lt;Response [200]&gt;</msg>
<var>${response}</var>
<arg>${pokemon}</arg>
<doc>Fetches Pokemon data from PokeAPI by name
and returns the full response object.</doc>
[...]
rl":"https://pokeapi.co/api/v2/move/206/"},{"name":"swagger","url":"https://pokeapi.co/api/v2/move/207/"},{"name":"milk-drink","url":"https://pokeapi.co/api/v2/move/208/"},{"name":"mean-look","url":"https://pokeapi.co/api/v2/move/212/"},{"name":"attract","url":"https://pokeapi.co/api/v2/move/213/"},{"name":"sleep-talk","url":"https://pokeapi.co/api/v2/move/214/"},{"name":"heal-bell","url":"https://pokeapi.co/api/v2/move/215/"},{"name":"return","url":"https://pokeapi.co/api/v2/move/216/"},{"name":"present","url":"https://pokeapi.co/api/v2/move/217/"},{"name":"frustration","url":"https://pokeapi.co/api/v2/move/218/"},{"name":"safeguard","url":"https://pokeapi.co/api/v2/move/219/"},{"name":"pain-split","url":"https://pokeapi.co/api/v2/move/220/"},{"name":"baton-pass","url":"https://pokeapi.co/api/v2/move/226/"},{"name":"encore","url":"https://pokeapi.co/api/v2/move/227/"},{"name":"rapid-spin","url":"https://pokeapi.co/api/v2/move/229/"},{"name":"sweet-scent","url":"https://pokeapi.co/api/v2/move/230/"},{"name":"morning-sun","url":"https://pokeapi.co/api/v2/move/234/"},{"name":"hidden-power","url":"https://pokeapi.co/api/v2/move/237/"},{"name":"psych-up","url":"https://pokeapi.co/api/v2/move/244/"},{"name":"extreme-speed","url":"https://pokeapi.co/api/v2/move/245/"},{"name":"fake-out","url":"https://pokeapi.co/api/v2/move/252/"},{"name":"uproar","url":"https://pokeapi.co/api/v2/move/253/"},{"name":"stockpile","url":"https://pokeapi.co/api/v2/move/254/"},{"name":"spit-up","url":"https://pokeapi.co/api/v2/move/255/"},{"name":"swallow","url":"https://pokeapi.co/api/v2/move/256/"},{"name":"facade","url":"https://pokeapi.co/api/v2/move/263/"},{"name":"smelling-salts","url":"https://pokeapi.co/api/v2/move/265/"},{"name":"follow-me","url":"https://pokeapi.co/api/v2/move/266/"},{"name":"nature-power","url":"https://pokeapi.co/api/v2/move/267/"},{"name":"helping-hand","url":"https://pokeapi.co/api/v2/move/270/"},{"name":"wish","url":"https://pokeapi.co/api/v2/move/273/"},{"name":"assist","url":"https://pokeapi.co/api/v2/move/274/"},{"name":"recycle","url":"https://pokeapi.co/api/v2/move/278/"},{"name":"yawn","url":"https://pokeapi.co/api/v2/move/281/"},{"name":"endeavor","url":"https://pokeapi.co/api/v2/move/283/"},{"name":"refresh","url":"https://pokeapi.co/api/v2/move/287/"},{"name":"secret-power","url":"https://pokeapi.co/api/v2/move/290/"},{"name":"camouflage","url":"https://pokeapi.co/api/v2/move/293/"},{"name":"teeter-dance","url":"https://pokeapi.co/api/v2/move/298/"},{"name":"slack-off","url":"https://pokeapi.co/api/v2/move/303/"},{"name":"hyper-voice","url":"https://pokeapi.co/api/v2/move/304/"},{"name":"crush-claw","url":"https://pokeapi.co/api/v2/move/306/"},{"name":"weather-ball","url":"https://pokeapi.co/api/v2/move/311/"},{"name":"odor-sleuth","url":"https://pokeapi.co/api/v2/move/316/"},{"name":"tickle","url":"https://pokeapi.co/api/v2/move/321/"},{"name":"block","url":"https://pokeapi.co/api/v2/move/335/"},{"name":"howl","url":"https://pokeapi.co/api/v2/move/336/"},{"name":"covet","url":"https://pokeapi.co/api/v2/move/343/"},{"name":"natural-gift","url":"https://pokeapi.co/api/v2/move/363/"},{"name":"feint","url":"https://pokeapi.co/api/v2/move/364/"},{"name":"acup... (set the log level to DEBUG or TRACE to see the full content) 
 </msg>
<msg time="2026-05-18T21:30:49.083908" level="INFO">${response} = &lt;Response [200]&gt;</msg>
<var>${response}</var>
<arg>pokeapi</arg>
<arg>${TYPE_API}/${type_name}</arg>
<arg>expected_status=any</arg>
<doc>Sends a GET request on a previously created HTTP Session.</doc>
<status status="PASS" start="2026-05-18T21:30:49.069424" elapsed="0.014505"/>
</kw>
<return>
<value>${response}</value>
<status status="PASS" start="2026-05-18T21:30:49.083978" elapsed="0.000037"/>
</return>
<msg time="2026-05-18T21:30:49.084151" level="INFO">${response} = &lt;Response [200]&gt;</msg>
<var>${response}</var>
<arg>normal</arg>
<doc>Fetches Type data from PokeAPI by name
and returns the full response object.</doc>
<status status="PASS" start="2026-05-18T21:30:49.069191" elapsed="0.014980"/>
</kw>
<kw name="Type Has No Effect On" owner="type_keywords">
<kw name="No Effect On" owner="type_library">
<arg>${response}</arg>
<arg>${type_name}</arg>
<status status="PASS" start="2026-05-18T21:30:49.084521" elapsed="0.005116"/>
</kw>
<arg>${response}</arg>
<arg>ghost</arg>
<doc>Verifies that a type has no effect on another type
by checking the "no_damage_to" field from the response type.</doc>
<status status="PASS" start="2026-05-18T21:30:49.084287" elapsed="0.005406"/>
</kw>
<kw name="Sleep" owner="BuiltIn" type="TEARDOWN">
<msg time="2026-05-18T21:30:49.290229" level="INFO">Slept 200 milliseconds.</msg>
<arg>0.2</arg>
<doc>Pauses the test executed for the given time.</doc>
<status status="PASS" start="2026-05-18T21:30:49.089833" elapsed="0.200518"/>
</kw>
<doc>Given the PokeAPI is available
When we request Normal type
Then Normal should have no effect on Ghost (Normal moves have no effect on Ghost)</doc>
<status status="PASS" start="2026-05-18T21:30:49.068656" elapsed="0.221767"/>
</test>
<test id="s1-s3-s1-t10" name="Normal Is Immune To Ghost" line="94">
<kw name="Get Type By Name" owner="type_keywords">
<kw name="GET On Session" owner="RequestsLibrary">
<msg time="2026-05-18T21:30:49.303530" level="INFO">GET Request : url=https://pokeapi.co/api/v2/type/normal 
 path_url=/api/v2/type/normal 
 headers={'User-Agent': 'python-requests/2.34.2', 'Accept-Encoding': 'gzip, deflate', 'Accept': '*/*', 'Connection': 'keep-alive'} 
 body=None 
 </msg>
<msg time="2026-05-18T21:30:49.303631" level="INFO">GET Response : url=https://pokeapi.co/api/v2/type/normal 
 status=200, reason=OK 
 headers={'Date': 'Mon, 18 May 2026 21:30:49 GMT', 'Content-Type': 'application/json; charset=utf-8', 'Transfer-Encoding': 'chunked', 'Connection': 'keep-alive', 'Access-Control-Allow-Origin': '*', 'cache-control': 'public, max-age=86400, s-maxage=86400', 'Report-To': '{"group":"cf-nel","max_age":604800,"endpoints":[{"url":"https://a.nel.cloudflare.com/report/v4?s=LQi24LfrH%2FYjl5D8w22yTQV2w8S2X1lhxOBW6dth9WAyr4Vy%2BYq2u1gLlZ6B%2BQACT8lc4xmmnk7BXyn491n%2BHno2yzvW65TB428pUWGpVd074iwrOmvetFk7L60c"}]}', 'etag': 'W/"824d-LwMGIn/CsCtRZ/taPhOKWOEq2Kk"', 'function-execution-id': 'zn7vhjiwm8bv', 'Server': 'cloudflare', 'strict-transport-security': 'max-age=31556926', 'x-cloud-trace-context': 'cecdb8ae83974d60ef73aec48a09c94b', 'x-country-code': 'US', 'x-powered-by': 'Express', 'x-served-by': 'cache-dfw-kdfw8210067-DFW', 'x-cache': 'HIT', 'x-cache-hits': '0', 'x-timer': 'S1773857774.681341,VS0,VE1', 'vary': 'Accept-Encoding,cookie,need-authorization, x-fh-requested-host, accept-encoding', 'alt-svc': 'h3=":443"; ma=86400', 'Nel': '{"report_to":"cf-nel","success_fraction":0.0,"max_age":604800}', 'Age': '72415', 'cf-cache-status': 'HIT', 'Content-Encoding': 'gzip', 'CF-RAY': '9fddf71a1ac96afb-SEA'} 
 body={"damage_relations":{"double_damage_from":[{"name":"fighting","url":"https://pokeapi.co/api/v2/type/2/"}],"double_damage_to":[],"half_damage_from":[],"half_damage_to":[{"name":"rock","url":"https://pokeapi.co/api/v2/type/6/"},{"name":"steel","url":"https://pokeapi.co/api/v2/type/9/"}],"no_damage_from":[{"name":"ghost","url":"https://pokeapi.co/api/v2/type/8/"}],"no_damage_to":[{"name":"ghost","url":"https://pokeapi.co/api/v2/type/8/"}]},"game_indices":[{"game_index":0,"generation":{"name":"generation-i","url":"https://pokeapi.co/api/v2/generation/1/"}},{"game_index":0,"generation":{"name":"generation-ii","url":"https://pokeapi.co/api/v2/generation/2/"}},{"game_index":0,"generation":{"name":"generation-iii","url":"https://pokeapi.co/api/v2/generation/3/"}},{"game_index":0,"generation":{"name":"generation-iv","url":"https://pokeapi.co/api/v2/generation/4/"}},{"game_index":0,"generation":{"name":"generation-v","url":"https://pokeapi.co/api/v2/generation/5/"}},{"game_index":0,"generation":{"name":"generation-vi","url":"https://pokeapi.co/api/v2/generation/6/"}}],"generation":{"name":"generation-i","url":"https://pokeapi.co/api/v2/generation/1/"},"id":1,"move_damage_class":{"name":"physical","url":"https://pokeapi.co/api/v2/move-damage-class/2/"},"moves":[{"name":"pound","url":"https://pokeapi.co/api/v2/move/1/"},{"name":"double-slap","url":"https://pokeapi.co/api/v2/move/3/"},{"name":"comet-punch","url":"https://pokeapi.co/api/v2/move/4/"},{"name":"mega-punch","url":"https://pokeapi.co/api/v2/move/5/"},{"name":"pay-day","url":"https://pokeapi.co/api/v2/move/6/"},{"name":"scratch","url":"https://pokeapi.co/api/v2/move/10/"},{"name":"vice-grip","url":"https://pokeapi.co/api/v2/move/11/"},{"name":"guillotine","url":"https://pokeapi.co/api/v2/move/12/"},{"name":"razor-wind","url":"https://pokeapi.co/api/v2/move/13/"},{"name":"swords-dance","url":"https://pokeapi.co/api/v2/move/14/"},{"name":"cut","url":"https://pokeapi.co/api/v2/move/15/"},{"name":"whirlwind","url":"https://pokeapi.co/api/v2/move/18/"},{"name":"bind","url":"https://pokeapi.co/api/v2/move/20/"},{"name":"slam","url":"https://pokeapi.co/api/v2/move/21/"},{"name":"stomp","url":"https://pokeapi.co/api/v2/move/23/"},{"name":"mega-kick","url":"https://pokeapi.co/api/v2/move/25/"},{"name":"headbutt","url":"https://pokeapi.co/api/v2/move/29/"},{"name":"horn-attack","url":"https://pokeapi.co/api/v2/move/30/"},{"name":"fury-attack","url":"https://pokeapi.co/api/v2/move/31/"},{"name":"horn-drill","url":"https://pokeapi.co/api/v2/move/32/"},{"name":"tackle","url":"https://pokeapi.co/api/v2/move/33/"},{"name":"body-slam","url":"https://pokeapi.co/api/v2/move/34/"},{"name":"wrap","url":"https://pokeapi.co/api/v2/move/35/"},{"name":"take-down","url":"https://pokeapi.co/api/v2/move/36/"},{"name":"thrash","url":"https://pokeapi.co/api/v2/move/37/"},{"name":"double-edge","url":"https://pokeapi.co/api/v2/move/38/"},{"name":"tail-whip","url":"https://pokeapi.co/api/v2/move/39/"},{"name":"leer","url":"https://pokeapi.co/api/v2/move/43/"},{"name":"growl","url":"https://pokeapi.co/api/v2/move/45/"},{"name":"roar","url":"https://pokeapi.co/api/v2/move/46/"},{"name":"sing","url":"https://pokeapi.co/api/v2/move/47/"},{"name":"supersonic","url":"https://pokeapi.co/api/v2/move/48/"},{"name":"sonic-boom","url":"https://pokeapi.co/api/v2/move/49/"},{"name":"disable","url":"https://pokeapi.co/api/v2/move/50/"},{"name":"hyper-beam","url":"https://pokeapi.co/api/v2/move/63/"},{"name":"strength","url":"https://pokeapi.co/api/v2/move/70/"},{"name":"growth","url":"https://pokeapi.co/api/v2/move/74/"},{"name":"quick-attack","url":"https://pokeapi.co/api/v2/move/98/"},{"name":"rage","url":"https://pokeapi.co/api/v2/move/99/"},{"name":"mimic","url":"https://pokeapi.co/api/v2/move/102/"},{"name":"screech","url":"https://pokeapi.co/api/v2/move/103/"},{"name":"double-team","url":"https://pokeapi.co/api/v2/move/104/"},{"name":"recover","url":"https://pokeapi.co/api/v2/move/105/"},{"name":"harden","url":"https://pokeapi.co/api/v2/move/106/"},{"name":"minimize","url":"https://pokeapi.co/api/v2/move/107/"},{"name":"smokescreen","url":"https://pokeapi.co/api/v2/move/108/"},{"name":"defense-curl","url":"https://pokeapi.co/api/v2/move/111/"},{"name":"focus-energy","url":"https://pokeapi.co/api/v2/move/116/"},{"name":"bide","url":"https://pokeapi.co/api/v2/move/117/"},{"name":"metronome","url":"https://pokeapi.co/api/v2/move/118/"},{"name":"self-destruct","url":"https://pokeapi.co/api/v2/move/120/"},{"name":"egg-bomb","url":"https://pokeapi.co/api/v2/move/121/"},{"name":"swift","url":"https://pokeapi.co/api/v2/move/129/"},{"name":"skull-bash","url":"https://pokeapi.co/api/v2/move/130/"},{"name":"spike-cannon","url":"https://pokeapi.co/api/v2/move/131/"},{"name":"constrict","url":"https://pokeapi.co/api/v2/move/132/"},{"name":"soft-boiled","url":"https://pokeapi.co/api/v2/move/135/"},{"name":"glare","url":"https://pokeapi.co/api/v2/move/137/"},{"name":"barrage","url":"https://pokeapi.co/api/v2/move/140/"},{"name":"lovely-kiss","url":"https://pokeapi.co/api/v2/move/142/"},{"name":"transform","url":"https://pokeapi.co/api/v2/move/144/"},{"name":"dizzy-punch","url":"https://pokeapi.co/api/v2/move/146/"},{"name":"flash","url":"https://pokeapi.co/api/v2/move/148/"},{"name":"splash","url":"https://pokeapi.co/api/v2/move/150/"},{"name":"explosion","url":"https://pokeapi.co/api/v2/move/153/"},{"name":"fury-swipes","url":"https://pokeapi.co/api/v2/move/154/"},{"name":"hyper-fang","url":"https://pokeapi.co/api/v2/move/158/"},{"name":"sharpen","url":"https://pokeapi.co/api/v2/move/159/"},{"name":"conversion","url":"https://pokeapi.co/api/v2/move/160/"},{"name":"tri-attack","url":"https://pokeapi.co/api/v2/move/161/"},{"name":"super-fang","url":"https://pokeapi.co/api/v2/move/162/"},{"name":"slash","url":"https://pokeapi.co/api/v2/move/163/"},{"name":"substitute","url":"https://pokeapi.co/api/v2/move/164/"},{"name":"struggle","url":"https://pokeapi.co/api/v2/move/165/"},{"name":"sketch","url":"https://pokeapi.co/api/v2/move/166/"},{"name":"mind-reader","url":"https://pokeapi.co/api/v2/move/170/"},{"name":"snore","url":"https://pokeapi.co/api/v2/move/173/"},{"name":"flail","url":"https://pokeapi.co/api/v2/move/175/"},{"name":"conversion-2","url":"https://pokeapi.co/api/v2/move/176/"},{"name":"protect","url":"https://pokeapi.co/api/v2/move/182/"},{"name":"scary-face","url":"https://pokeapi.co/api/v2/move/184/"},{"name":"belly-drum","url":"https://pokeapi.co/api/v2/move/187/"},{"name":"foresight","url":"https://pokeapi.co/api/v2/move/193/"},{"name":"perish-song","url":"https://pokeapi.co/api/v2/move/195/"},{"name":"lock-on","url":"https://pokeapi.co/api/v2/move/199/"},{"name":"endure","url":"https://pokeapi.co/api/v2/move/203/"},{"name":"false-swipe","url":"https://pokeapi.co/api/v2/move/206/"},{"name":"swagger","url":"https://pokeapi.co/api/v2/move/207/"},{"name":"milk-drink","url":"https://pokeapi.co/api/v2/move/208/"},{"name":"mean-look","url":"https://pokeapi.co/api/v2/move/212/"},{"name":"attract","url":"https://pokeapi.co/api/v2/move/213/"},{"name":"sleep-talk","url":"https://pokeapi.co/api/v2/move/214/"},{"name":"heal-bell","url":"https://pokeapi.co/api/v2/move/215/"},{"name":"return","url":"https://pokeapi.co/api/v2/move/216/"},{"name":"present","url":"https://pokeapi.co/api/v2/move/217/"},{"name":"frustration","url":"https://pokeapi.co/api/v2/move/218/"},{"name":"safeguard","url":"https://pokeapi.co/api/v2/move/219/"},{"name":"pain-split","url":"https://pokeapi.co/api/v2/move/220/"},{"name":"baton-pass","url":"https://pokeapi.co/api/v2/move/226/"},{"name":"encore","url":"https://pokeapi.co/api/v2/move/227/"},{"name":"rapid-spin","url":"https://pokeapi.co/api/v2/move/229/"},{"name":"sweet-scent","url":"https://pokeapi.co/api/v2/move/230/"},{"name":"morning-sun","url":"https://pokeapi.co/api/v2/move/234/"},{"name":"hidden-power","url":"https://pokeapi.co/api/v2/move/237/"},{"name":"psych-up","url":"https://pokeapi.co/api/v2/move/244/"},{"name":"extreme-speed","url":"https://pokeapi.co/api/v2/move/245/"},{"name":"fake-out","url":"https://pokeapi.co/api/v2/move/252/"},{"name":"uproar","url":"https://pokeapi.co/api/v2/move/253/"},{"name":"stockpile","url":"https://pokeapi.co/api/v2/move/254/"},{"name":"spit-up","url":"https://pokeapi.co/api/v2/move/255/"},{"name":"swallow","url":"https://pokeapi.co/api/v2/move/256/"},{"name":"facade","url":"https://pokeapi.co/api/v2/move/263/"},{"name":"smelling-salts","url":"https://pokeapi.co/api/v2/move/265/"},{"name":"follow-me","url":"https://pokeapi.co/api/v2/move/266/"},{"name":"nature-power","url":"https://pokeapi.co/api/v2/move/267/"},{"name":"helping-hand","url":"https://pokeapi.co/api/v2/move/270/"},{"name":"wish","url":"https://pokeapi.co/api/v2/move/273/"},{"name":"assist","url":"https://pokeapi.co/api/v2/move/274/"},{"name":"recycle","url":"https://pokeapi.co/api/v2/move/278/"},{"name":"yawn","url":"https://pokeapi.co/api/v2/move/281/"},{"name":"endeavor","url":"https://pokeapi.co/api/v2/move/283/"},{"name":"refresh","url":"https://pokeapi.co/api/v2/move/287/"},{"name":"secret-power","url":"https://pokeapi.co/api/v2/move/290/"},{"name":"camouflage","url":"https://pokeapi.co/api/v2/move/293/"},{"name":"teeter-dance","url":"https://pokeapi.co/api/v2/move/298/"},{"name":"slack-off","url":"https://pokeapi.co/api/v2/move/303/"},{"name":"hyper-voice","url":"https://pokeapi.co/api/v2/move/304/"},{"name":"crush-claw","url":"https://pokeapi.co/api/v2/move/306/"},{"name":"weather-ball","url":"https://pokeapi.co/api/v2/move/311/"},{"name":"odor-sleuth","url":"https://pokeapi.co/api/v2/move/316/"},{"name":"tickle","url":"https://pokeapi.co/api/v2/move/321/"},{"name":"block","url":"https://pokeapi.co/api/v2/move/335/"},{"name":"howl","url":"https://pokeapi.co/api/v2/move/336/"},{"name":"covet","url":"https://pokeapi.co/api/v2/move/343/"},{"name":"natural-gift","url":"https://pokeapi.co/api/v2/move/363/"},{"name":"feint","url":"https://pokeapi.co/api/v2/move/364/"},{"name":"acup... (set the log level to DEBUG or TRACE to see the full content) 
 </msg>
<msg time="2026-05-18T21:30:49.303827" level="INFO">${response} = &lt;Response [200]&gt;</msg>
<var>${response}</var>
<arg>pokeapi</arg>
<arg>${TYPE_API}/${type_name}</arg>
<arg>expected_status=any</arg>
<doc>Sends a GET request on a previously created HTTP Session.</doc>
<status status="PASS" start="2026-05-18T21:30:49.291499" elapsed="0.012350"/>
</kw>
<return>
<value>${response}</value>
<status status="PASS" start="2026-05-18T21:30:49.303896" elapsed="0.000036"/>
</return>
<msg time="2026-05-18T21:30:49.304057" level="INFO">${response} = &lt;Response [200]&gt;</msg>
<var>${response}</var>
<arg>normal</arg>
<doc>Fetches Type data from PokeAPI by name
and returns the full response object.</doc>
<status status="PASS" start="2026-05-18T21:30:49.291267" elapsed="0.012812"/>
</kw>
<kw name="Type Should Be Immune To" owner="type_keywords">
<kw name="Is Immune To" owner="type_library">
<arg>${response}</arg>
<arg>${type_name}</arg>
<status status="PASS" start="2026-05-18T21:30:49.304407" elapsed="0.000542"/>
</kw>
<arg>${response}</arg>
<arg>ghost</arg>
<doc>Verifies that a type is immune to another type
by checking the "no_damage_from" field from the response type.</doc>
<status status="PASS" start="2026-05-18T21:30:49.304198" elapsed="0.000799"/>
</kw>
<kw name="Sleep" owner="BuiltIn" type="TEARDOWN">
<msg time="2026-05-18T21:30:49.505518" level="INFO">Slept 200 milliseconds.</msg>
<arg>0.2</arg>
<doc>Pauses the test executed for the given time.</doc>
<status status="PASS" start="2026-05-18T21:30:49.305163" elapsed="0.200461"/>
</kw>
<doc>Given the PokeAPI is available
When we request Normal type
Then Normal should be immune to Ghost (Ghost moves have no effect on Normal)</doc>
<status status="PASS" start="2026-05-18T21:30:49.290718" elapsed="0.214970"/>
</test>
<doc>Pokemon Type Test Suite
Includes tests for validating the type of a Pokemon.</doc>
<status status="PASS" start="2026-05-18T21:30:47.301168" elapsed="2.204982"/>
</suite>
<status status="PASS" start="2026-05-18T21:30:47.300116" elapsed="2.206646"/>
</suite>
<status status="PASS" start="2026-05-18T21:30:43.532322" elapsed="5.974965"/>
</suite>
<statistics>
<total>
<stat pass="22" fail="0" skip="0">All Tests</stat>
</total>
<tag>
</tag>
<suite>
<stat name="Tests" id="s1" pass="22" fail="0" skip="0">Tests</stat>
<stat name="Pokemon" id="s1-s1" pass="9" fail="0" skip="0">Tests.Pokemon</stat>
<stat name="Pokemon Lookup" id="s1-s1-s1" pass="4" fail="0" skip="0">Tests.Pokemon.Pokemon Lookup</stat>
<stat name="Pokemon Type" id="s1-s1-s2" pass="5" fail="0" skip="0">Tests.Pokemon.Pokemon Type</stat>
<stat name="Schema" id="s1-s2" pass="3" fail="0" skip="0">Tests.Schema</stat>
<stat name="Schema Validation" id="s1-s2-s1" pass="3" fail="0" skip="0">Tests.Schema.Schema Validation</stat>
<stat name="Types" id="s1-s3" pass="10" fail="0" skip="0">Tests.Types</stat>
<stat name="Type Relationship" id="s1-s3-s1" pass="10" fail="0" skip="0">Tests.Types.Type Relationship</stat>
</suite>
</statistics>
<errors>
</errors>
</robot>
